[0.033s] Invoking command in '/home/eeiww/ud90uhak/arduinobot_ws/build/arduinobot_bringup': CMAKE_PREFIX_PATH=${CMAKE_PREFIX_PATH}:/opt/ros/jazzy DEBUGINFOD_URLS=https://debuginfod.ubuntu.com /usr/bin/cmake /home/eeiww/ud90uhak/arduinobot_ws/src/arduinobot_bringup -DCMAKE_INSTALL_PREFIX=/home/eeiww/ud90uhak/arduinobot_ws/install/arduinobot_bringup
[0.222s] -- The C compiler identification is GNU 13.3.0
[0.363s] -- The CXX compiler identification is GNU 13.3.0
[0.390s] -- Detecting C compiler ABI info
[0.635s] -- Detecting C compiler ABI info - done
[0.646s] -- Check for working C compiler: /usr/bin/cc - skipped
[0.646s] -- Detecting C compile features
[0.647s] -- Detecting C compile features - done
[0.670s] -- Detecting CXX compiler ABI info
[0.912s] -- Detecting CXX compiler ABI info - done
[0.923s] -- Check for working CXX compiler: /usr/bin/c++ - skipped
[0.923s] -- Detecting CXX compile features
[0.924s] -- Detecting CXX compile features - done
[0.957s] -- Found ament_cmake: 2.5.3 (/opt/ros/jazzy/share/ament_cmake/cmake)
[1.100s] -- Found Python3: /usr/bin/python3 (found version "3.12.3") found components: Interpreter 
[1.320s] -- Found ament_lint_auto: 0.17.1 (/opt/ros/jazzy/share/ament_lint_auto/cmake)
[1.547s] -- Added test 'lint_cmake' to check CMake code style
[1.575s] -- Added test 'xmllint' to check XML markup files
[1.614s] -- Configuring done (1.5s)
[1.752s] -- Generating done (0.1s)
[1.814s] -- Build files have been written to: /home/eeiww/ud90uhak/arduinobot_ws/build/arduinobot_bringup
[1.818s] Invoked command in '/home/eeiww/ud90uhak/arduinobot_ws/build/arduinobot_bringup' returned '0': CMAKE_PREFIX_PATH=${CMAKE_PREFIX_PATH}:/opt/ros/jazzy DEBUGINFOD_URLS=https://debuginfod.ubuntu.com /usr/bin/cmake /home/eeiww/ud90uhak/arduinobot_ws/src/arduinobot_bringup -DCMAKE_INSTALL_PREFIX=/home/eeiww/ud90uhak/arduinobot_ws/install/arduinobot_bringup
[1.820s] Invoking command in '/home/eeiww/ud90uhak/arduinobot_ws/build/arduinobot_bringup': CMAKE_PREFIX_PATH=${CMAKE_PREFIX_PATH}:/opt/ros/jazzy DEBUGINFOD_URLS=https://debuginfod.ubuntu.com /usr/bin/cmake --build /home/eeiww/ud90uhak/arduinobot_ws/build/arduinobot_bringup -- -j8 -l8
[1.871s] Invoked command in '/home/eeiww/ud90uhak/arduinobot_ws/build/arduinobot_bringup' returned '0': CMAKE_PREFIX_PATH=${CMAKE_PREFIX_PATH}:/opt/ros/jazzy DEBUGINFOD_URLS=https://debuginfod.ubuntu.com /usr/bin/cmake --build /home/eeiww/ud90uhak/arduinobot_ws/build/arduinobot_bringup -- -j8 -l8
[1.886s] Invoking command in '/home/eeiww/ud90uhak/arduinobot_ws/build/arduinobot_bringup': CMAKE_PREFIX_PATH=${CMAKE_PREFIX_PATH}:/opt/ros/jazzy DEBUGINFOD_URLS=https://debuginfod.ubuntu.com /usr/bin/cmake --install /home/eeiww/ud90uhak/arduinobot_ws/build/arduinobot_bringup
[1.896s] -- Install configuration: ""
[1.905s] -- Installing: /home/eeiww/ud90uhak/arduinobot_ws/install/arduinobot_bringup/share/ament_index/resource_index/package_run_dependencies/arduinobot_bringup
[1.920s] -- Installing: /home/eeiww/ud90uhak/arduinobot_ws/install/arduinobot_bringup/share/ament_index/resource_index/parent_prefix_path/arduinobot_bringup
[1.933s] -- Installing: /home/eeiww/ud90uhak/arduinobot_ws/install/arduinobot_bringup/share/arduinobot_bringup/environment/ament_prefix_path.sh
[1.940s] -- Installing: /home/eeiww/ud90uhak/arduinobot_ws/install/arduinobot_bringup/share/arduinobot_bringup/environment/ament_prefix_path.dsv
[1.949s] -- Installing: /home/eeiww/ud90uhak/arduinobot_ws/install/arduinobot_bringup/share/arduinobot_bringup/environment/path.sh
[1.955s] -- Installing: /home/eeiww/ud90uhak/arduinobot_ws/install/arduinobot_bringup/share/arduinobot_bringup/environment/path.dsv
[1.963s] -- Installing: /home/eeiww/ud90uhak/arduinobot_ws/install/arduinobot_bringup/share/arduinobot_bringup/local_setup.bash
[1.971s] -- Installing: /home/eeiww/ud90uhak/arduinobot_ws/install/arduinobot_bringup/share/arduinobot_bringup/local_setup.sh
[1.980s] -- Installing: /home/eeiww/ud90uhak/arduinobot_ws/install/arduinobot_bringup/share/arduinobot_bringup/local_setup.zsh
[1.987s] -- Installing: /home/eeiww/ud90uhak/arduinobot_ws/install/arduinobot_bringup/share/arduinobot_bringup/local_setup.dsv
[1.993s] -- Installing: /home/eeiww/ud90uhak/arduinobot_ws/install/arduinobot_bringup/share/arduinobot_bringup/package.dsv
[2.003s] -- Installing: /home/eeiww/ud90uhak/arduinobot_ws/install/arduinobot_bringup/share/ament_index/resource_index/packages/arduinobot_bringup
[2.011s] -- Installing: /home/eeiww/ud90uhak/arduinobot_ws/install/arduinobot_bringup/share/arduinobot_bringup/cmake/arduinobot_bringupConfig.cmake
[2.017s] -- Installing: /home/eeiww/ud90uhak/arduinobot_ws/install/arduinobot_bringup/share/arduinobot_bringup/cmake/arduinobot_bringupConfig-version.cmake
[2.025s] -- Installing: /home/eeiww/ud90uhak/arduinobot_ws/install/arduinobot_bringup/share/arduinobot_bringup/package.xml
[2.032s] Invoked command in '/home/eeiww/ud90uhak/arduinobot_ws/build/arduinobot_bringup' returned '0': CMAKE_PREFIX_PATH=${CMAKE_PREFIX_PATH}:/opt/ros/jazzy DEBUGINFOD_URLS=https://debuginfod.ubuntu.com /usr/bin/cmake --install /home/eeiww/ud90uhak/arduinobot_ws/build/arduinobot_bringup
