[0.080s] Invoking command in '/home/eeiww/ud90uhak/arduinobot_ws/src/build/arduinobot_py_examples': CMAKE_PREFIX_PATH=${CMAKE_PREFIX_PATH}:/opt/ros/jazzy DEBUGINFOD_URLS=https://debuginfod.ubuntu.com /usr/bin/cmake --build /home/eeiww/ud90uhak/arduinobot_ws/src/build/arduinobot_py_examples -- -j8 -l8
[0.144s] Invoked command in '/home/eeiww/ud90uhak/arduinobot_ws/src/build/arduinobot_py_examples' returned '0': CMAKE_PREFIX_PATH=${CMAKE_PREFIX_PATH}:/opt/ros/jazzy DEBUGINFOD_URLS=https://debuginfod.ubuntu.com /usr/bin/cmake --build /home/eeiww/ud90uhak/arduinobot_ws/src/build/arduinobot_py_examples -- -j8 -l8
[0.148s] Invoking command in '/home/eeiww/ud90uhak/arduinobot_ws/src/build/arduinobot_py_examples': CMAKE_PREFIX_PATH=${CMAKE_PREFIX_PATH}:/opt/ros/jazzy DEBUGINFOD_URLS=https://debuginfod.ubuntu.com /usr/bin/cmake --install /home/eeiww/ud90uhak/arduinobot_ws/src/build/arduinobot_py_examples
[0.165s] -- Install configuration: ""
[0.166s] -- Up-to-date: /home/eeiww/ud90uhak/arduinobot_ws/src/install/arduinobot_py_examples/share/ament_index/resource_index/package_run_dependencies/arduinobot_py_examples
[0.168s] -- Up-to-date: /home/eeiww/ud90uhak/arduinobot_ws/src/install/arduinobot_py_examples/share/ament_index/resource_index/parent_prefix_path/arduinobot_py_examples
[0.169s] -- Up-to-date: /home/eeiww/ud90uhak/arduinobot_ws/src/install/arduinobot_py_examples/share/arduinobot_py_examples/environment/ament_prefix_path.sh
[0.170s] -- Up-to-date: /home/eeiww/ud90uhak/arduinobot_ws/src/install/arduinobot_py_examples/share/arduinobot_py_examples/environment/ament_prefix_path.dsv
[0.171s] -- Up-to-date: /home/eeiww/ud90uhak/arduinobot_ws/src/install/arduinobot_py_examples/share/arduinobot_py_examples/environment/path.sh
[0.171s] -- Up-to-date: /home/eeiww/ud90uhak/arduinobot_ws/src/install/arduinobot_py_examples/share/arduinobot_py_examples/environment/path.dsv
[0.172s] -- Up-to-date: /home/eeiww/ud90uhak/arduinobot_ws/src/install/arduinobot_py_examples/share/arduinobot_py_examples/local_setup.bash
[0.173s] -- Up-to-date: /home/eeiww/ud90uhak/arduinobot_ws/src/install/arduinobot_py_examples/share/arduinobot_py_examples/local_setup.sh
[0.175s] -- Up-to-date: /home/eeiww/ud90uhak/arduinobot_ws/src/install/arduinobot_py_examples/share/arduinobot_py_examples/local_setup.zsh
[0.175s] -- Up-to-date: /home/eeiww/ud90uhak/arduinobot_ws/src/install/arduinobot_py_examples/share/arduinobot_py_examples/local_setup.dsv
[0.176s] -- Installing: /home/eeiww/ud90uhak/arduinobot_ws/src/install/arduinobot_py_examples/share/arduinobot_py_examples/package.dsv
[0.182s] -- Up-to-date: /home/eeiww/ud90uhak/arduinobot_ws/src/install/arduinobot_py_examples/share/ament_index/resource_index/packages/arduinobot_py_examples
[0.183s] -- Up-to-date: /home/eeiww/ud90uhak/arduinobot_ws/src/install/arduinobot_py_examples/share/arduinobot_py_examples/cmake/arduinobot_py_examplesConfig.cmake
[0.184s] -- Up-to-date: /home/eeiww/ud90uhak/arduinobot_ws/src/install/arduinobot_py_examples/share/arduinobot_py_examples/cmake/arduinobot_py_examplesConfig-version.cmake
[0.185s] -- Up-to-date: /home/eeiww/ud90uhak/arduinobot_ws/src/install/arduinobot_py_examples/share/arduinobot_py_examples/package.xml
[0.439s] Invoked command in '/home/eeiww/ud90uhak/arduinobot_ws/src/build/arduinobot_py_examples' returned '0': CMAKE_PREFIX_PATH=${CMAKE_PREFIX_PATH}:/opt/ros/jazzy DEBUGINFOD_URLS=https://debuginfod.ubuntu.com /usr/bin/cmake --install /home/eeiww/ud90uhak/arduinobot_ws/src/build/arduinobot_py_examples
