[0.106s] DEBUG:colcon:Command line arguments: ['/usr/bin/colcon', 'build']
[0.107s] DEBUG:colcon:Parsed command line arguments: Namespace(log_base=None, log_level=None, verb_name='build', build_base='build', install_base='install', merge_install=False, symlink_install=False, test_result_base=None, continue_on_error=False, executor='parallel', parallel_workers=8, event_handlers=None, ignore_user_meta=False, metas=['./colcon.meta'], base_paths=['.'], packages_ignore=None, packages_ignore_regex=None, paths=None, packages_up_to=None, packages_up_to_regex=None, packages_above=None, packages_above_and_dependencies=None, packages_above_depth=None, packages_select_by_dep=None, packages_skip_by_dep=None, packages_skip_up_to=None, packages_select_build_failed=False, packages_skip_build_finished=False, packages_select_test_failures=False, packages_skip_test_passed=False, packages_select=None, packages_skip=None, packages_select_regex=None, packages_skip_regex=None, packages_start=None, packages_end=None, allow_overriding=[], cmake_args=None, cmake_target=None, cmake_target_skip_unavailable=False, cmake_clean_cache=False, cmake_clean_first=False, cmake_force_configure=False, ament_cmake_args=None, catkin_cmake_args=None, catkin_skip_building_tests=False, mixin_files=None, mixin=None, verb_parser=<colcon_mixin.mixin.mixin_argument.MixinArgumentDecorator object at 0x753b80cf3e30>, verb_extension=<colcon_core.verb.build.BuildVerb object at 0x753b80c89d00>, main=<bound method BuildVerb.main of <colcon_core.verb.build.BuildVerb object at 0x753b80c89d00>>, mixin_verb=('build',))
[0.137s] Level 1:colcon.colcon_core.package_discovery:discover_packages(colcon_meta) check parameters
[0.137s] Level 1:colcon.colcon_core.package_discovery:discover_packages(recursive) check parameters
[0.137s] Level 1:colcon.colcon_core.package_discovery:discover_packages(ignore) check parameters
[0.138s] Level 1:colcon.colcon_core.package_discovery:discover_packages(path) check parameters
[0.138s] Level 1:colcon.colcon_core.package_discovery:discover_packages(colcon_meta) discover
[0.139s] Level 1:colcon.colcon_core.package_discovery:discover_packages(recursive) discover
[0.139s] INFO:colcon.colcon_core.package_discovery:Crawling recursively for packages in '/home/eeiww/ud90uhak/arduinobot_ws/src'
[0.141s] Level 1:colcon.colcon_core.package_identification:_identify(.) by extensions ['ignore', 'ignore_ament_install']
[0.141s] Level 1:colcon.colcon_core.package_identification:_identify(.) by extension 'ignore'
[0.141s] Level 1:colcon.colcon_core.package_identification:_identify(.) by extension 'ignore_ament_install'
[0.142s] Level 1:colcon.colcon_core.package_identification:_identify(.) by extensions ['colcon_pkg']
[0.143s] Level 1:colcon.colcon_core.package_identification:_identify(.) by extension 'colcon_pkg'
[0.143s] Level 1:colcon.colcon_core.package_identification:_identify(.) by extensions ['colcon_meta']
[0.143s] Level 1:colcon.colcon_core.package_identification:_identify(.) by extension 'colcon_meta'
[0.143s] Level 1:colcon.colcon_core.package_identification:_identify(.) by extensions ['ros']
[0.143s] Level 1:colcon.colcon_core.package_identification:_identify(.) by extension 'ros'
[0.163s] Level 1:colcon.colcon_core.package_identification:_identify(.) by extensions ['cmake', 'python']
[0.164s] Level 1:colcon.colcon_core.package_identification:_identify(.) by extension 'cmake'
[0.164s] Level 1:colcon.colcon_core.package_identification:_identify(.) by extension 'python'
[0.164s] Level 1:colcon.colcon_core.package_identification:_identify(.) by extensions ['python_setup_py']
[0.165s] Level 1:colcon.colcon_core.package_identification:_identify(.) by extension 'python_setup_py'
[0.167s] Level 1:colcon.colcon_core.package_identification:_identify(arduinobot_bringup) by extensions ['ignore', 'ignore_ament_install']
[0.167s] Level 1:colcon.colcon_core.package_identification:_identify(arduinobot_bringup) by extension 'ignore'
[0.168s] Level 1:colcon.colcon_core.package_identification:_identify(arduinobot_bringup) by extension 'ignore_ament_install'
[0.168s] Level 1:colcon.colcon_core.package_identification:_identify(arduinobot_bringup) by extensions ['colcon_pkg']
[0.168s] Level 1:colcon.colcon_core.package_identification:_identify(arduinobot_bringup) by extension 'colcon_pkg'
[0.168s] Level 1:colcon.colcon_core.package_identification:_identify(arduinobot_bringup) by extensions ['colcon_meta']
[0.168s] Level 1:colcon.colcon_core.package_identification:_identify(arduinobot_bringup) by extension 'colcon_meta'
[0.168s] Level 1:colcon.colcon_core.package_identification:_identify(arduinobot_bringup) by extensions ['ros']
[0.168s] Level 1:colcon.colcon_core.package_identification:_identify(arduinobot_bringup) by extension 'ros'
[0.170s] DEBUG:colcon.colcon_core.package_identification:Package 'arduinobot_bringup' with type 'ros.ament_cmake' and name 'arduinobot_bringup'
[0.171s] Level 1:colcon.colcon_core.package_identification:_identify(arduinobot_controller) by extensions ['ignore', 'ignore_ament_install']
[0.171s] Level 1:colcon.colcon_core.package_identification:_identify(arduinobot_controller) by extension 'ignore'
[0.171s] Level 1:colcon.colcon_core.package_identification:_identify(arduinobot_controller) by extension 'ignore_ament_install'
[0.172s] Level 1:colcon.colcon_core.package_identification:_identify(arduinobot_controller) by extensions ['colcon_pkg']
[0.172s] Level 1:colcon.colcon_core.package_identification:_identify(arduinobot_controller) by extension 'colcon_pkg'
[0.172s] Level 1:colcon.colcon_core.package_identification:_identify(arduinobot_controller) by extensions ['colcon_meta']
[0.173s] Level 1:colcon.colcon_core.package_identification:_identify(arduinobot_controller) by extension 'colcon_meta'
[0.173s] Level 1:colcon.colcon_core.package_identification:_identify(arduinobot_controller) by extensions ['ros']
[0.173s] Level 1:colcon.colcon_core.package_identification:_identify(arduinobot_controller) by extension 'ros'
[0.174s] DEBUG:colcon.colcon_core.package_identification:Package 'arduinobot_controller' with type 'ros.ament_cmake' and name 'arduinobot_controller'
[0.175s] Level 1:colcon.colcon_core.package_identification:_identify(arduinobot_cpp_examples) by extensions ['ignore', 'ignore_ament_install']
[0.175s] Level 1:colcon.colcon_core.package_identification:_identify(arduinobot_cpp_examples) by extension 'ignore'
[0.175s] Level 1:colcon.colcon_core.package_identification:_identify(arduinobot_cpp_examples) by extension 'ignore_ament_install'
[0.176s] Level 1:colcon.colcon_core.package_identification:_identify(arduinobot_cpp_examples) by extensions ['colcon_pkg']
[0.176s] Level 1:colcon.colcon_core.package_identification:_identify(arduinobot_cpp_examples) by extension 'colcon_pkg'
[0.177s] Level 1:colcon.colcon_core.package_identification:_identify(arduinobot_cpp_examples) by extensions ['colcon_meta']
[0.178s] Level 1:colcon.colcon_core.package_identification:_identify(arduinobot_cpp_examples) by extension 'colcon_meta'
[0.178s] Level 1:colcon.colcon_core.package_identification:_identify(arduinobot_cpp_examples) by extensions ['ros']
[0.179s] Level 1:colcon.colcon_core.package_identification:_identify(arduinobot_cpp_examples) by extension 'ros'
[0.179s] DEBUG:colcon.colcon_core.package_identification:Package 'arduinobot_cpp_examples' with type 'ros.ament_cmake' and name 'arduinobot_cpp_examples'
[0.180s] Level 1:colcon.colcon_core.package_identification:_identify(arduinobot_description) by extensions ['ignore', 'ignore_ament_install']
[0.180s] Level 1:colcon.colcon_core.package_identification:_identify(arduinobot_description) by extension 'ignore'
[0.181s] Level 1:colcon.colcon_core.package_identification:_identify(arduinobot_description) by extension 'ignore_ament_install'
[0.181s] Level 1:colcon.colcon_core.package_identification:_identify(arduinobot_description) by extensions ['colcon_pkg']
[0.182s] Level 1:colcon.colcon_core.package_identification:_identify(arduinobot_description) by extension 'colcon_pkg'
[0.182s] Level 1:colcon.colcon_core.package_identification:_identify(arduinobot_description) by extensions ['colcon_meta']
[0.182s] Level 1:colcon.colcon_core.package_identification:_identify(arduinobot_description) by extension 'colcon_meta'
[0.182s] Level 1:colcon.colcon_core.package_identification:_identify(arduinobot_description) by extensions ['ros']
[0.182s] Level 1:colcon.colcon_core.package_identification:_identify(arduinobot_description) by extension 'ros'
[0.183s] DEBUG:colcon.colcon_core.package_identification:Package 'arduinobot_description' with type 'ros.ament_cmake' and name 'arduinobot_description'
[0.184s] Level 1:colcon.colcon_core.package_identification:_identify(arduinobot_firmware) by extensions ['ignore', 'ignore_ament_install']
[0.184s] Level 1:colcon.colcon_core.package_identification:_identify(arduinobot_firmware) by extension 'ignore'
[0.184s] Level 1:colcon.colcon_core.package_identification:_identify(arduinobot_firmware) by extension 'ignore_ament_install'
[0.184s] Level 1:colcon.colcon_core.package_identification:_identify(arduinobot_firmware) by extensions ['colcon_pkg']
[0.184s] Level 1:colcon.colcon_core.package_identification:_identify(arduinobot_firmware) by extension 'colcon_pkg'
[0.185s] Level 1:colcon.colcon_core.package_identification:_identify(arduinobot_firmware) by extensions ['colcon_meta']
[0.185s] Level 1:colcon.colcon_core.package_identification:_identify(arduinobot_firmware) by extension 'colcon_meta'
[0.185s] Level 1:colcon.colcon_core.package_identification:_identify(arduinobot_firmware) by extensions ['ros']
[0.186s] Level 1:colcon.colcon_core.package_identification:_identify(arduinobot_firmware) by extension 'ros'
[0.186s] DEBUG:colcon.colcon_core.package_identification:Package 'arduinobot_firmware' with type 'ros.ament_cmake' and name 'arduinobot_firmware'
[0.188s] Level 1:colcon.colcon_core.package_identification:_identify(arduinobot_moveit) by extensions ['ignore', 'ignore_ament_install']
[0.188s] Level 1:colcon.colcon_core.package_identification:_identify(arduinobot_moveit) by extension 'ignore'
[0.188s] Level 1:colcon.colcon_core.package_identification:_identify(arduinobot_moveit) by extension 'ignore_ament_install'
[0.189s] Level 1:colcon.colcon_core.package_identification:_identify(arduinobot_moveit) by extensions ['colcon_pkg']
[0.189s] Level 1:colcon.colcon_core.package_identification:_identify(arduinobot_moveit) by extension 'colcon_pkg'
[0.190s] Level 1:colcon.colcon_core.package_identification:_identify(arduinobot_moveit) by extensions ['colcon_meta']
[0.190s] Level 1:colcon.colcon_core.package_identification:_identify(arduinobot_moveit) by extension 'colcon_meta'
[0.190s] Level 1:colcon.colcon_core.package_identification:_identify(arduinobot_moveit) by extensions ['ros']
[0.191s] Level 1:colcon.colcon_core.package_identification:_identify(arduinobot_moveit) by extension 'ros'
[0.193s] DEBUG:colcon.colcon_core.package_identification:Package 'arduinobot_moveit' with type 'ros.ament_cmake' and name 'arduinobot_moveit'
[0.195s] Level 1:colcon.colcon_core.package_identification:_identify(build) by extensions ['ignore', 'ignore_ament_install']
[0.195s] Level 1:colcon.colcon_core.package_identification:_identify(build) by extension 'ignore'
[0.195s] Level 1:colcon.colcon_core.package_identification:_identify(build) ignored
[0.199s] Level 1:colcon.colcon_core.package_identification:_identify(install) by extensions ['ignore', 'ignore_ament_install']
[0.199s] Level 1:colcon.colcon_core.package_identification:_identify(install) by extension 'ignore'
[0.199s] Level 1:colcon.colcon_core.package_identification:_identify(install) ignored
[0.201s] Level 1:colcon.colcon_core.package_identification:_identify(log) by extensions ['ignore', 'ignore_ament_install']
[0.202s] Level 1:colcon.colcon_core.package_identification:_identify(log) by extension 'ignore'
[0.202s] Level 1:colcon.colcon_core.package_identification:_identify(log) ignored
[0.203s] Level 1:colcon.colcon_core.package_discovery:discover_packages(recursive) using defaults
[0.204s] Level 1:colcon.colcon_core.package_discovery:discover_packages(ignore) discover
[0.204s] Level 1:colcon.colcon_core.package_discovery:discover_packages(ignore) using defaults
[0.205s] Level 1:colcon.colcon_core.package_discovery:discover_packages(path) discover
[0.205s] Level 1:colcon.colcon_core.package_discovery:discover_packages(path) using defaults
[0.219s] Level 1:colcon.colcon_core.package_discovery:discover_packages(prefix_path) check parameters
[0.219s] Level 1:colcon.colcon_core.package_discovery:discover_packages(prefix_path) discover
[0.221s] DEBUG:colcon.colcon_installed_package_information.package_discovery:Found 337 installed packages in /opt/ros/jazzy
[0.222s] Level 1:colcon.colcon_core.package_discovery:discover_packages(prefix_path) using defaults
[0.262s] Level 5:colcon.colcon_core.verb:set package 'arduinobot_controller' build argument 'cmake_args' from command line to 'None'
[0.262s] Level 5:colcon.colcon_core.verb:set package 'arduinobot_controller' build argument 'cmake_target' from command line to 'None'
[0.262s] Level 5:colcon.colcon_core.verb:set package 'arduinobot_controller' build argument 'cmake_target_skip_unavailable' from command line to 'False'
[0.262s] Level 5:colcon.colcon_core.verb:set package 'arduinobot_controller' build argument 'cmake_clean_cache' from command line to 'False'
[0.262s] Level 5:colcon.colcon_core.verb:set package 'arduinobot_controller' build argument 'cmake_clean_first' from command line to 'False'
[0.263s] Level 5:colcon.colcon_core.verb:set package 'arduinobot_controller' build argument 'cmake_force_configure' from command line to 'False'
[0.263s] Level 5:colcon.colcon_core.verb:set package 'arduinobot_controller' build argument 'ament_cmake_args' from command line to 'None'
[0.263s] Level 5:colcon.colcon_core.verb:set package 'arduinobot_controller' build argument 'catkin_cmake_args' from command line to 'None'
[0.264s] Level 5:colcon.colcon_core.verb:set package 'arduinobot_controller' build argument 'catkin_skip_building_tests' from command line to 'False'
[0.264s] DEBUG:colcon.colcon_core.verb:Building package 'arduinobot_controller' with the following arguments: {'ament_cmake_args': None, 'build_base': '/home/eeiww/ud90uhak/arduinobot_ws/src/build/arduinobot_controller', 'catkin_cmake_args': None, 'catkin_skip_building_tests': False, 'cmake_args': None, 'cmake_clean_cache': False, 'cmake_clean_first': False, 'cmake_force_configure': False, 'cmake_target': None, 'cmake_target_skip_unavailable': False, 'install_base': '/home/eeiww/ud90uhak/arduinobot_ws/src/install/arduinobot_controller', 'merge_install': False, 'path': '/home/eeiww/ud90uhak/arduinobot_ws/src/arduinobot_controller', 'symlink_install': False, 'test_result_base': None}
[0.265s] Level 5:colcon.colcon_core.verb:set package 'arduinobot_cpp_examples' build argument 'cmake_args' from command line to 'None'
[0.265s] Level 5:colcon.colcon_core.verb:set package 'arduinobot_cpp_examples' build argument 'cmake_target' from command line to 'None'
[0.265s] Level 5:colcon.colcon_core.verb:set package 'arduinobot_cpp_examples' build argument 'cmake_target_skip_unavailable' from command line to 'False'
[0.265s] Level 5:colcon.colcon_core.verb:set package 'arduinobot_cpp_examples' build argument 'cmake_clean_cache' from command line to 'False'
[0.266s] Level 5:colcon.colcon_core.verb:set package 'arduinobot_cpp_examples' build argument 'cmake_clean_first' from command line to 'False'
[0.266s] Level 5:colcon.colcon_core.verb:set package 'arduinobot_cpp_examples' build argument 'cmake_force_configure' from command line to 'False'
[0.267s] Level 5:colcon.colcon_core.verb:set package 'arduinobot_cpp_examples' build argument 'ament_cmake_args' from command line to 'None'
[0.268s] Level 5:colcon.colcon_core.verb:set package 'arduinobot_cpp_examples' build argument 'catkin_cmake_args' from command line to 'None'
[0.268s] Level 5:colcon.colcon_core.verb:set package 'arduinobot_cpp_examples' build argument 'catkin_skip_building_tests' from command line to 'False'
[0.268s] DEBUG:colcon.colcon_core.verb:Building package 'arduinobot_cpp_examples' with the following arguments: {'ament_cmake_args': None, 'build_base': '/home/eeiww/ud90uhak/arduinobot_ws/src/build/arduinobot_cpp_examples', 'catkin_cmake_args': None, 'catkin_skip_building_tests': False, 'cmake_args': None, 'cmake_clean_cache': False, 'cmake_clean_first': False, 'cmake_force_configure': False, 'cmake_target': None, 'cmake_target_skip_unavailable': False, 'install_base': '/home/eeiww/ud90uhak/arduinobot_ws/src/install/arduinobot_cpp_examples', 'merge_install': False, 'path': '/home/eeiww/ud90uhak/arduinobot_ws/src/arduinobot_cpp_examples', 'symlink_install': False, 'test_result_base': None}
[0.269s] Level 5:colcon.colcon_core.verb:set package 'arduinobot_description' build argument 'cmake_args' from command line to 'None'
[0.269s] Level 5:colcon.colcon_core.verb:set package 'arduinobot_description' build argument 'cmake_target' from command line to 'None'
[0.269s] Level 5:colcon.colcon_core.verb:set package 'arduinobot_description' build argument 'cmake_target_skip_unavailable' from command line to 'False'
[0.269s] Level 5:colcon.colcon_core.verb:set package 'arduinobot_description' build argument 'cmake_clean_cache' from command line to 'False'
[0.269s] Level 5:colcon.colcon_core.verb:set package 'arduinobot_description' build argument 'cmake_clean_first' from command line to 'False'
[0.269s] Level 5:colcon.colcon_core.verb:set package 'arduinobot_description' build argument 'cmake_force_configure' from command line to 'False'
[0.269s] Level 5:colcon.colcon_core.verb:set package 'arduinobot_description' build argument 'ament_cmake_args' from command line to 'None'
[0.269s] Level 5:colcon.colcon_core.verb:set package 'arduinobot_description' build argument 'catkin_cmake_args' from command line to 'None'
[0.269s] Level 5:colcon.colcon_core.verb:set package 'arduinobot_description' build argument 'catkin_skip_building_tests' from command line to 'False'
[0.269s] DEBUG:colcon.colcon_core.verb:Building package 'arduinobot_description' with the following arguments: {'ament_cmake_args': None, 'build_base': '/home/eeiww/ud90uhak/arduinobot_ws/src/build/arduinobot_description', 'catkin_cmake_args': None, 'catkin_skip_building_tests': False, 'cmake_args': None, 'cmake_clean_cache': False, 'cmake_clean_first': False, 'cmake_force_configure': False, 'cmake_target': None, 'cmake_target_skip_unavailable': False, 'install_base': '/home/eeiww/ud90uhak/arduinobot_ws/src/install/arduinobot_description', 'merge_install': False, 'path': '/home/eeiww/ud90uhak/arduinobot_ws/src/arduinobot_description', 'symlink_install': False, 'test_result_base': None}
[0.269s] Level 5:colcon.colcon_core.verb:set package 'arduinobot_firmware' build argument 'cmake_args' from command line to 'None'
[0.270s] Level 5:colcon.colcon_core.verb:set package 'arduinobot_firmware' build argument 'cmake_target' from command line to 'None'
[0.270s] Level 5:colcon.colcon_core.verb:set package 'arduinobot_firmware' build argument 'cmake_target_skip_unavailable' from command line to 'False'
[0.270s] Level 5:colcon.colcon_core.verb:set package 'arduinobot_firmware' build argument 'cmake_clean_cache' from command line to 'False'
[0.270s] Level 5:colcon.colcon_core.verb:set package 'arduinobot_firmware' build argument 'cmake_clean_first' from command line to 'False'
[0.270s] Level 5:colcon.colcon_core.verb:set package 'arduinobot_firmware' build argument 'cmake_force_configure' from command line to 'False'
[0.270s] Level 5:colcon.colcon_core.verb:set package 'arduinobot_firmware' build argument 'ament_cmake_args' from command line to 'None'
[0.270s] Level 5:colcon.colcon_core.verb:set package 'arduinobot_firmware' build argument 'catkin_cmake_args' from command line to 'None'
[0.270s] Level 5:colcon.colcon_core.verb:set package 'arduinobot_firmware' build argument 'catkin_skip_building_tests' from command line to 'False'
[0.271s] DEBUG:colcon.colcon_core.verb:Building package 'arduinobot_firmware' with the following arguments: {'ament_cmake_args': None, 'build_base': '/home/eeiww/ud90uhak/arduinobot_ws/src/build/arduinobot_firmware', 'catkin_cmake_args': None, 'catkin_skip_building_tests': False, 'cmake_args': None, 'cmake_clean_cache': False, 'cmake_clean_first': False, 'cmake_force_configure': False, 'cmake_target': None, 'cmake_target_skip_unavailable': False, 'install_base': '/home/eeiww/ud90uhak/arduinobot_ws/src/install/arduinobot_firmware', 'merge_install': False, 'path': '/home/eeiww/ud90uhak/arduinobot_ws/src/arduinobot_firmware', 'symlink_install': False, 'test_result_base': None}
[0.271s] Level 5:colcon.colcon_core.verb:set package 'arduinobot_moveit' build argument 'cmake_args' from command line to 'None'
[0.272s] Level 5:colcon.colcon_core.verb:set package 'arduinobot_moveit' build argument 'cmake_target' from command line to 'None'
[0.272s] Level 5:colcon.colcon_core.verb:set package 'arduinobot_moveit' build argument 'cmake_target_skip_unavailable' from command line to 'False'
[0.272s] Level 5:colcon.colcon_core.verb:set package 'arduinobot_moveit' build argument 'cmake_clean_cache' from command line to 'False'
[0.272s] Level 5:colcon.colcon_core.verb:set package 'arduinobot_moveit' build argument 'cmake_clean_first' from command line to 'False'
[0.272s] Level 5:colcon.colcon_core.verb:set package 'arduinobot_moveit' build argument 'cmake_force_configure' from command line to 'False'
[0.272s] Level 5:colcon.colcon_core.verb:set package 'arduinobot_moveit' build argument 'ament_cmake_args' from command line to 'None'
[0.272s] Level 5:colcon.colcon_core.verb:set package 'arduinobot_moveit' build argument 'catkin_cmake_args' from command line to 'None'
[0.272s] Level 5:colcon.colcon_core.verb:set package 'arduinobot_moveit' build argument 'catkin_skip_building_tests' from command line to 'False'
[0.272s] DEBUG:colcon.colcon_core.verb:Building package 'arduinobot_moveit' with the following arguments: {'ament_cmake_args': None, 'build_base': '/home/eeiww/ud90uhak/arduinobot_ws/src/build/arduinobot_moveit', 'catkin_cmake_args': None, 'catkin_skip_building_tests': False, 'cmake_args': None, 'cmake_clean_cache': False, 'cmake_clean_first': False, 'cmake_force_configure': False, 'cmake_target': None, 'cmake_target_skip_unavailable': False, 'install_base': '/home/eeiww/ud90uhak/arduinobot_ws/src/install/arduinobot_moveit', 'merge_install': False, 'path': '/home/eeiww/ud90uhak/arduinobot_ws/src/arduinobot_moveit', 'symlink_install': False, 'test_result_base': None}
[0.272s] Level 5:colcon.colcon_core.verb:set package 'arduinobot_bringup' build argument 'cmake_args' from command line to 'None'
[0.272s] Level 5:colcon.colcon_core.verb:set package 'arduinobot_bringup' build argument 'cmake_target' from command line to 'None'
[0.272s] Level 5:colcon.colcon_core.verb:set package 'arduinobot_bringup' build argument 'cmake_target_skip_unavailable' from command line to 'False'
[0.272s] Level 5:colcon.colcon_core.verb:set package 'arduinobot_bringup' build argument 'cmake_clean_cache' from command line to 'False'
[0.273s] Level 5:colcon.colcon_core.verb:set package 'arduinobot_bringup' build argument 'cmake_clean_first' from command line to 'False'
[0.273s] Level 5:colcon.colcon_core.verb:set package 'arduinobot_bringup' build argument 'cmake_force_configure' from command line to 'False'
[0.273s] Level 5:colcon.colcon_core.verb:set package 'arduinobot_bringup' build argument 'ament_cmake_args' from command line to 'None'
[0.273s] Level 5:colcon.colcon_core.verb:set package 'arduinobot_bringup' build argument 'catkin_cmake_args' from command line to 'None'
[0.273s] Level 5:colcon.colcon_core.verb:set package 'arduinobot_bringup' build argument 'catkin_skip_building_tests' from command line to 'False'
[0.273s] DEBUG:colcon.colcon_core.verb:Building package 'arduinobot_bringup' with the following arguments: {'ament_cmake_args': None, 'build_base': '/home/eeiww/ud90uhak/arduinobot_ws/src/build/arduinobot_bringup', 'catkin_cmake_args': None, 'catkin_skip_building_tests': False, 'cmake_args': None, 'cmake_clean_cache': False, 'cmake_clean_first': False, 'cmake_force_configure': False, 'cmake_target': None, 'cmake_target_skip_unavailable': False, 'install_base': '/home/eeiww/ud90uhak/arduinobot_ws/src/install/arduinobot_bringup', 'merge_install': False, 'path': '/home/eeiww/ud90uhak/arduinobot_ws/src/arduinobot_bringup', 'symlink_install': False, 'test_result_base': None}
[0.273s] INFO:colcon.colcon_core.executor:Executing jobs using 'parallel' executor
[0.275s] DEBUG:colcon.colcon_parallel_executor.executor.parallel:run_until_complete
[0.275s] INFO:colcon.colcon_ros.task.ament_cmake.build:Building ROS package in '/home/eeiww/ud90uhak/arduinobot_ws/src/arduinobot_controller' with build type 'ament_cmake'
[0.275s] INFO:colcon.colcon_cmake.task.cmake.build:Building CMake package in '/home/eeiww/ud90uhak/arduinobot_ws/src/arduinobot_controller'
[0.277s] INFO:colcon.colcon_core.plugin_system:Skipping extension 'colcon_core.shell.bat': Not used on non-Windows systems
[0.277s] INFO:colcon.colcon_core.shell:Skip shell extension 'powershell' for command environment: Not usable outside of PowerShell
[0.278s] DEBUG:colcon.colcon_core.shell:Skip shell extension 'dsv' for command environment
[0.284s] INFO:colcon.colcon_ros.task.ament_cmake.build:Building ROS package in '/home/eeiww/ud90uhak/arduinobot_ws/src/arduinobot_description' with build type 'ament_cmake'
[0.285s] INFO:colcon.colcon_cmake.task.cmake.build:Building CMake package in '/home/eeiww/ud90uhak/arduinobot_ws/src/arduinobot_description'
[0.285s] INFO:colcon.colcon_core.shell:Skip shell extension 'powershell' for command environment: Not usable outside of PowerShell
[0.285s] DEBUG:colcon.colcon_core.shell:Skip shell extension 'dsv' for command environment
[0.291s] INFO:colcon.colcon_ros.task.ament_cmake.build:Building ROS package in '/home/eeiww/ud90uhak/arduinobot_ws/src/arduinobot_moveit' with build type 'ament_cmake'
[0.291s] INFO:colcon.colcon_cmake.task.cmake.build:Building CMake package in '/home/eeiww/ud90uhak/arduinobot_ws/src/arduinobot_moveit'
[0.292s] INFO:colcon.colcon_core.shell:Skip shell extension 'powershell' for command environment: Not usable outside of PowerShell
[0.292s] DEBUG:colcon.colcon_core.shell:Skip shell extension 'dsv' for command environment
[0.297s] INFO:colcon.colcon_ros.task.ament_cmake.build:Building ROS package in '/home/eeiww/ud90uhak/arduinobot_ws/src/arduinobot_cpp_examples' with build type 'ament_cmake'
[0.297s] INFO:colcon.colcon_cmake.task.cmake.build:Building CMake package in '/home/eeiww/ud90uhak/arduinobot_ws/src/arduinobot_cpp_examples'
[0.298s] INFO:colcon.colcon_core.shell:Skip shell extension 'powershell' for command environment: Not usable outside of PowerShell
[0.298s] DEBUG:colcon.colcon_core.shell:Skip shell extension 'dsv' for command environment
[0.303s] INFO:colcon.colcon_ros.task.ament_cmake.build:Building ROS package in '/home/eeiww/ud90uhak/arduinobot_ws/src/arduinobot_firmware' with build type 'ament_cmake'
[0.303s] INFO:colcon.colcon_cmake.task.cmake.build:Building CMake package in '/home/eeiww/ud90uhak/arduinobot_ws/src/arduinobot_firmware'
[0.304s] INFO:colcon.colcon_core.shell:Skip shell extension 'powershell' for command environment: Not usable outside of PowerShell
[0.304s] DEBUG:colcon.colcon_core.shell:Skip shell extension 'dsv' for command environment
[0.322s] DEBUG:colcon.colcon_core.event_handler.log_command:Invoking command in '/home/eeiww/ud90uhak/arduinobot_ws/src/build/arduinobot_controller': CMAKE_PREFIX_PATH=${CMAKE_PREFIX_PATH}:/opt/ros/jazzy DEBUGINFOD_URLS=https://debuginfod.ubuntu.com /usr/bin/cmake --build /home/eeiww/ud90uhak/arduinobot_ws/src/build/arduinobot_controller -- -j8 -l8
[0.329s] DEBUG:colcon.colcon_core.event_handler.log_command:Invoking command in '/home/eeiww/ud90uhak/arduinobot_ws/src/build/arduinobot_description': CMAKE_PREFIX_PATH=${CMAKE_PREFIX_PATH}:/opt/ros/jazzy DEBUGINFOD_URLS=https://debuginfod.ubuntu.com /usr/bin/cmake --build /home/eeiww/ud90uhak/arduinobot_ws/src/build/arduinobot_description -- -j8 -l8
[0.340s] DEBUG:colcon.colcon_core.event_handler.log_command:Invoking command in '/home/eeiww/ud90uhak/arduinobot_ws/src/build/arduinobot_moveit': CMAKE_PREFIX_PATH=${CMAKE_PREFIX_PATH}:/opt/ros/jazzy DEBUGINFOD_URLS=https://debuginfod.ubuntu.com /usr/bin/cmake /home/eeiww/ud90uhak/arduinobot_ws/src/arduinobot_moveit -DCMAKE_INSTALL_PREFIX=/home/eeiww/ud90uhak/arduinobot_ws/src/install/arduinobot_moveit
[0.347s] DEBUG:colcon.colcon_core.event_handler.log_command:Invoking command in '/home/eeiww/ud90uhak/arduinobot_ws/src/build/arduinobot_cpp_examples': CMAKE_PREFIX_PATH=${CMAKE_PREFIX_PATH}:/opt/ros/jazzy DEBUGINFOD_URLS=https://debuginfod.ubuntu.com /usr/bin/cmake --build /home/eeiww/ud90uhak/arduinobot_ws/src/build/arduinobot_cpp_examples -- -j8 -l8
[0.355s] DEBUG:colcon.colcon_core.event_handler.log_command:Invoking command in '/home/eeiww/ud90uhak/arduinobot_ws/src/build/arduinobot_firmware': CMAKE_PREFIX_PATH=${CMAKE_PREFIX_PATH}:/opt/ros/jazzy DEBUGINFOD_URLS=https://debuginfod.ubuntu.com /usr/bin/cmake --build /home/eeiww/ud90uhak/arduinobot_ws/src/build/arduinobot_firmware -- -j8 -l8
[0.360s] DEBUG:colcon.colcon_core.event_handler.log_command:Invoked command in '/home/eeiww/ud90uhak/arduinobot_ws/src/build/arduinobot_controller' returned '0': CMAKE_PREFIX_PATH=${CMAKE_PREFIX_PATH}:/opt/ros/jazzy DEBUGINFOD_URLS=https://debuginfod.ubuntu.com /usr/bin/cmake --build /home/eeiww/ud90uhak/arduinobot_ws/src/build/arduinobot_controller -- -j8 -l8
[0.369s] DEBUG:colcon.colcon_core.event_handler.log_command:Invoking command in '/home/eeiww/ud90uhak/arduinobot_ws/src/build/arduinobot_controller': CMAKE_PREFIX_PATH=${CMAKE_PREFIX_PATH}:/opt/ros/jazzy DEBUGINFOD_URLS=https://debuginfod.ubuntu.com /usr/bin/cmake --install /home/eeiww/ud90uhak/arduinobot_ws/src/build/arduinobot_controller
[0.371s] DEBUG:colcon.colcon_core.event_handler.log_command:Invoked command in '/home/eeiww/ud90uhak/arduinobot_ws/src/build/arduinobot_description' returned '0': CMAKE_PREFIX_PATH=${CMAKE_PREFIX_PATH}:/opt/ros/jazzy DEBUGINFOD_URLS=https://debuginfod.ubuntu.com /usr/bin/cmake --build /home/eeiww/ud90uhak/arduinobot_ws/src/build/arduinobot_description -- -j8 -l8
[0.374s] DEBUG:colcon.colcon_core.event_handler.log_command:Invoking command in '/home/eeiww/ud90uhak/arduinobot_ws/src/build/arduinobot_description': CMAKE_PREFIX_PATH=${CMAKE_PREFIX_PATH}:/opt/ros/jazzy DEBUGINFOD_URLS=https://debuginfod.ubuntu.com /usr/bin/cmake --install /home/eeiww/ud90uhak/arduinobot_ws/src/build/arduinobot_description
[0.387s] DEBUG:colcon.colcon_core.event_handler.log_command:Invoked command in '/home/eeiww/ud90uhak/arduinobot_ws/src/build/arduinobot_cpp_examples' returned '0': CMAKE_PREFIX_PATH=${CMAKE_PREFIX_PATH}:/opt/ros/jazzy DEBUGINFOD_URLS=https://debuginfod.ubuntu.com /usr/bin/cmake --build /home/eeiww/ud90uhak/arduinobot_ws/src/build/arduinobot_cpp_examples -- -j8 -l8
[0.388s] DEBUG:colcon.colcon_core.event_handler.log_command:Invoking command in '/home/eeiww/ud90uhak/arduinobot_ws/src/build/arduinobot_cpp_examples': CMAKE_PREFIX_PATH=${CMAKE_PREFIX_PATH}:/opt/ros/jazzy DEBUGINFOD_URLS=https://debuginfod.ubuntu.com /usr/bin/cmake --install /home/eeiww/ud90uhak/arduinobot_ws/src/build/arduinobot_cpp_examples
[0.395s] DEBUG:colcon.colcon_core.event_handler.log_command:Invoked command in '/home/eeiww/ud90uhak/arduinobot_ws/src/build/arduinobot_firmware' returned '0': CMAKE_PREFIX_PATH=${CMAKE_PREFIX_PATH}:/opt/ros/jazzy DEBUGINFOD_URLS=https://debuginfod.ubuntu.com /usr/bin/cmake --build /home/eeiww/ud90uhak/arduinobot_ws/src/build/arduinobot_firmware -- -j8 -l8
[0.397s] DEBUG:colcon.colcon_core.event_handler.log_command:Invoking command in '/home/eeiww/ud90uhak/arduinobot_ws/src/build/arduinobot_firmware': CMAKE_PREFIX_PATH=${CMAKE_PREFIX_PATH}:/opt/ros/jazzy DEBUGINFOD_URLS=https://debuginfod.ubuntu.com /usr/bin/cmake --install /home/eeiww/ud90uhak/arduinobot_ws/src/build/arduinobot_firmware
[0.403s] Level 1:colcon.colcon_core.environment:create_environment_scripts_only(arduinobot_description)
[0.404s] DEBUG:colcon.colcon_core.event_handler.log_command:Invoked command in '/home/eeiww/ud90uhak/arduinobot_ws/src/build/arduinobot_description' returned '0': CMAKE_PREFIX_PATH=${CMAKE_PREFIX_PATH}:/opt/ros/jazzy DEBUGINFOD_URLS=https://debuginfod.ubuntu.com /usr/bin/cmake --install /home/eeiww/ud90uhak/arduinobot_ws/src/build/arduinobot_description
[0.405s] Level 1:colcon.colcon_core.environment:checking '/home/eeiww/ud90uhak/arduinobot_ws/src/install/arduinobot_description' for CMake module files
[0.409s] Level 1:colcon.colcon_core.environment:checking '/home/eeiww/ud90uhak/arduinobot_ws/src/install/arduinobot_description' for CMake config files
[0.414s] Level 1:colcon.colcon_core.shell:create_environment_hook('arduinobot_description', 'cmake_prefix_path')
[0.414s] INFO:colcon.colcon_core.shell:Creating environment hook '/home/eeiww/ud90uhak/arduinobot_ws/src/install/arduinobot_description/share/arduinobot_description/hook/cmake_prefix_path.ps1'
[0.418s] INFO:colcon.colcon_core.shell:Creating environment descriptor '/home/eeiww/ud90uhak/arduinobot_ws/src/install/arduinobot_description/share/arduinobot_description/hook/cmake_prefix_path.dsv'
[0.421s] INFO:colcon.colcon_core.shell:Creating environment hook '/home/eeiww/ud90uhak/arduinobot_ws/src/install/arduinobot_description/share/arduinobot_description/hook/cmake_prefix_path.sh'
[0.424s] Level 1:colcon.colcon_core.environment:checking '/home/eeiww/ud90uhak/arduinobot_ws/src/install/arduinobot_description/bin'
[0.424s] Level 1:colcon.colcon_core.environment:checking '/home/eeiww/ud90uhak/arduinobot_ws/src/install/arduinobot_description/lib/pkgconfig/arduinobot_description.pc'
[0.425s] Level 1:colcon.colcon_core.environment:checking '/home/eeiww/ud90uhak/arduinobot_ws/src/install/arduinobot_description/lib/python3.12/site-packages'
[0.425s] Level 1:colcon.colcon_core.environment:checking '/home/eeiww/ud90uhak/arduinobot_ws/src/install/arduinobot_description/bin'
[0.425s] INFO:colcon.colcon_core.shell:Creating package script '/home/eeiww/ud90uhak/arduinobot_ws/src/install/arduinobot_description/share/arduinobot_description/package.ps1'
[0.429s] INFO:colcon.colcon_core.shell:Creating package descriptor '/home/eeiww/ud90uhak/arduinobot_ws/src/install/arduinobot_description/share/arduinobot_description/package.dsv'
[0.431s] INFO:colcon.colcon_core.shell:Creating package script '/home/eeiww/ud90uhak/arduinobot_ws/src/install/arduinobot_description/share/arduinobot_description/package.sh'
[0.435s] INFO:colcon.colcon_core.shell:Creating package script '/home/eeiww/ud90uhak/arduinobot_ws/src/install/arduinobot_description/share/arduinobot_description/package.bash'
[0.437s] INFO:colcon.colcon_core.shell:Creating package script '/home/eeiww/ud90uhak/arduinobot_ws/src/install/arduinobot_description/share/arduinobot_description/package.zsh'
[0.439s] Level 1:colcon.colcon_core.environment:create_file_with_runtime_dependencies(/home/eeiww/ud90uhak/arduinobot_ws/src/install/arduinobot_description/share/colcon-core/packages/arduinobot_description)
[0.441s] Level 1:colcon.colcon_core.environment:create_environment_scripts_only(arduinobot_description)
[0.441s] Level 1:colcon.colcon_core.environment:checking '/home/eeiww/ud90uhak/arduinobot_ws/src/install/arduinobot_description' for CMake module files
[0.442s] Level 1:colcon.colcon_core.environment:checking '/home/eeiww/ud90uhak/arduinobot_ws/src/install/arduinobot_description' for CMake config files
[0.447s] Level 1:colcon.colcon_core.shell:create_environment_hook('arduinobot_description', 'cmake_prefix_path')
[0.447s] INFO:colcon.colcon_core.shell:Creating environment hook '/home/eeiww/ud90uhak/arduinobot_ws/src/install/arduinobot_description/share/arduinobot_description/hook/cmake_prefix_path.ps1'
[0.449s] INFO:colcon.colcon_core.shell:Creating environment descriptor '/home/eeiww/ud90uhak/arduinobot_ws/src/install/arduinobot_description/share/arduinobot_description/hook/cmake_prefix_path.dsv'
[0.452s] INFO:colcon.colcon_core.shell:Creating environment hook '/home/eeiww/ud90uhak/arduinobot_ws/src/install/arduinobot_description/share/arduinobot_description/hook/cmake_prefix_path.sh'
[0.455s] Level 1:colcon.colcon_core.environment:checking '/home/eeiww/ud90uhak/arduinobot_ws/src/install/arduinobot_description/bin'
[0.455s] Level 1:colcon.colcon_core.environment:checking '/home/eeiww/ud90uhak/arduinobot_ws/src/install/arduinobot_description/lib/pkgconfig/arduinobot_description.pc'
[0.456s] Level 1:colcon.colcon_core.environment:checking '/home/eeiww/ud90uhak/arduinobot_ws/src/install/arduinobot_description/lib/python3.12/site-packages'
[0.456s] Level 1:colcon.colcon_core.environment:checking '/home/eeiww/ud90uhak/arduinobot_ws/src/install/arduinobot_description/bin'
[0.457s] INFO:colcon.colcon_core.shell:Creating package script '/home/eeiww/ud90uhak/arduinobot_ws/src/install/arduinobot_description/share/arduinobot_description/package.ps1'
[0.460s] INFO:colcon.colcon_core.shell:Creating package descriptor '/home/eeiww/ud90uhak/arduinobot_ws/src/install/arduinobot_description/share/arduinobot_description/package.dsv'
[0.463s] INFO:colcon.colcon_core.shell:Creating package script '/home/eeiww/ud90uhak/arduinobot_ws/src/install/arduinobot_description/share/arduinobot_description/package.sh'
[0.465s] INFO:colcon.colcon_core.shell:Creating package script '/home/eeiww/ud90uhak/arduinobot_ws/src/install/arduinobot_description/share/arduinobot_description/package.bash'
[0.468s] INFO:colcon.colcon_core.shell:Creating package script '/home/eeiww/ud90uhak/arduinobot_ws/src/install/arduinobot_description/share/arduinobot_description/package.zsh'
[0.470s] Level 1:colcon.colcon_core.environment:create_file_with_runtime_dependencies(/home/eeiww/ud90uhak/arduinobot_ws/src/install/arduinobot_description/share/colcon-core/packages/arduinobot_description)
[0.472s] Level 1:colcon.colcon_core.environment:create_environment_scripts_only(arduinobot_controller)
[0.472s] Level 1:colcon.colcon_core.environment:checking '/home/eeiww/ud90uhak/arduinobot_ws/src/install/arduinobot_controller' for CMake module files
[0.474s] Level 1:colcon.colcon_core.environment:checking '/home/eeiww/ud90uhak/arduinobot_ws/src/install/arduinobot_controller' for CMake config files
[0.478s] DEBUG:colcon.colcon_core.event_handler.log_command:Invoked command in '/home/eeiww/ud90uhak/arduinobot_ws/src/build/arduinobot_controller' returned '0': CMAKE_PREFIX_PATH=${CMAKE_PREFIX_PATH}:/opt/ros/jazzy DEBUGINFOD_URLS=https://debuginfod.ubuntu.com /usr/bin/cmake --install /home/eeiww/ud90uhak/arduinobot_ws/src/build/arduinobot_controller
[0.479s] Level 1:colcon.colcon_core.shell:create_environment_hook('arduinobot_controller', 'cmake_prefix_path')
[0.479s] INFO:colcon.colcon_core.shell:Creating environment hook '/home/eeiww/ud90uhak/arduinobot_ws/src/install/arduinobot_controller/share/arduinobot_controller/hook/cmake_prefix_path.ps1'
[0.483s] INFO:colcon.colcon_core.shell:Creating environment descriptor '/home/eeiww/ud90uhak/arduinobot_ws/src/install/arduinobot_controller/share/arduinobot_controller/hook/cmake_prefix_path.dsv'
[0.486s] INFO:colcon.colcon_core.shell:Creating environment hook '/home/eeiww/ud90uhak/arduinobot_ws/src/install/arduinobot_controller/share/arduinobot_controller/hook/cmake_prefix_path.sh'
[0.489s] Level 1:colcon.colcon_core.environment:checking '/home/eeiww/ud90uhak/arduinobot_ws/src/install/arduinobot_controller/bin'
[0.489s] Level 1:colcon.colcon_core.environment:checking '/home/eeiww/ud90uhak/arduinobot_ws/src/install/arduinobot_controller/lib/pkgconfig/arduinobot_controller.pc'
[0.489s] Level 1:colcon.colcon_core.environment:checking '/home/eeiww/ud90uhak/arduinobot_ws/src/install/arduinobot_controller/lib/python3.12/site-packages'
[0.490s] Level 1:colcon.colcon_core.environment:checking '/home/eeiww/ud90uhak/arduinobot_ws/src/install/arduinobot_controller/bin'
[0.491s] INFO:colcon.colcon_core.shell:Creating package script '/home/eeiww/ud90uhak/arduinobot_ws/src/install/arduinobot_controller/share/arduinobot_controller/package.ps1'
[0.494s] INFO:colcon.colcon_core.shell:Creating package descriptor '/home/eeiww/ud90uhak/arduinobot_ws/src/install/arduinobot_controller/share/arduinobot_controller/package.dsv'
[0.497s] INFO:colcon.colcon_core.shell:Creating package script '/home/eeiww/ud90uhak/arduinobot_ws/src/install/arduinobot_controller/share/arduinobot_controller/package.sh'
[0.501s] INFO:colcon.colcon_core.shell:Creating package script '/home/eeiww/ud90uhak/arduinobot_ws/src/install/arduinobot_controller/share/arduinobot_controller/package.bash'
[0.503s] INFO:colcon.colcon_core.shell:Creating package script '/home/eeiww/ud90uhak/arduinobot_ws/src/install/arduinobot_controller/share/arduinobot_controller/package.zsh'
[0.506s] Level 1:colcon.colcon_core.environment:create_file_with_runtime_dependencies(/home/eeiww/ud90uhak/arduinobot_ws/src/install/arduinobot_controller/share/colcon-core/packages/arduinobot_controller)
[0.508s] Level 1:colcon.colcon_core.environment:create_environment_scripts_only(arduinobot_controller)
[0.508s] Level 1:colcon.colcon_core.environment:checking '/home/eeiww/ud90uhak/arduinobot_ws/src/install/arduinobot_controller' for CMake module files
[0.510s] Level 1:colcon.colcon_core.environment:checking '/home/eeiww/ud90uhak/arduinobot_ws/src/install/arduinobot_controller' for CMake config files
[0.515s] Level 1:colcon.colcon_core.shell:create_environment_hook('arduinobot_controller', 'cmake_prefix_path')
[0.515s] INFO:colcon.colcon_core.shell:Creating environment hook '/home/eeiww/ud90uhak/arduinobot_ws/src/install/arduinobot_controller/share/arduinobot_controller/hook/cmake_prefix_path.ps1'
[0.518s] INFO:colcon.colcon_core.shell:Creating environment descriptor '/home/eeiww/ud90uhak/arduinobot_ws/src/install/arduinobot_controller/share/arduinobot_controller/hook/cmake_prefix_path.dsv'
[0.521s] INFO:colcon.colcon_core.shell:Creating environment hook '/home/eeiww/ud90uhak/arduinobot_ws/src/install/arduinobot_controller/share/arduinobot_controller/hook/cmake_prefix_path.sh'
[0.524s] Level 1:colcon.colcon_core.environment:checking '/home/eeiww/ud90uhak/arduinobot_ws/src/install/arduinobot_controller/bin'
[0.524s] Level 1:colcon.colcon_core.environment:checking '/home/eeiww/ud90uhak/arduinobot_ws/src/install/arduinobot_controller/lib/pkgconfig/arduinobot_controller.pc'
[0.524s] Level 1:colcon.colcon_core.environment:checking '/home/eeiww/ud90uhak/arduinobot_ws/src/install/arduinobot_controller/lib/python3.12/site-packages'
[0.525s] Level 1:colcon.colcon_core.environment:checking '/home/eeiww/ud90uhak/arduinobot_ws/src/install/arduinobot_controller/bin'
[0.525s] INFO:colcon.colcon_core.shell:Creating package script '/home/eeiww/ud90uhak/arduinobot_ws/src/install/arduinobot_controller/share/arduinobot_controller/package.ps1'
[0.528s] INFO:colcon.colcon_core.shell:Creating package descriptor '/home/eeiww/ud90uhak/arduinobot_ws/src/install/arduinobot_controller/share/arduinobot_controller/package.dsv'
[0.530s] INFO:colcon.colcon_core.shell:Creating package script '/home/eeiww/ud90uhak/arduinobot_ws/src/install/arduinobot_controller/share/arduinobot_controller/package.sh'
[0.533s] INFO:colcon.colcon_core.shell:Creating package script '/home/eeiww/ud90uhak/arduinobot_ws/src/install/arduinobot_controller/share/arduinobot_controller/package.bash'
[0.535s] INFO:colcon.colcon_core.shell:Creating package script '/home/eeiww/ud90uhak/arduinobot_ws/src/install/arduinobot_controller/share/arduinobot_controller/package.zsh'
[0.538s] Level 1:colcon.colcon_core.environment:create_file_with_runtime_dependencies(/home/eeiww/ud90uhak/arduinobot_ws/src/install/arduinobot_controller/share/colcon-core/packages/arduinobot_controller)
[0.540s] Level 1:colcon.colcon_core.environment:create_environment_scripts_only(arduinobot_cpp_examples)
[0.540s] Level 1:colcon.colcon_core.environment:checking '/home/eeiww/ud90uhak/arduinobot_ws/src/install/arduinobot_cpp_examples' for CMake module files
[0.542s] Level 1:colcon.colcon_core.environment:checking '/home/eeiww/ud90uhak/arduinobot_ws/src/install/arduinobot_cpp_examples' for CMake config files
[0.545s] DEBUG:colcon.colcon_core.event_handler.log_command:Invoked command in '/home/eeiww/ud90uhak/arduinobot_ws/src/build/arduinobot_cpp_examples' returned '0': CMAKE_PREFIX_PATH=${CMAKE_PREFIX_PATH}:/opt/ros/jazzy DEBUGINFOD_URLS=https://debuginfod.ubuntu.com /usr/bin/cmake --install /home/eeiww/ud90uhak/arduinobot_ws/src/build/arduinobot_cpp_examples
[0.548s] Level 1:colcon.colcon_core.shell:create_environment_hook('arduinobot_cpp_examples', 'cmake_prefix_path')
[0.548s] INFO:colcon.colcon_core.shell:Creating environment hook '/home/eeiww/ud90uhak/arduinobot_ws/src/install/arduinobot_cpp_examples/share/arduinobot_cpp_examples/hook/cmake_prefix_path.ps1'
[0.551s] INFO:colcon.colcon_core.shell:Creating environment descriptor '/home/eeiww/ud90uhak/arduinobot_ws/src/install/arduinobot_cpp_examples/share/arduinobot_cpp_examples/hook/cmake_prefix_path.dsv'
[0.554s] INFO:colcon.colcon_core.shell:Creating environment hook '/home/eeiww/ud90uhak/arduinobot_ws/src/install/arduinobot_cpp_examples/share/arduinobot_cpp_examples/hook/cmake_prefix_path.sh'
[0.557s] Level 1:colcon.colcon_core.environment:checking '/home/eeiww/ud90uhak/arduinobot_ws/src/install/arduinobot_cpp_examples/bin'
[0.558s] Level 1:colcon.colcon_core.environment:checking '/home/eeiww/ud90uhak/arduinobot_ws/src/install/arduinobot_cpp_examples/lib/pkgconfig/arduinobot_cpp_examples.pc'
[0.558s] Level 1:colcon.colcon_core.environment:checking '/home/eeiww/ud90uhak/arduinobot_ws/src/install/arduinobot_cpp_examples/lib/python3.12/site-packages'
[0.558s] Level 1:colcon.colcon_core.environment:checking '/home/eeiww/ud90uhak/arduinobot_ws/src/install/arduinobot_cpp_examples/bin'
[0.559s] INFO:colcon.colcon_core.shell:Creating package script '/home/eeiww/ud90uhak/arduinobot_ws/src/install/arduinobot_cpp_examples/share/arduinobot_cpp_examples/package.ps1'
[0.561s] INFO:colcon.colcon_core.shell:Creating package descriptor '/home/eeiww/ud90uhak/arduinobot_ws/src/install/arduinobot_cpp_examples/share/arduinobot_cpp_examples/package.dsv'
[0.564s] INFO:colcon.colcon_core.shell:Creating package script '/home/eeiww/ud90uhak/arduinobot_ws/src/install/arduinobot_cpp_examples/share/arduinobot_cpp_examples/package.sh'
[0.567s] INFO:colcon.colcon_core.shell:Creating package script '/home/eeiww/ud90uhak/arduinobot_ws/src/install/arduinobot_cpp_examples/share/arduinobot_cpp_examples/package.bash'
[0.569s] INFO:colcon.colcon_core.shell:Creating package script '/home/eeiww/ud90uhak/arduinobot_ws/src/install/arduinobot_cpp_examples/share/arduinobot_cpp_examples/package.zsh'
[0.572s] Level 1:colcon.colcon_core.environment:create_file_with_runtime_dependencies(/home/eeiww/ud90uhak/arduinobot_ws/src/install/arduinobot_cpp_examples/share/colcon-core/packages/arduinobot_cpp_examples)
[0.574s] Level 1:colcon.colcon_core.environment:create_environment_scripts_only(arduinobot_cpp_examples)
[0.574s] Level 1:colcon.colcon_core.environment:checking '/home/eeiww/ud90uhak/arduinobot_ws/src/install/arduinobot_cpp_examples' for CMake module files
[0.575s] Level 1:colcon.colcon_core.environment:checking '/home/eeiww/ud90uhak/arduinobot_ws/src/install/arduinobot_cpp_examples' for CMake config files
[0.580s] Level 1:colcon.colcon_core.shell:create_environment_hook('arduinobot_cpp_examples', 'cmake_prefix_path')
[0.580s] INFO:colcon.colcon_core.shell:Creating environment hook '/home/eeiww/ud90uhak/arduinobot_ws/src/install/arduinobot_cpp_examples/share/arduinobot_cpp_examples/hook/cmake_prefix_path.ps1'
[0.583s] INFO:colcon.colcon_core.shell:Creating environment descriptor '/home/eeiww/ud90uhak/arduinobot_ws/src/install/arduinobot_cpp_examples/share/arduinobot_cpp_examples/hook/cmake_prefix_path.dsv'
[0.586s] INFO:colcon.colcon_core.shell:Creating environment hook '/home/eeiww/ud90uhak/arduinobot_ws/src/install/arduinobot_cpp_examples/share/arduinobot_cpp_examples/hook/cmake_prefix_path.sh'
[0.589s] Level 1:colcon.colcon_core.environment:checking '/home/eeiww/ud90uhak/arduinobot_ws/src/install/arduinobot_cpp_examples/bin'
[0.589s] Level 1:colcon.colcon_core.environment:checking '/home/eeiww/ud90uhak/arduinobot_ws/src/install/arduinobot_cpp_examples/lib/pkgconfig/arduinobot_cpp_examples.pc'
[0.589s] Level 1:colcon.colcon_core.environment:checking '/home/eeiww/ud90uhak/arduinobot_ws/src/install/arduinobot_cpp_examples/lib/python3.12/site-packages'
[0.589s] Level 1:colcon.colcon_core.environment:checking '/home/eeiww/ud90uhak/arduinobot_ws/src/install/arduinobot_cpp_examples/bin'
[0.590s] INFO:colcon.colcon_core.shell:Creating package script '/home/eeiww/ud90uhak/arduinobot_ws/src/install/arduinobot_cpp_examples/share/arduinobot_cpp_examples/package.ps1'
[0.593s] INFO:colcon.colcon_core.shell:Creating package descriptor '/home/eeiww/ud90uhak/arduinobot_ws/src/install/arduinobot_cpp_examples/share/arduinobot_cpp_examples/package.dsv'
[0.596s] INFO:colcon.colcon_core.shell:Creating package script '/home/eeiww/ud90uhak/arduinobot_ws/src/install/arduinobot_cpp_examples/share/arduinobot_cpp_examples/package.sh'
[0.598s] INFO:colcon.colcon_core.shell:Creating package script '/home/eeiww/ud90uhak/arduinobot_ws/src/install/arduinobot_cpp_examples/share/arduinobot_cpp_examples/package.bash'
[0.601s] INFO:colcon.colcon_core.shell:Creating package script '/home/eeiww/ud90uhak/arduinobot_ws/src/install/arduinobot_cpp_examples/share/arduinobot_cpp_examples/package.zsh'
[0.603s] Level 1:colcon.colcon_core.environment:create_file_with_runtime_dependencies(/home/eeiww/ud90uhak/arduinobot_ws/src/install/arduinobot_cpp_examples/share/colcon-core/packages/arduinobot_cpp_examples)
[0.605s] Level 1:colcon.colcon_core.environment:create_environment_scripts_only(arduinobot_firmware)
[0.605s] Level 1:colcon.colcon_core.environment:checking '/home/eeiww/ud90uhak/arduinobot_ws/src/install/arduinobot_firmware' for CMake module files
[0.609s] Level 1:colcon.colcon_core.environment:checking '/home/eeiww/ud90uhak/arduinobot_ws/src/install/arduinobot_firmware' for CMake config files
[0.609s] DEBUG:colcon.colcon_core.event_handler.log_command:Invoked command in '/home/eeiww/ud90uhak/arduinobot_ws/src/build/arduinobot_firmware' returned '0': CMAKE_PREFIX_PATH=${CMAKE_PREFIX_PATH}:/opt/ros/jazzy DEBUGINFOD_URLS=https://debuginfod.ubuntu.com /usr/bin/cmake --install /home/eeiww/ud90uhak/arduinobot_ws/src/build/arduinobot_firmware
[0.614s] Level 1:colcon.colcon_core.shell:create_environment_hook('arduinobot_firmware', 'cmake_prefix_path')
[0.614s] INFO:colcon.colcon_core.shell:Creating environment hook '/home/eeiww/ud90uhak/arduinobot_ws/src/install/arduinobot_firmware/share/arduinobot_firmware/hook/cmake_prefix_path.ps1'
[0.617s] INFO:colcon.colcon_core.shell:Creating environment descriptor '/home/eeiww/ud90uhak/arduinobot_ws/src/install/arduinobot_firmware/share/arduinobot_firmware/hook/cmake_prefix_path.dsv'
[0.620s] INFO:colcon.colcon_core.shell:Creating environment hook '/home/eeiww/ud90uhak/arduinobot_ws/src/install/arduinobot_firmware/share/arduinobot_firmware/hook/cmake_prefix_path.sh'
[0.623s] Level 1:colcon.colcon_core.environment:checking '/home/eeiww/ud90uhak/arduinobot_ws/src/install/arduinobot_firmware/bin'
[0.623s] Level 1:colcon.colcon_core.environment:checking '/home/eeiww/ud90uhak/arduinobot_ws/src/install/arduinobot_firmware/lib/pkgconfig/arduinobot_firmware.pc'
[0.623s] Level 1:colcon.colcon_core.environment:checking '/home/eeiww/ud90uhak/arduinobot_ws/src/install/arduinobot_firmware/lib/python3.12/site-packages'
[0.624s] Level 1:colcon.colcon_core.environment:checking '/home/eeiww/ud90uhak/arduinobot_ws/src/install/arduinobot_firmware/bin'
[0.624s] INFO:colcon.colcon_core.shell:Creating package script '/home/eeiww/ud90uhak/arduinobot_ws/src/install/arduinobot_firmware/share/arduinobot_firmware/package.ps1'
[0.628s] INFO:colcon.colcon_core.shell:Creating package descriptor '/home/eeiww/ud90uhak/arduinobot_ws/src/install/arduinobot_firmware/share/arduinobot_firmware/package.dsv'
[0.631s] INFO:colcon.colcon_core.shell:Creating package script '/home/eeiww/ud90uhak/arduinobot_ws/src/install/arduinobot_firmware/share/arduinobot_firmware/package.sh'
[0.633s] INFO:colcon.colcon_core.shell:Creating package script '/home/eeiww/ud90uhak/arduinobot_ws/src/install/arduinobot_firmware/share/arduinobot_firmware/package.bash'
[0.636s] INFO:colcon.colcon_core.shell:Creating package script '/home/eeiww/ud90uhak/arduinobot_ws/src/install/arduinobot_firmware/share/arduinobot_firmware/package.zsh'
[0.638s] Level 1:colcon.colcon_core.environment:create_file_with_runtime_dependencies(/home/eeiww/ud90uhak/arduinobot_ws/src/install/arduinobot_firmware/share/colcon-core/packages/arduinobot_firmware)
[0.640s] Level 1:colcon.colcon_core.environment:create_environment_scripts_only(arduinobot_firmware)
[0.640s] Level 1:colcon.colcon_core.environment:checking '/home/eeiww/ud90uhak/arduinobot_ws/src/install/arduinobot_firmware' for CMake module files
[0.642s] Level 1:colcon.colcon_core.environment:checking '/home/eeiww/ud90uhak/arduinobot_ws/src/install/arduinobot_firmware' for CMake config files
[0.646s] Level 1:colcon.colcon_core.shell:create_environment_hook('arduinobot_firmware', 'cmake_prefix_path')
[0.646s] INFO:colcon.colcon_core.shell:Creating environment hook '/home/eeiww/ud90uhak/arduinobot_ws/src/install/arduinobot_firmware/share/arduinobot_firmware/hook/cmake_prefix_path.ps1'
[0.649s] INFO:colcon.colcon_core.shell:Creating environment descriptor '/home/eeiww/ud90uhak/arduinobot_ws/src/install/arduinobot_firmware/share/arduinobot_firmware/hook/cmake_prefix_path.dsv'
[0.651s] INFO:colcon.colcon_core.shell:Creating environment hook '/home/eeiww/ud90uhak/arduinobot_ws/src/install/arduinobot_firmware/share/arduinobot_firmware/hook/cmake_prefix_path.sh'
[0.654s] Level 1:colcon.colcon_core.environment:checking '/home/eeiww/ud90uhak/arduinobot_ws/src/install/arduinobot_firmware/bin'
[0.654s] Level 1:colcon.colcon_core.environment:checking '/home/eeiww/ud90uhak/arduinobot_ws/src/install/arduinobot_firmware/lib/pkgconfig/arduinobot_firmware.pc'
[0.654s] Level 1:colcon.colcon_core.environment:checking '/home/eeiww/ud90uhak/arduinobot_ws/src/install/arduinobot_firmware/lib/python3.12/site-packages'
[0.655s] Level 1:colcon.colcon_core.environment:checking '/home/eeiww/ud90uhak/arduinobot_ws/src/install/arduinobot_firmware/bin'
[0.655s] INFO:colcon.colcon_core.shell:Creating package script '/home/eeiww/ud90uhak/arduinobot_ws/src/install/arduinobot_firmware/share/arduinobot_firmware/package.ps1'
[0.658s] INFO:colcon.colcon_core.shell:Creating package descriptor '/home/eeiww/ud90uhak/arduinobot_ws/src/install/arduinobot_firmware/share/arduinobot_firmware/package.dsv'
[0.661s] INFO:colcon.colcon_core.shell:Creating package script '/home/eeiww/ud90uhak/arduinobot_ws/src/install/arduinobot_firmware/share/arduinobot_firmware/package.sh'
[0.664s] INFO:colcon.colcon_core.shell:Creating package script '/home/eeiww/ud90uhak/arduinobot_ws/src/install/arduinobot_firmware/share/arduinobot_firmware/package.bash'
[0.666s] INFO:colcon.colcon_core.shell:Creating package script '/home/eeiww/ud90uhak/arduinobot_ws/src/install/arduinobot_firmware/share/arduinobot_firmware/package.zsh'
[0.668s] Level 1:colcon.colcon_core.environment:create_file_with_runtime_dependencies(/home/eeiww/ud90uhak/arduinobot_ws/src/install/arduinobot_firmware/share/colcon-core/packages/arduinobot_firmware)
[1.877s] DEBUG:colcon.colcon_core.event_handler.log_command:Invoked command in '/home/eeiww/ud90uhak/arduinobot_ws/src/build/arduinobot_moveit' returned '0': CMAKE_PREFIX_PATH=${CMAKE_PREFIX_PATH}:/opt/ros/jazzy DEBUGINFOD_URLS=https://debuginfod.ubuntu.com /usr/bin/cmake /home/eeiww/ud90uhak/arduinobot_ws/src/arduinobot_moveit -DCMAKE_INSTALL_PREFIX=/home/eeiww/ud90uhak/arduinobot_ws/src/install/arduinobot_moveit
[1.879s] DEBUG:colcon.colcon_core.event_handler.log_command:Invoking command in '/home/eeiww/ud90uhak/arduinobot_ws/src/build/arduinobot_moveit': CMAKE_PREFIX_PATH=${CMAKE_PREFIX_PATH}:/opt/ros/jazzy DEBUGINFOD_URLS=https://debuginfod.ubuntu.com /usr/bin/cmake --build /home/eeiww/ud90uhak/arduinobot_ws/src/build/arduinobot_moveit -- -j8 -l8
[1.925s] DEBUG:colcon.colcon_core.event_handler.log_command:Invoked command in '/home/eeiww/ud90uhak/arduinobot_ws/src/build/arduinobot_moveit' returned '0': CMAKE_PREFIX_PATH=${CMAKE_PREFIX_PATH}:/opt/ros/jazzy DEBUGINFOD_URLS=https://debuginfod.ubuntu.com /usr/bin/cmake --build /home/eeiww/ud90uhak/arduinobot_ws/src/build/arduinobot_moveit -- -j8 -l8
[1.929s] DEBUG:colcon.colcon_core.event_handler.log_command:Invoking command in '/home/eeiww/ud90uhak/arduinobot_ws/src/build/arduinobot_moveit': CMAKE_PREFIX_PATH=${CMAKE_PREFIX_PATH}:/opt/ros/jazzy DEBUGINFOD_URLS=https://debuginfod.ubuntu.com /usr/bin/cmake --install /home/eeiww/ud90uhak/arduinobot_ws/src/build/arduinobot_moveit
[2.068s] Level 1:colcon.colcon_core.environment:create_environment_scripts_only(arduinobot_moveit)
[2.069s] Level 1:colcon.colcon_core.environment:checking '/home/eeiww/ud90uhak/arduinobot_ws/src/install/arduinobot_moveit' for CMake module files
[2.069s] DEBUG:colcon.colcon_core.event_handler.log_command:Invoked command in '/home/eeiww/ud90uhak/arduinobot_ws/src/build/arduinobot_moveit' returned '0': CMAKE_PREFIX_PATH=${CMAKE_PREFIX_PATH}:/opt/ros/jazzy DEBUGINFOD_URLS=https://debuginfod.ubuntu.com /usr/bin/cmake --install /home/eeiww/ud90uhak/arduinobot_ws/src/build/arduinobot_moveit
[2.074s] Level 1:colcon.colcon_core.environment:checking '/home/eeiww/ud90uhak/arduinobot_ws/src/install/arduinobot_moveit' for CMake config files
[2.081s] Level 1:colcon.colcon_core.shell:create_environment_hook('arduinobot_moveit', 'cmake_prefix_path')
[2.081s] INFO:colcon.colcon_core.shell:Creating environment hook '/home/eeiww/ud90uhak/arduinobot_ws/src/install/arduinobot_moveit/share/arduinobot_moveit/hook/cmake_prefix_path.ps1'
[2.084s] INFO:colcon.colcon_core.shell:Creating environment descriptor '/home/eeiww/ud90uhak/arduinobot_ws/src/install/arduinobot_moveit/share/arduinobot_moveit/hook/cmake_prefix_path.dsv'
[2.087s] INFO:colcon.colcon_core.shell:Creating environment hook '/home/eeiww/ud90uhak/arduinobot_ws/src/install/arduinobot_moveit/share/arduinobot_moveit/hook/cmake_prefix_path.sh'
[2.090s] Level 1:colcon.colcon_core.environment:checking '/home/eeiww/ud90uhak/arduinobot_ws/src/install/arduinobot_moveit/bin'
[2.091s] Level 1:colcon.colcon_core.environment:checking '/home/eeiww/ud90uhak/arduinobot_ws/src/install/arduinobot_moveit/lib/pkgconfig/arduinobot_moveit.pc'
[2.091s] Level 1:colcon.colcon_core.environment:checking '/home/eeiww/ud90uhak/arduinobot_ws/src/install/arduinobot_moveit/lib/python3.12/site-packages'
[2.092s] Level 1:colcon.colcon_core.environment:checking '/home/eeiww/ud90uhak/arduinobot_ws/src/install/arduinobot_moveit/bin'
[2.092s] INFO:colcon.colcon_core.shell:Creating package script '/home/eeiww/ud90uhak/arduinobot_ws/src/install/arduinobot_moveit/share/arduinobot_moveit/package.ps1'
[2.096s] INFO:colcon.colcon_core.shell:Creating package descriptor '/home/eeiww/ud90uhak/arduinobot_ws/src/install/arduinobot_moveit/share/arduinobot_moveit/package.dsv'
[2.098s] INFO:colcon.colcon_core.shell:Creating package script '/home/eeiww/ud90uhak/arduinobot_ws/src/install/arduinobot_moveit/share/arduinobot_moveit/package.sh'
[2.101s] INFO:colcon.colcon_core.shell:Creating package script '/home/eeiww/ud90uhak/arduinobot_ws/src/install/arduinobot_moveit/share/arduinobot_moveit/package.bash'
[2.104s] INFO:colcon.colcon_core.shell:Creating package script '/home/eeiww/ud90uhak/arduinobot_ws/src/install/arduinobot_moveit/share/arduinobot_moveit/package.zsh'
[2.106s] Level 1:colcon.colcon_core.environment:create_file_with_runtime_dependencies(/home/eeiww/ud90uhak/arduinobot_ws/src/install/arduinobot_moveit/share/colcon-core/packages/arduinobot_moveit)
[2.112s] Level 1:colcon.colcon_core.environment:create_environment_scripts_only(arduinobot_moveit)
[2.112s] Level 1:colcon.colcon_core.environment:checking '/home/eeiww/ud90uhak/arduinobot_ws/src/install/arduinobot_moveit' for CMake module files
[2.115s] Level 1:colcon.colcon_core.environment:checking '/home/eeiww/ud90uhak/arduinobot_ws/src/install/arduinobot_moveit' for CMake config files
[2.122s] Level 1:colcon.colcon_core.shell:create_environment_hook('arduinobot_moveit', 'cmake_prefix_path')
[2.122s] INFO:colcon.colcon_core.shell:Creating environment hook '/home/eeiww/ud90uhak/arduinobot_ws/src/install/arduinobot_moveit/share/arduinobot_moveit/hook/cmake_prefix_path.ps1'
[2.125s] INFO:colcon.colcon_core.shell:Creating environment descriptor '/home/eeiww/ud90uhak/arduinobot_ws/src/install/arduinobot_moveit/share/arduinobot_moveit/hook/cmake_prefix_path.dsv'
[2.127s] INFO:colcon.colcon_core.shell:Creating environment hook '/home/eeiww/ud90uhak/arduinobot_ws/src/install/arduinobot_moveit/share/arduinobot_moveit/hook/cmake_prefix_path.sh'
[2.130s] Level 1:colcon.colcon_core.environment:checking '/home/eeiww/ud90uhak/arduinobot_ws/src/install/arduinobot_moveit/bin'
[2.130s] Level 1:colcon.colcon_core.environment:checking '/home/eeiww/ud90uhak/arduinobot_ws/src/install/arduinobot_moveit/lib/pkgconfig/arduinobot_moveit.pc'
[2.130s] Level 1:colcon.colcon_core.environment:checking '/home/eeiww/ud90uhak/arduinobot_ws/src/install/arduinobot_moveit/lib/python3.12/site-packages'
[2.131s] Level 1:colcon.colcon_core.environment:checking '/home/eeiww/ud90uhak/arduinobot_ws/src/install/arduinobot_moveit/bin'
[2.131s] INFO:colcon.colcon_core.shell:Creating package script '/home/eeiww/ud90uhak/arduinobot_ws/src/install/arduinobot_moveit/share/arduinobot_moveit/package.ps1'
[2.134s] INFO:colcon.colcon_core.shell:Creating package descriptor '/home/eeiww/ud90uhak/arduinobot_ws/src/install/arduinobot_moveit/share/arduinobot_moveit/package.dsv'
[2.137s] INFO:colcon.colcon_core.shell:Creating package script '/home/eeiww/ud90uhak/arduinobot_ws/src/install/arduinobot_moveit/share/arduinobot_moveit/package.sh'
[2.140s] INFO:colcon.colcon_core.shell:Creating package script '/home/eeiww/ud90uhak/arduinobot_ws/src/install/arduinobot_moveit/share/arduinobot_moveit/package.bash'
[2.142s] INFO:colcon.colcon_core.shell:Creating package script '/home/eeiww/ud90uhak/arduinobot_ws/src/install/arduinobot_moveit/share/arduinobot_moveit/package.zsh'
[2.145s] Level 1:colcon.colcon_core.environment:create_file_with_runtime_dependencies(/home/eeiww/ud90uhak/arduinobot_ws/src/install/arduinobot_moveit/share/colcon-core/packages/arduinobot_moveit)
[2.146s] INFO:colcon.colcon_ros.task.ament_cmake.build:Building ROS package in '/home/eeiww/ud90uhak/arduinobot_ws/src/arduinobot_bringup' with build type 'ament_cmake'
[2.146s] INFO:colcon.colcon_cmake.task.cmake.build:Building CMake package in '/home/eeiww/ud90uhak/arduinobot_ws/src/arduinobot_bringup'
[2.146s] INFO:colcon.colcon_core.shell:Skip shell extension 'powershell' for command environment: Not usable outside of PowerShell
[2.147s] DEBUG:colcon.colcon_core.shell:Skip shell extension 'dsv' for command environment
[2.182s] DEBUG:colcon.colcon_core.event_handler.log_command:Invoking command in '/home/eeiww/ud90uhak/arduinobot_ws/src/build/arduinobot_bringup': AMENT_PREFIX_PATH=/home/eeiww/ud90uhak/arduinobot_ws/src/install/arduinobot_moveit:/home/eeiww/ud90uhak/arduinobot_ws/src/install/arduinobot_description:/home/eeiww/ud90uhak/arduinobot_ws/src/install/arduinobot_controller:${AMENT_PREFIX_PATH} CMAKE_PREFIX_PATH=/home/eeiww/ud90uhak/arduinobot_ws/src/install/arduinobot_moveit:/home/eeiww/ud90uhak/arduinobot_ws/src/install/arduinobot_description:/home/eeiww/ud90uhak/arduinobot_ws/src/install/arduinobot_controller:/opt/ros/jazzy/opt/gz_sim_vendor:/opt/ros/jazzy/opt/gz_sensors_vendor:/opt/ros/jazzy/opt/gz_physics_vendor:/opt/ros/jazzy/opt/sdformat_vendor:/opt/ros/jazzy/opt/gz_gui_vendor:/opt/ros/jazzy/opt/gz_transport_vendor:/opt/ros/jazzy/opt/gz_rendering_vendor:/opt/ros/jazzy/opt/gz_plugin_vendor:/opt/ros/jazzy/opt/gz_fuel_tools_vendor:/opt/ros/jazzy/opt/gz_msgs_vendor:/opt/ros/jazzy/opt/gz_common_vendor:/opt/ros/jazzy/opt/gz_math_vendor:/opt/ros/jazzy/opt/gz_utils_vendor:/opt/ros/jazzy/opt/gz_tools_vendor:/opt/ros/jazzy/opt/gz_ogre_next_vendor:/opt/ros/jazzy/opt/gz_dartsim_vendor:/opt/ros/jazzy/opt/gz_cmake_vendor:/opt/ros/jazzy DEBUGINFOD_URLS=https://debuginfod.ubuntu.com /usr/bin/cmake --build /home/eeiww/ud90uhak/arduinobot_ws/src/build/arduinobot_bringup -- -j8 -l8
[2.221s] DEBUG:colcon.colcon_core.event_handler.log_command:Invoked command in '/home/eeiww/ud90uhak/arduinobot_ws/src/build/arduinobot_bringup' returned '0': AMENT_PREFIX_PATH=/home/eeiww/ud90uhak/arduinobot_ws/src/install/arduinobot_moveit:/home/eeiww/ud90uhak/arduinobot_ws/src/install/arduinobot_description:/home/eeiww/ud90uhak/arduinobot_ws/src/install/arduinobot_controller:${AMENT_PREFIX_PATH} CMAKE_PREFIX_PATH=/home/eeiww/ud90uhak/arduinobot_ws/src/install/arduinobot_moveit:/home/eeiww/ud90uhak/arduinobot_ws/src/install/arduinobot_description:/home/eeiww/ud90uhak/arduinobot_ws/src/install/arduinobot_controller:/opt/ros/jazzy/opt/gz_sim_vendor:/opt/ros/jazzy/opt/gz_sensors_vendor:/opt/ros/jazzy/opt/gz_physics_vendor:/opt/ros/jazzy/opt/sdformat_vendor:/opt/ros/jazzy/opt/gz_gui_vendor:/opt/ros/jazzy/opt/gz_transport_vendor:/opt/ros/jazzy/opt/gz_rendering_vendor:/opt/ros/jazzy/opt/gz_plugin_vendor:/opt/ros/jazzy/opt/gz_fuel_tools_vendor:/opt/ros/jazzy/opt/gz_msgs_vendor:/opt/ros/jazzy/opt/gz_common_vendor:/opt/ros/jazzy/opt/gz_math_vendor:/opt/ros/jazzy/opt/gz_utils_vendor:/opt/ros/jazzy/opt/gz_tools_vendor:/opt/ros/jazzy/opt/gz_ogre_next_vendor:/opt/ros/jazzy/opt/gz_dartsim_vendor:/opt/ros/jazzy/opt/gz_cmake_vendor:/opt/ros/jazzy DEBUGINFOD_URLS=https://debuginfod.ubuntu.com /usr/bin/cmake --build /home/eeiww/ud90uhak/arduinobot_ws/src/build/arduinobot_bringup -- -j8 -l8
[2.223s] DEBUG:colcon.colcon_core.event_handler.log_command:Invoking command in '/home/eeiww/ud90uhak/arduinobot_ws/src/build/arduinobot_bringup': AMENT_PREFIX_PATH=/home/eeiww/ud90uhak/arduinobot_ws/src/install/arduinobot_moveit:/home/eeiww/ud90uhak/arduinobot_ws/src/install/arduinobot_description:/home/eeiww/ud90uhak/arduinobot_ws/src/install/arduinobot_controller:${AMENT_PREFIX_PATH} CMAKE_PREFIX_PATH=/home/eeiww/ud90uhak/arduinobot_ws/src/install/arduinobot_moveit:/home/eeiww/ud90uhak/arduinobot_ws/src/install/arduinobot_description:/home/eeiww/ud90uhak/arduinobot_ws/src/install/arduinobot_controller:/opt/ros/jazzy/opt/gz_sim_vendor:/opt/ros/jazzy/opt/gz_sensors_vendor:/opt/ros/jazzy/opt/gz_physics_vendor:/opt/ros/jazzy/opt/sdformat_vendor:/opt/ros/jazzy/opt/gz_gui_vendor:/opt/ros/jazzy/opt/gz_transport_vendor:/opt/ros/jazzy/opt/gz_rendering_vendor:/opt/ros/jazzy/opt/gz_plugin_vendor:/opt/ros/jazzy/opt/gz_fuel_tools_vendor:/opt/ros/jazzy/opt/gz_msgs_vendor:/opt/ros/jazzy/opt/gz_common_vendor:/opt/ros/jazzy/opt/gz_math_vendor:/opt/ros/jazzy/opt/gz_utils_vendor:/opt/ros/jazzy/opt/gz_tools_vendor:/opt/ros/jazzy/opt/gz_ogre_next_vendor:/opt/ros/jazzy/opt/gz_dartsim_vendor:/opt/ros/jazzy/opt/gz_cmake_vendor:/opt/ros/jazzy DEBUGINFOD_URLS=https://debuginfod.ubuntu.com /usr/bin/cmake --install /home/eeiww/ud90uhak/arduinobot_ws/src/build/arduinobot_bringup
[2.255s] Level 1:colcon.colcon_core.environment:create_environment_scripts_only(arduinobot_bringup)
[2.255s] Level 1:colcon.colcon_core.environment:checking '/home/eeiww/ud90uhak/arduinobot_ws/src/install/arduinobot_bringup' for CMake module files
[2.256s] DEBUG:colcon.colcon_core.event_handler.log_command:Invoked command in '/home/eeiww/ud90uhak/arduinobot_ws/src/build/arduinobot_bringup' returned '0': AMENT_PREFIX_PATH=/home/eeiww/ud90uhak/arduinobot_ws/src/install/arduinobot_moveit:/home/eeiww/ud90uhak/arduinobot_ws/src/install/arduinobot_description:/home/eeiww/ud90uhak/arduinobot_ws/src/install/arduinobot_controller:${AMENT_PREFIX_PATH} CMAKE_PREFIX_PATH=/home/eeiww/ud90uhak/arduinobot_ws/src/install/arduinobot_moveit:/home/eeiww/ud90uhak/arduinobot_ws/src/install/arduinobot_description:/home/eeiww/ud90uhak/arduinobot_ws/src/install/arduinobot_controller:/opt/ros/jazzy/opt/gz_sim_vendor:/opt/ros/jazzy/opt/gz_sensors_vendor:/opt/ros/jazzy/opt/gz_physics_vendor:/opt/ros/jazzy/opt/sdformat_vendor:/opt/ros/jazzy/opt/gz_gui_vendor:/opt/ros/jazzy/opt/gz_transport_vendor:/opt/ros/jazzy/opt/gz_rendering_vendor:/opt/ros/jazzy/opt/gz_plugin_vendor:/opt/ros/jazzy/opt/gz_fuel_tools_vendor:/opt/ros/jazzy/opt/gz_msgs_vendor:/opt/ros/jazzy/opt/gz_common_vendor:/opt/ros/jazzy/opt/gz_math_vendor:/opt/ros/jazzy/opt/gz_utils_vendor:/opt/ros/jazzy/opt/gz_tools_vendor:/opt/ros/jazzy/opt/gz_ogre_next_vendor:/opt/ros/jazzy/opt/gz_dartsim_vendor:/opt/ros/jazzy/opt/gz_cmake_vendor:/opt/ros/jazzy DEBUGINFOD_URLS=https://debuginfod.ubuntu.com /usr/bin/cmake --install /home/eeiww/ud90uhak/arduinobot_ws/src/build/arduinobot_bringup
[2.257s] Level 1:colcon.colcon_core.environment:checking '/home/eeiww/ud90uhak/arduinobot_ws/src/install/arduinobot_bringup' for CMake config files
[2.259s] Level 1:colcon.colcon_core.shell:create_environment_hook('arduinobot_bringup', 'cmake_prefix_path')
[2.260s] INFO:colcon.colcon_core.shell:Creating environment hook '/home/eeiww/ud90uhak/arduinobot_ws/src/install/arduinobot_bringup/share/arduinobot_bringup/hook/cmake_prefix_path.ps1'
[2.262s] INFO:colcon.colcon_core.shell:Creating environment descriptor '/home/eeiww/ud90uhak/arduinobot_ws/src/install/arduinobot_bringup/share/arduinobot_bringup/hook/cmake_prefix_path.dsv'
[2.265s] INFO:colcon.colcon_core.shell:Creating environment hook '/home/eeiww/ud90uhak/arduinobot_ws/src/install/arduinobot_bringup/share/arduinobot_bringup/hook/cmake_prefix_path.sh'
[2.268s] Level 1:colcon.colcon_core.environment:checking '/home/eeiww/ud90uhak/arduinobot_ws/src/install/arduinobot_bringup/bin'
[2.268s] Level 1:colcon.colcon_core.environment:checking '/home/eeiww/ud90uhak/arduinobot_ws/src/install/arduinobot_bringup/lib/pkgconfig/arduinobot_bringup.pc'
[2.268s] Level 1:colcon.colcon_core.environment:checking '/home/eeiww/ud90uhak/arduinobot_ws/src/install/arduinobot_bringup/lib/python3.12/site-packages'
[2.269s] Level 1:colcon.colcon_core.environment:checking '/home/eeiww/ud90uhak/arduinobot_ws/src/install/arduinobot_bringup/bin'
[2.269s] INFO:colcon.colcon_core.shell:Creating package script '/home/eeiww/ud90uhak/arduinobot_ws/src/install/arduinobot_bringup/share/arduinobot_bringup/package.ps1'
[2.272s] INFO:colcon.colcon_core.shell:Creating package descriptor '/home/eeiww/ud90uhak/arduinobot_ws/src/install/arduinobot_bringup/share/arduinobot_bringup/package.dsv'
[2.275s] INFO:colcon.colcon_core.shell:Creating package script '/home/eeiww/ud90uhak/arduinobot_ws/src/install/arduinobot_bringup/share/arduinobot_bringup/package.sh'
[2.278s] INFO:colcon.colcon_core.shell:Creating package script '/home/eeiww/ud90uhak/arduinobot_ws/src/install/arduinobot_bringup/share/arduinobot_bringup/package.bash'
[2.280s] INFO:colcon.colcon_core.shell:Creating package script '/home/eeiww/ud90uhak/arduinobot_ws/src/install/arduinobot_bringup/share/arduinobot_bringup/package.zsh'
[2.283s] Level 1:colcon.colcon_core.environment:create_file_with_runtime_dependencies(/home/eeiww/ud90uhak/arduinobot_ws/src/install/arduinobot_bringup/share/colcon-core/packages/arduinobot_bringup)
[2.286s] Level 1:colcon.colcon_core.environment:create_environment_scripts_only(arduinobot_bringup)
[2.286s] Level 1:colcon.colcon_core.environment:checking '/home/eeiww/ud90uhak/arduinobot_ws/src/install/arduinobot_bringup' for CMake module files
[2.288s] Level 1:colcon.colcon_core.environment:checking '/home/eeiww/ud90uhak/arduinobot_ws/src/install/arduinobot_bringup' for CMake config files
[2.289s] Level 1:colcon.colcon_core.shell:create_environment_hook('arduinobot_bringup', 'cmake_prefix_path')
[2.290s] INFO:colcon.colcon_core.shell:Creating environment hook '/home/eeiww/ud90uhak/arduinobot_ws/src/install/arduinobot_bringup/share/arduinobot_bringup/hook/cmake_prefix_path.ps1'
[2.293s] INFO:colcon.colcon_core.shell:Creating environment descriptor '/home/eeiww/ud90uhak/arduinobot_ws/src/install/arduinobot_bringup/share/arduinobot_bringup/hook/cmake_prefix_path.dsv'
[2.295s] INFO:colcon.colcon_core.shell:Creating environment hook '/home/eeiww/ud90uhak/arduinobot_ws/src/install/arduinobot_bringup/share/arduinobot_bringup/hook/cmake_prefix_path.sh'
[2.298s] Level 1:colcon.colcon_core.environment:checking '/home/eeiww/ud90uhak/arduinobot_ws/src/install/arduinobot_bringup/bin'
[2.298s] Level 1:colcon.colcon_core.environment:checking '/home/eeiww/ud90uhak/arduinobot_ws/src/install/arduinobot_bringup/lib/pkgconfig/arduinobot_bringup.pc'
[2.299s] Level 1:colcon.colcon_core.environment:checking '/home/eeiww/ud90uhak/arduinobot_ws/src/install/arduinobot_bringup/lib/python3.12/site-packages'
[2.299s] Level 1:colcon.colcon_core.environment:checking '/home/eeiww/ud90uhak/arduinobot_ws/src/install/arduinobot_bringup/bin'
[2.300s] INFO:colcon.colcon_core.shell:Creating package script '/home/eeiww/ud90uhak/arduinobot_ws/src/install/arduinobot_bringup/share/arduinobot_bringup/package.ps1'
[2.303s] INFO:colcon.colcon_core.shell:Creating package descriptor '/home/eeiww/ud90uhak/arduinobot_ws/src/install/arduinobot_bringup/share/arduinobot_bringup/package.dsv'
[2.306s] INFO:colcon.colcon_core.shell:Creating package script '/home/eeiww/ud90uhak/arduinobot_ws/src/install/arduinobot_bringup/share/arduinobot_bringup/package.sh'
[2.310s] INFO:colcon.colcon_core.shell:Creating package script '/home/eeiww/ud90uhak/arduinobot_ws/src/install/arduinobot_bringup/share/arduinobot_bringup/package.bash'
[2.313s] INFO:colcon.colcon_core.shell:Creating package script '/home/eeiww/ud90uhak/arduinobot_ws/src/install/arduinobot_bringup/share/arduinobot_bringup/package.zsh'
[2.316s] Level 1:colcon.colcon_core.environment:create_file_with_runtime_dependencies(/home/eeiww/ud90uhak/arduinobot_ws/src/install/arduinobot_bringup/share/colcon-core/packages/arduinobot_bringup)
[2.318s] DEBUG:colcon.colcon_parallel_executor.executor.parallel:closing loop
[2.318s] DEBUG:colcon.colcon_parallel_executor.executor.parallel:loop closed
[2.318s] DEBUG:colcon.colcon_parallel_executor.executor.parallel:run_until_complete finished with '0'
[2.319s] DEBUG:colcon.colcon_core.event_reactor:joining thread
[2.328s] INFO:colcon.colcon_core.plugin_system:Skipping extension 'colcon_notification.desktop_notification.terminal_notifier': Not used on non-Darwin systems
[2.328s] INFO:colcon.colcon_core.plugin_system:Skipping extension 'colcon_notification.desktop_notification.win32': Not used on non-Windows systems
[2.328s] INFO:colcon.colcon_notification.desktop_notification:Sending desktop notification using 'notify2'
[2.339s] DEBUG:colcon.colcon_core.event_reactor:joined thread
[2.339s] INFO:colcon.colcon_core.shell:Creating prefix script '/home/eeiww/ud90uhak/arduinobot_ws/src/install/local_setup.ps1'
[2.343s] INFO:colcon.colcon_core.shell:Creating prefix util module '/home/eeiww/ud90uhak/arduinobot_ws/src/install/_local_setup_util_ps1.py'
[2.347s] INFO:colcon.colcon_core.shell:Creating prefix chain script '/home/eeiww/ud90uhak/arduinobot_ws/src/install/setup.ps1'
[2.350s] INFO:colcon.colcon_core.shell:Creating prefix script '/home/eeiww/ud90uhak/arduinobot_ws/src/install/local_setup.sh'
[2.352s] INFO:colcon.colcon_core.shell:Creating prefix util module '/home/eeiww/ud90uhak/arduinobot_ws/src/install/_local_setup_util_sh.py'
[2.356s] INFO:colcon.colcon_core.shell:Creating prefix chain script '/home/eeiww/ud90uhak/arduinobot_ws/src/install/setup.sh'
[2.359s] INFO:colcon.colcon_core.shell:Creating prefix script '/home/eeiww/ud90uhak/arduinobot_ws/src/install/local_setup.bash'
[2.361s] INFO:colcon.colcon_core.shell:Creating prefix chain script '/home/eeiww/ud90uhak/arduinobot_ws/src/install/setup.bash'
[2.364s] INFO:colcon.colcon_core.shell:Creating prefix script '/home/eeiww/ud90uhak/arduinobot_ws/src/install/local_setup.zsh'
[2.367s] INFO:colcon.colcon_core.shell:Creating prefix chain script '/home/eeiww/ud90uhak/arduinobot_ws/src/install/setup.zsh'
