[0.079s] Invoking command in '/home/eeiww/ud90uhak/arduinobot_ws/src/build/arduinobot_firmware': CMAKE_PREFIX_PATH=${CMAKE_PREFIX_PATH}:/opt/ros/jazzy DEBUGINFOD_URLS=https://debuginfod.ubuntu.com /usr/bin/cmake --build /home/eeiww/ud90uhak/arduinobot_ws/src/build/arduinobot_firmware -- -j8 -l8
[0.127s] -- Found ament_cmake: 2.5.3 (/opt/ros/jazzy/share/ament_cmake/cmake)
[0.360s] -- Found rclcpp: 28.1.6 (/opt/ros/jazzy/share/rclcpp/cmake)
[0.396s] -- Found rosidl_generator_c: 4.6.5 (/opt/ros/jazzy/share/rosidl_generator_c/cmake)
[0.407s] -- Found rosidl_generator_cpp: 4.6.5 (/opt/ros/jazzy/share/rosidl_generator_cpp/cmake)
[0.421s] -- Using all available rosidl_typesupport_c: rosidl_typesupport_fastrtps_c;rosidl_typesupport_introspection_c
[0.436s] -- Using all available rosidl_typesupport_cpp: rosidl_typesupport_fastrtps_cpp;rosidl_typesupport_introspection_cpp
[0.506s] -- Found rmw_implementation_cmake: 7.3.1 (/opt/ros/jazzy/share/rmw_implementation_cmake/cmake)
[0.507s] -- Found rmw_fastrtps_cpp: 8.4.1 (/opt/ros/jazzy/share/rmw_fastrtps_cpp/cmake)
[0.573s] -- Using RMW implementation 'rmw_fastrtps_cpp' as default
[0.641s] -- Found std_msgs: 5.3.5 (/opt/ros/jazzy/share/std_msgs/cmake)
[0.654s] -- Found rclpy: 7.1.3 (/opt/ros/jazzy/share/rclpy/cmake)
[0.755s] -- Found ament_lint_auto: 0.17.1 (/opt/ros/jazzy/share/ament_lint_auto/cmake)
[0.915s] -- Added test 'cppcheck' to perform static code analysis on C / C++ code
[0.915s] -- Configured cppcheck include dirs: 
[0.916s] -- Configured cppcheck exclude dirs and/or files: 
[0.922s] -- Added test 'flake8' to check Python code syntax and style conventions
[0.923s] -- Configured 'flake8' exclude dirs and/or files: 
[0.930s] -- Added test 'lint_cmake' to check CMake code style
[0.934s] -- Added test 'pep257' to check Python code against some of the docstring style conventions in PEP 257
[0.963s] -- Added test 'uncrustify' to check C / C++ code style
[0.964s] -- Configured uncrustify additional arguments: 
[0.970s] -- Added test 'xmllint' to check XML markup files
[0.986s] -- Configuring done (0.9s)
[1.205s] -- Generating done (0.2s)
[1.293s] -- Build files have been written to: /home/eeiww/ud90uhak/arduinobot_ws/src/build/arduinobot_firmware
[1.349s] [ 50%] [32mBuilding CXX object CMakeFiles/simple_serial_receiver.dir/src/simple_serial_receiver.cpp.o[0m
[1.349s] [ 50%] [32mBuilding CXX object CMakeFiles/simple_serial_transmitter.dir/src/simple_serial_transmitter.cpp.o[0m
[1.366s] [ 50%] Built target ament_cmake_python_copy_arduinobot_firmware
[1.648s] running egg_info
[1.649s] creating arduinobot_firmware.egg-info
[1.685s] writing arduinobot_firmware.egg-info/PKG-INFO
[1.688s] writing dependency_links to arduinobot_firmware.egg-info/dependency_links.txt
[1.690s] writing top-level names to arduinobot_firmware.egg-info/top_level.txt
[1.692s] writing manifest file 'arduinobot_firmware.egg-info/SOURCES.txt'
[1.794s] reading manifest file 'arduinobot_firmware.egg-info/SOURCES.txt'
[1.797s] writing manifest file 'arduinobot_firmware.egg-info/SOURCES.txt'
[1.823s] [ 50%] Built target ament_cmake_python_build_arduinobot_firmware_egg
[4.774s] [ 75%] [32m[1mLinking CXX executable simple_serial_receiver[0m
[4.983s] [ 75%] Built target simple_serial_receiver
[7.261s] [100%] [32m[1mLinking CXX executable simple_serial_transmitter[0m
[7.681s] [100%] Built target simple_serial_transmitter
