[0.070s] Invoking command in '/home/eeiww/ud90uhak/arduinobot_ws/src/build/arduinobot_firmware': CMAKE_PREFIX_PATH=${CMAKE_PREFIX_PATH}:/opt/ros/jazzy DEBUGINFOD_URLS=https://debuginfod.ubuntu.com /usr/bin/cmake --build /home/eeiww/ud90uhak/arduinobot_ws/src/build/arduinobot_firmware -- -j8 -l8
[0.109s] Invoked command in '/home/eeiww/ud90uhak/arduinobot_ws/src/build/arduinobot_firmware' returned '0': CMAKE_PREFIX_PATH=${CMAKE_PREFIX_PATH}:/opt/ros/jazzy DEBUGINFOD_URLS=https://debuginfod.ubuntu.com /usr/bin/cmake --build /home/eeiww/ud90uhak/arduinobot_ws/src/build/arduinobot_firmware -- -j8 -l8
[0.110s] Invoking command in '/home/eeiww/ud90uhak/arduinobot_ws/src/build/arduinobot_firmware': CMAKE_PREFIX_PATH=${CMAKE_PREFIX_PATH}:/opt/ros/jazzy DEBUGINFOD_URLS=https://debuginfod.ubuntu.com /usr/bin/cmake --install /home/eeiww/ud90uhak/arduinobot_ws/src/build/arduinobot_firmware
[0.124s] -- Install configuration: ""
[0.124s] -- Up-to-date: /home/eeiww/ud90uhak/arduinobot_ws/src/install/arduinobot_firmware/share/ament_index/resource_index/package_run_dependencies/arduinobot_firmware
[0.124s] -- Up-to-date: /home/eeiww/ud90uhak/arduinobot_ws/src/install/arduinobot_firmware/share/ament_index/resource_index/parent_prefix_path/arduinobot_firmware
[0.124s] -- Up-to-date: /home/eeiww/ud90uhak/arduinobot_ws/src/install/arduinobot_firmware/share/arduinobot_firmware/environment/ament_prefix_path.sh
[0.124s] -- Up-to-date: /home/eeiww/ud90uhak/arduinobot_ws/src/install/arduinobot_firmware/share/arduinobot_firmware/environment/ament_prefix_path.dsv
[0.125s] -- Up-to-date: /home/eeiww/ud90uhak/arduinobot_ws/src/install/arduinobot_firmware/share/arduinobot_firmware/environment/path.sh
[0.126s] -- Up-to-date: /home/eeiww/ud90uhak/arduinobot_ws/src/install/arduinobot_firmware/share/arduinobot_firmware/environment/path.dsv
[0.126s] -- Up-to-date: /home/eeiww/ud90uhak/arduinobot_ws/src/install/arduinobot_firmware/share/arduinobot_firmware/local_setup.bash
[0.127s] -- Up-to-date: /home/eeiww/ud90uhak/arduinobot_ws/src/install/arduinobot_firmware/share/arduinobot_firmware/local_setup.sh
[0.128s] -- Up-to-date: /home/eeiww/ud90uhak/arduinobot_ws/src/install/arduinobot_firmware/share/arduinobot_firmware/local_setup.zsh
[0.129s] -- Up-to-date: /home/eeiww/ud90uhak/arduinobot_ws/src/install/arduinobot_firmware/share/arduinobot_firmware/local_setup.dsv
[0.131s] -- Installing: /home/eeiww/ud90uhak/arduinobot_ws/src/install/arduinobot_firmware/share/arduinobot_firmware/package.dsv
[0.134s] -- Up-to-date: /home/eeiww/ud90uhak/arduinobot_ws/src/install/arduinobot_firmware/share/ament_index/resource_index/packages/arduinobot_firmware
[0.134s] -- Up-to-date: /home/eeiww/ud90uhak/arduinobot_ws/src/install/arduinobot_firmware/share/arduinobot_firmware/cmake/arduinobot_firmwareConfig.cmake
[0.135s] -- Up-to-date: /home/eeiww/ud90uhak/arduinobot_ws/src/install/arduinobot_firmware/share/arduinobot_firmware/cmake/arduinobot_firmwareConfig-version.cmake
[0.136s] -- Up-to-date: /home/eeiww/ud90uhak/arduinobot_ws/src/install/arduinobot_firmware/share/arduinobot_firmware/package.xml
[0.328s] Invoked command in '/home/eeiww/ud90uhak/arduinobot_ws/src/build/arduinobot_firmware' returned '0': CMAKE_PREFIX_PATH=${CMAKE_PREFIX_PATH}:/opt/ros/jazzy DEBUGINFOD_URLS=https://debuginfod.ubuntu.com /usr/bin/cmake --install /home/eeiww/ud90uhak/arduinobot_ws/src/build/arduinobot_firmware
