[0.021s] Invoking command in '/home/eeiww/ud90uhak/arduinobot_ws/src/build/arduinobot_bringup': AMENT_PREFIX_PATH=/home/eeiww/ud90uhak/arduinobot_ws/src/install/arduinobot_controller:${AMENT_PREFIX_PATH} CMAKE_PREFIX_PATH=/home/eeiww/ud90uhak/arduinobot_ws/src/install/arduinobot_controller:/opt/ros/jazzy/opt/gz_sim_vendor:/opt/ros/jazzy/opt/gz_sensors_vendor:/opt/ros/jazzy/opt/gz_physics_vendor:/opt/ros/jazzy/opt/sdformat_vendor:/opt/ros/jazzy/opt/gz_gui_vendor:/opt/ros/jazzy/opt/gz_transport_vendor:/opt/ros/jazzy/opt/gz_rendering_vendor:/opt/ros/jazzy/opt/gz_plugin_vendor:/opt/ros/jazzy/opt/gz_fuel_tools_vendor:/opt/ros/jazzy/opt/gz_msgs_vendor:/opt/ros/jazzy/opt/gz_common_vendor:/opt/ros/jazzy/opt/gz_math_vendor:/opt/ros/jazzy/opt/gz_utils_vendor:/opt/ros/jazzy/opt/gz_tools_vendor:/opt/ros/jazzy/opt/gz_ogre_next_vendor:/opt/ros/jazzy/opt/gz_dartsim_vendor:/opt/ros/jazzy/opt/gz_cmake_vendor:/opt/ros/jazzy DEBUGINFOD_URLS=https://debuginfod.ubuntu.com /usr/bin/cmake --build /home/eeiww/ud90uhak/arduinobot_ws/src/build/arduinobot_bringup -- -j8 -l8
[0.059s] Invoked command in '/home/eeiww/ud90uhak/arduinobot_ws/src/build/arduinobot_bringup' returned '0': AMENT_PREFIX_PATH=/home/eeiww/ud90uhak/arduinobot_ws/src/install/arduinobot_controller:${AMENT_PREFIX_PATH} CMAKE_PREFIX_PATH=/home/eeiww/ud90uhak/arduinobot_ws/src/install/arduinobot_controller:/opt/ros/jazzy/opt/gz_sim_vendor:/opt/ros/jazzy/opt/gz_sensors_vendor:/opt/ros/jazzy/opt/gz_physics_vendor:/opt/ros/jazzy/opt/sdformat_vendor:/opt/ros/jazzy/opt/gz_gui_vendor:/opt/ros/jazzy/opt/gz_transport_vendor:/opt/ros/jazzy/opt/gz_rendering_vendor:/opt/ros/jazzy/opt/gz_plugin_vendor:/opt/ros/jazzy/opt/gz_fuel_tools_vendor:/opt/ros/jazzy/opt/gz_msgs_vendor:/opt/ros/jazzy/opt/gz_common_vendor:/opt/ros/jazzy/opt/gz_math_vendor:/opt/ros/jazzy/opt/gz_utils_vendor:/opt/ros/jazzy/opt/gz_tools_vendor:/opt/ros/jazzy/opt/gz_ogre_next_vendor:/opt/ros/jazzy/opt/gz_dartsim_vendor:/opt/ros/jazzy/opt/gz_cmake_vendor:/opt/ros/jazzy DEBUGINFOD_URLS=https://debuginfod.ubuntu.com /usr/bin/cmake --build /home/eeiww/ud90uhak/arduinobot_ws/src/build/arduinobot_bringup -- -j8 -l8
[0.060s] Invoking command in '/home/eeiww/ud90uhak/arduinobot_ws/src/build/arduinobot_bringup': AMENT_PREFIX_PATH=/home/eeiww/ud90uhak/arduinobot_ws/src/install/arduinobot_controller:${AMENT_PREFIX_PATH} CMAKE_PREFIX_PATH=/home/eeiww/ud90uhak/arduinobot_ws/src/install/arduinobot_controller:/opt/ros/jazzy/opt/gz_sim_vendor:/opt/ros/jazzy/opt/gz_sensors_vendor:/opt/ros/jazzy/opt/gz_physics_vendor:/opt/ros/jazzy/opt/sdformat_vendor:/opt/ros/jazzy/opt/gz_gui_vendor:/opt/ros/jazzy/opt/gz_transport_vendor:/opt/ros/jazzy/opt/gz_rendering_vendor:/opt/ros/jazzy/opt/gz_plugin_vendor:/opt/ros/jazzy/opt/gz_fuel_tools_vendor:/opt/ros/jazzy/opt/gz_msgs_vendor:/opt/ros/jazzy/opt/gz_common_vendor:/opt/ros/jazzy/opt/gz_math_vendor:/opt/ros/jazzy/opt/gz_utils_vendor:/opt/ros/jazzy/opt/gz_tools_vendor:/opt/ros/jazzy/opt/gz_ogre_next_vendor:/opt/ros/jazzy/opt/gz_dartsim_vendor:/opt/ros/jazzy/opt/gz_cmake_vendor:/opt/ros/jazzy DEBUGINFOD_URLS=https://debuginfod.ubuntu.com /usr/bin/cmake --install /home/eeiww/ud90uhak/arduinobot_ws/src/build/arduinobot_bringup
[0.068s] -- Install configuration: ""
[0.069s] -- Up-to-date: /home/eeiww/ud90uhak/arduinobot_ws/src/install/arduinobot_bringup/share/arduinobot_bringup/launch
[0.071s] -- Up-to-date: /home/eeiww/ud90uhak/arduinobot_ws/src/install/arduinobot_bringup/share/arduinobot_bringup/launch/real_robot.launch.py
[0.071s] -- Up-to-date: /home/eeiww/ud90uhak/arduinobot_ws/src/install/arduinobot_bringup/share/arduinobot_bringup/launch/simulated_robot.launch.py
[0.072s] -- Up-to-date: /home/eeiww/ud90uhak/arduinobot_ws/src/install/arduinobot_bringup/share/ament_index/resource_index/package_run_dependencies/arduinobot_bringup
[0.074s] -- Up-to-date: /home/eeiww/ud90uhak/arduinobot_ws/src/install/arduinobot_bringup/share/ament_index/resource_index/parent_prefix_path/arduinobot_bringup
[0.075s] -- Up-to-date: /home/eeiww/ud90uhak/arduinobot_ws/src/install/arduinobot_bringup/share/arduinobot_bringup/environment/ament_prefix_path.sh
[0.075s] -- Up-to-date: /home/eeiww/ud90uhak/arduinobot_ws/src/install/arduinobot_bringup/share/arduinobot_bringup/environment/ament_prefix_path.dsv
[0.076s] -- Up-to-date: /home/eeiww/ud90uhak/arduinobot_ws/src/install/arduinobot_bringup/share/arduinobot_bringup/environment/path.sh
[0.077s] -- Up-to-date: /home/eeiww/ud90uhak/arduinobot_ws/src/install/arduinobot_bringup/share/arduinobot_bringup/environment/path.dsv
[0.078s] -- Up-to-date: /home/eeiww/ud90uhak/arduinobot_ws/src/install/arduinobot_bringup/share/arduinobot_bringup/local_setup.bash
[0.079s] -- Up-to-date: /home/eeiww/ud90uhak/arduinobot_ws/src/install/arduinobot_bringup/share/arduinobot_bringup/local_setup.sh
[0.080s] -- Up-to-date: /home/eeiww/ud90uhak/arduinobot_ws/src/install/arduinobot_bringup/share/arduinobot_bringup/local_setup.zsh
[0.081s] -- Up-to-date: /home/eeiww/ud90uhak/arduinobot_ws/src/install/arduinobot_bringup/share/arduinobot_bringup/local_setup.dsv
[0.082s] -- Installing: /home/eeiww/ud90uhak/arduinobot_ws/src/install/arduinobot_bringup/share/arduinobot_bringup/package.dsv
[0.086s] -- Up-to-date: /home/eeiww/ud90uhak/arduinobot_ws/src/install/arduinobot_bringup/share/ament_index/resource_index/packages/arduinobot_bringup
[0.087s] -- Up-to-date: /home/eeiww/ud90uhak/arduinobot_ws/src/install/arduinobot_bringup/share/arduinobot_bringup/cmake/arduinobot_bringupConfig.cmake
[0.088s] -- Up-to-date: /home/eeiww/ud90uhak/arduinobot_ws/src/install/arduinobot_bringup/share/arduinobot_bringup/cmake/arduinobot_bringupConfig-version.cmake
[0.089s] -- Up-to-date: /home/eeiww/ud90uhak/arduinobot_ws/src/install/arduinobot_bringup/share/arduinobot_bringup/package.xml
[0.093s] Invoked command in '/home/eeiww/ud90uhak/arduinobot_ws/src/build/arduinobot_bringup' returned '0': AMENT_PREFIX_PATH=/home/eeiww/ud90uhak/arduinobot_ws/src/install/arduinobot_controller:${AMENT_PREFIX_PATH} CMAKE_PREFIX_PATH=/home/eeiww/ud90uhak/arduinobot_ws/src/install/arduinobot_controller:/opt/ros/jazzy/opt/gz_sim_vendor:/opt/ros/jazzy/opt/gz_sensors_vendor:/opt/ros/jazzy/opt/gz_physics_vendor:/opt/ros/jazzy/opt/sdformat_vendor:/opt/ros/jazzy/opt/gz_gui_vendor:/opt/ros/jazzy/opt/gz_transport_vendor:/opt/ros/jazzy/opt/gz_rendering_vendor:/opt/ros/jazzy/opt/gz_plugin_vendor:/opt/ros/jazzy/opt/gz_fuel_tools_vendor:/opt/ros/jazzy/opt/gz_msgs_vendor:/opt/ros/jazzy/opt/gz_common_vendor:/opt/ros/jazzy/opt/gz_math_vendor:/opt/ros/jazzy/opt/gz_utils_vendor:/opt/ros/jazzy/opt/gz_tools_vendor:/opt/ros/jazzy/opt/gz_ogre_next_vendor:/opt/ros/jazzy/opt/gz_dartsim_vendor:/opt/ros/jazzy/opt/gz_cmake_vendor:/opt/ros/jazzy DEBUGINFOD_URLS=https://debuginfod.ubuntu.com /usr/bin/cmake --install /home/eeiww/ud90uhak/arduinobot_ws/src/build/arduinobot_bringup
