[0.067s] Invoking command in '/home/eeiww/ud90uhak/arduinobot_ws/src/build/aduinobot_remote': CMAKE_PREFIX_PATH=${CMAKE_PREFIX_PATH}:/opt/ros/jazzy DEBUGINFOD_URLS=https://debuginfod.ubuntu.com /usr/bin/cmake /home/eeiww/ud90uhak/arduinobot_ws/src/aduinobot_remote -DCMAKE_INSTALL_PREFIX=/home/eeiww/ud90uhak/arduinobot_ws/src/install/aduinobot_remote
[0.157s] -- The C compiler identification is GNU 13.3.0
[0.237s] -- The CXX compiler identification is GNU 13.3.0
[0.259s] -- Detecting C compiler ABI info
[0.464s] -- Detecting C compiler ABI info - done
[0.476s] -- Check for working C compiler: /usr/bin/cc - skipped
[0.476s] -- Detecting C compile features
[0.476s] -- Detecting C compile features - done
[0.493s] -- Detecting CXX compiler ABI info
[0.705s] -- Detecting CXX compiler ABI info - done
[0.718s] -- Check for working CXX compiler: /usr/bin/c++ - skipped
[0.718s] -- Detecting CXX compile features
[0.718s] -- Detecting CXX compile features - done
[0.737s] -- Found ament_cmake: 2.5.3 (/opt/ros/jazzy/share/ament_cmake/cmake)
[0.872s] -- Found Python3: /usr/bin/python3 (found version "3.12.3") found components: Interpreter 
[1.083s] -- Found ament_lint_auto: 0.17.1 (/opt/ros/jazzy/share/ament_lint_auto/cmake)
[1.298s] -- Added test 'lint_cmake' to check CMake code style
[1.325s] -- Added test 'xmllint' to check XML markup files
[1.357s] -- Configuring done (1.3s)
[1.463s] -- Generating done (0.1s)
[1.511s] -- Build files have been written to: /home/eeiww/ud90uhak/arduinobot_ws/src/build/aduinobot_remote
[1.514s] Invoked command in '/home/eeiww/ud90uhak/arduinobot_ws/src/build/aduinobot_remote' returned '0': CMAKE_PREFIX_PATH=${CMAKE_PREFIX_PATH}:/opt/ros/jazzy DEBUGINFOD_URLS=https://debuginfod.ubuntu.com /usr/bin/cmake /home/eeiww/ud90uhak/arduinobot_ws/src/aduinobot_remote -DCMAKE_INSTALL_PREFIX=/home/eeiww/ud90uhak/arduinobot_ws/src/install/aduinobot_remote
[1.516s] Invoking command in '/home/eeiww/ud90uhak/arduinobot_ws/src/build/aduinobot_remote': CMAKE_PREFIX_PATH=${CMAKE_PREFIX_PATH}:/opt/ros/jazzy DEBUGINFOD_URLS=https://debuginfod.ubuntu.com /usr/bin/cmake --build /home/eeiww/ud90uhak/arduinobot_ws/src/build/aduinobot_remote -- -j8 -l8
[1.561s] Invoked command in '/home/eeiww/ud90uhak/arduinobot_ws/src/build/aduinobot_remote' returned '0': CMAKE_PREFIX_PATH=${CMAKE_PREFIX_PATH}:/opt/ros/jazzy DEBUGINFOD_URLS=https://debuginfod.ubuntu.com /usr/bin/cmake --build /home/eeiww/ud90uhak/arduinobot_ws/src/build/aduinobot_remote -- -j8 -l8
[1.566s] Invoking command in '/home/eeiww/ud90uhak/arduinobot_ws/src/build/aduinobot_remote': CMAKE_PREFIX_PATH=${CMAKE_PREFIX_PATH}:/opt/ros/jazzy DEBUGINFOD_URLS=https://debuginfod.ubuntu.com /usr/bin/cmake --install /home/eeiww/ud90uhak/arduinobot_ws/src/build/aduinobot_remote
[1.574s] -- Install configuration: ""
[1.581s] -- Installing: /home/eeiww/ud90uhak/arduinobot_ws/src/install/aduinobot_remote/share/ament_index/resource_index/package_run_dependencies/aduinobot_remote
[1.594s] -- Installing: /home/eeiww/ud90uhak/arduinobot_ws/src/install/aduinobot_remote/share/ament_index/resource_index/parent_prefix_path/aduinobot_remote
[1.608s] -- Installing: /home/eeiww/ud90uhak/arduinobot_ws/src/install/aduinobot_remote/share/aduinobot_remote/environment/ament_prefix_path.sh
[1.614s] -- Installing: /home/eeiww/ud90uhak/arduinobot_ws/src/install/aduinobot_remote/share/aduinobot_remote/environment/ament_prefix_path.dsv
[1.622s] -- Installing: /home/eeiww/ud90uhak/arduinobot_ws/src/install/aduinobot_remote/share/aduinobot_remote/environment/path.sh
[1.628s] -- Installing: /home/eeiww/ud90uhak/arduinobot_ws/src/install/aduinobot_remote/share/aduinobot_remote/environment/path.dsv
[1.634s] -- Installing: /home/eeiww/ud90uhak/arduinobot_ws/src/install/aduinobot_remote/share/aduinobot_remote/local_setup.bash
[1.640s] -- Installing: /home/eeiww/ud90uhak/arduinobot_ws/src/install/aduinobot_remote/share/aduinobot_remote/local_setup.sh
[1.647s] -- Installing: /home/eeiww/ud90uhak/arduinobot_ws/src/install/aduinobot_remote/share/aduinobot_remote/local_setup.zsh
[1.654s] -- Installing: /home/eeiww/ud90uhak/arduinobot_ws/src/install/aduinobot_remote/share/aduinobot_remote/local_setup.dsv
[1.660s] -- Installing: /home/eeiww/ud90uhak/arduinobot_ws/src/install/aduinobot_remote/share/aduinobot_remote/package.dsv
[1.670s] -- Installing: /home/eeiww/ud90uhak/arduinobot_ws/src/install/aduinobot_remote/share/ament_index/resource_index/packages/aduinobot_remote
[1.678s] -- Installing: /home/eeiww/ud90uhak/arduinobot_ws/src/install/aduinobot_remote/share/aduinobot_remote/cmake/aduinobot_remoteConfig.cmake
[1.684s] -- Installing: /home/eeiww/ud90uhak/arduinobot_ws/src/install/aduinobot_remote/share/aduinobot_remote/cmake/aduinobot_remoteConfig-version.cmake
[1.690s] -- Installing: /home/eeiww/ud90uhak/arduinobot_ws/src/install/aduinobot_remote/share/aduinobot_remote/package.xml
[1.697s] Invoked command in '/home/eeiww/ud90uhak/arduinobot_ws/src/build/aduinobot_remote' returned '0': CMAKE_PREFIX_PATH=${CMAKE_PREFIX_PATH}:/opt/ros/jazzy DEBUGINFOD_URLS=https://debuginfod.ubuntu.com /usr/bin/cmake --install /home/eeiww/ud90uhak/arduinobot_ws/src/build/aduinobot_remote
