[0.109s] DEBUG:colcon:Command line arguments: ['/usr/bin/colcon', 'build']
[0.109s] DEBUG:colcon:Parsed command line arguments: Namespace(log_base=None, log_level=None, verb_name='build', build_base='build', install_base='install', merge_install=False, symlink_install=False, test_result_base=None, continue_on_error=False, executor='parallel', parallel_workers=8, event_handlers=None, ignore_user_meta=False, metas=['./colcon.meta'], base_paths=['.'], packages_ignore=None, packages_ignore_regex=None, paths=None, packages_up_to=None, packages_up_to_regex=None, packages_above=None, packages_above_and_dependencies=None, packages_above_depth=None, packages_select_by_dep=None, packages_skip_by_dep=None, packages_skip_up_to=None, packages_select_build_failed=False, packages_skip_build_finished=False, packages_select_test_failures=False, packages_skip_test_passed=False, packages_select=None, packages_skip=None, packages_select_regex=None, packages_skip_regex=None, packages_start=None, packages_end=None, allow_overriding=[], cmake_args=None, cmake_target=None, cmake_target_skip_unavailable=False, cmake_clean_cache=False, cmake_clean_first=False, cmake_force_configure=False, ament_cmake_args=None, catkin_cmake_args=None, catkin_skip_building_tests=False, mixin_files=None, mixin=None, verb_parser=<colcon_mixin.mixin.mixin_argument.MixinArgumentDecorator object at 0x72363bfe3f50>, verb_extension=<colcon_core.verb.build.BuildVerb object at 0x72363bf79d30>, main=<bound method BuildVerb.main of <colcon_core.verb.build.BuildVerb object at 0x72363bf79d30>>, mixin_verb=('build',))
[0.154s] Level 1:colcon.colcon_core.package_discovery:discover_packages(colcon_meta) check parameters
[0.155s] Level 1:colcon.colcon_core.package_discovery:discover_packages(recursive) check parameters
[0.155s] Level 1:colcon.colcon_core.package_discovery:discover_packages(ignore) check parameters
[0.155s] Level 1:colcon.colcon_core.package_discovery:discover_packages(path) check parameters
[0.155s] Level 1:colcon.colcon_core.package_discovery:discover_packages(colcon_meta) discover
[0.155s] Level 1:colcon.colcon_core.package_discovery:discover_packages(recursive) discover
[0.155s] INFO:colcon.colcon_core.package_discovery:Crawling recursively for packages in '/home/eeiww/ud90uhak/arduinobot_ws/src'
[0.157s] Level 1:colcon.colcon_core.package_identification:_identify(.) by extensions ['ignore', 'ignore_ament_install']
[0.157s] Level 1:colcon.colcon_core.package_identification:_identify(.) by extension 'ignore'
[0.157s] Level 1:colcon.colcon_core.package_identification:_identify(.) by extension 'ignore_ament_install'
[0.157s] Level 1:colcon.colcon_core.package_identification:_identify(.) by extensions ['colcon_pkg']
[0.157s] Level 1:colcon.colcon_core.package_identification:_identify(.) by extension 'colcon_pkg'
[0.157s] Level 1:colcon.colcon_core.package_identification:_identify(.) by extensions ['colcon_meta']
[0.157s] Level 1:colcon.colcon_core.package_identification:_identify(.) by extension 'colcon_meta'
[0.157s] Level 1:colcon.colcon_core.package_identification:_identify(.) by extensions ['ros']
[0.157s] Level 1:colcon.colcon_core.package_identification:_identify(.) by extension 'ros'
[0.177s] Level 1:colcon.colcon_core.package_identification:_identify(.) by extensions ['cmake', 'python']
[0.177s] Level 1:colcon.colcon_core.package_identification:_identify(.) by extension 'cmake'
[0.177s] Level 1:colcon.colcon_core.package_identification:_identify(.) by extension 'python'
[0.177s] Level 1:colcon.colcon_core.package_identification:_identify(.) by extensions ['python_setup_py']
[0.177s] Level 1:colcon.colcon_core.package_identification:_identify(.) by extension 'python_setup_py'
[0.178s] Level 1:colcon.colcon_core.package_identification:_identify(arduinobot_bringup) by extensions ['ignore', 'ignore_ament_install']
[0.178s] Level 1:colcon.colcon_core.package_identification:_identify(arduinobot_bringup) by extension 'ignore'
[0.178s] Level 1:colcon.colcon_core.package_identification:_identify(arduinobot_bringup) by extension 'ignore_ament_install'
[0.178s] Level 1:colcon.colcon_core.package_identification:_identify(arduinobot_bringup) by extensions ['colcon_pkg']
[0.178s] Level 1:colcon.colcon_core.package_identification:_identify(arduinobot_bringup) by extension 'colcon_pkg'
[0.178s] Level 1:colcon.colcon_core.package_identification:_identify(arduinobot_bringup) by extensions ['colcon_meta']
[0.179s] Level 1:colcon.colcon_core.package_identification:_identify(arduinobot_bringup) by extension 'colcon_meta'
[0.179s] Level 1:colcon.colcon_core.package_identification:_identify(arduinobot_bringup) by extensions ['ros']
[0.179s] Level 1:colcon.colcon_core.package_identification:_identify(arduinobot_bringup) by extension 'ros'
[0.180s] DEBUG:colcon.colcon_core.package_identification:Package 'arduinobot_bringup' with type 'ros.ament_cmake' and name 'arduinobot_bringup'
[0.183s] Level 1:colcon.colcon_core.package_identification:_identify(build) by extensions ['ignore', 'ignore_ament_install']
[0.183s] Level 1:colcon.colcon_core.package_identification:_identify(build) by extension 'ignore'
[0.183s] Level 1:colcon.colcon_core.package_identification:_identify(build) ignored
[0.185s] Level 1:colcon.colcon_core.package_identification:_identify(install) by extensions ['ignore', 'ignore_ament_install']
[0.186s] Level 1:colcon.colcon_core.package_identification:_identify(install) by extension 'ignore'
[0.186s] Level 1:colcon.colcon_core.package_identification:_identify(install) ignored
[0.188s] Level 1:colcon.colcon_core.package_identification:_identify(log) by extensions ['ignore', 'ignore_ament_install']
[0.188s] Level 1:colcon.colcon_core.package_identification:_identify(log) by extension 'ignore'
[0.188s] Level 1:colcon.colcon_core.package_identification:_identify(log) ignored
[0.188s] Level 1:colcon.colcon_core.package_discovery:discover_packages(recursive) using defaults
[0.188s] Level 1:colcon.colcon_core.package_discovery:discover_packages(ignore) discover
[0.188s] Level 1:colcon.colcon_core.package_discovery:discover_packages(ignore) using defaults
[0.188s] Level 1:colcon.colcon_core.package_discovery:discover_packages(path) discover
[0.188s] Level 1:colcon.colcon_core.package_discovery:discover_packages(path) using defaults
[0.202s] Level 1:colcon.colcon_core.package_discovery:discover_packages(prefix_path) check parameters
[0.202s] Level 1:colcon.colcon_core.package_discovery:discover_packages(prefix_path) discover
[0.204s] DEBUG:colcon.colcon_installed_package_information.package_discovery:Found 337 installed packages in /opt/ros/jazzy
[0.205s] Level 1:colcon.colcon_core.package_discovery:discover_packages(prefix_path) using defaults
[0.245s] Level 5:colcon.colcon_core.verb:set package 'arduinobot_bringup' build argument 'cmake_args' from command line to 'None'
[0.245s] Level 5:colcon.colcon_core.verb:set package 'arduinobot_bringup' build argument 'cmake_target' from command line to 'None'
[0.245s] Level 5:colcon.colcon_core.verb:set package 'arduinobot_bringup' build argument 'cmake_target_skip_unavailable' from command line to 'False'
[0.245s] Level 5:colcon.colcon_core.verb:set package 'arduinobot_bringup' build argument 'cmake_clean_cache' from command line to 'False'
[0.245s] Level 5:colcon.colcon_core.verb:set package 'arduinobot_bringup' build argument 'cmake_clean_first' from command line to 'False'
[0.245s] Level 5:colcon.colcon_core.verb:set package 'arduinobot_bringup' build argument 'cmake_force_configure' from command line to 'False'
[0.245s] Level 5:colcon.colcon_core.verb:set package 'arduinobot_bringup' build argument 'ament_cmake_args' from command line to 'None'
[0.245s] Level 5:colcon.colcon_core.verb:set package 'arduinobot_bringup' build argument 'catkin_cmake_args' from command line to 'None'
[0.245s] Level 5:colcon.colcon_core.verb:set package 'arduinobot_bringup' build argument 'catkin_skip_building_tests' from command line to 'False'
[0.245s] DEBUG:colcon.colcon_core.verb:Building package 'arduinobot_bringup' with the following arguments: {'ament_cmake_args': None, 'build_base': '/home/eeiww/ud90uhak/arduinobot_ws/src/build/arduinobot_bringup', 'catkin_cmake_args': None, 'catkin_skip_building_tests': False, 'cmake_args': None, 'cmake_clean_cache': False, 'cmake_clean_first': False, 'cmake_force_configure': False, 'cmake_target': None, 'cmake_target_skip_unavailable': False, 'install_base': '/home/eeiww/ud90uhak/arduinobot_ws/src/install/arduinobot_bringup', 'merge_install': False, 'path': '/home/eeiww/ud90uhak/arduinobot_ws/src/arduinobot_bringup', 'symlink_install': False, 'test_result_base': None}
[0.246s] INFO:colcon.colcon_core.executor:Executing jobs using 'parallel' executor
[0.246s] DEBUG:colcon.colcon_parallel_executor.executor.parallel:run_until_complete
[0.246s] INFO:colcon.colcon_ros.task.ament_cmake.build:Building ROS package in '/home/eeiww/ud90uhak/arduinobot_ws/src/arduinobot_bringup' with build type 'ament_cmake'
[0.246s] INFO:colcon.colcon_cmake.task.cmake.build:Building CMake package in '/home/eeiww/ud90uhak/arduinobot_ws/src/arduinobot_bringup'
[0.248s] INFO:colcon.colcon_core.plugin_system:Skipping extension 'colcon_core.shell.bat': Not used on non-Windows systems
[0.248s] INFO:colcon.colcon_core.shell:Skip shell extension 'powershell' for command environment: Not usable outside of PowerShell
[0.248s] DEBUG:colcon.colcon_core.shell:Skip shell extension 'dsv' for command environment
[0.278s] DEBUG:colcon.colcon_core.event_handler.log_command:Invoking command in '/home/eeiww/ud90uhak/arduinobot_ws/src/build/arduinobot_bringup': CMAKE_PREFIX_PATH=${CMAKE_PREFIX_PATH}:/opt/ros/jazzy DEBUGINFOD_URLS=https://debuginfod.ubuntu.com /usr/bin/cmake /home/eeiww/ud90uhak/arduinobot_ws/src/arduinobot_bringup -DCMAKE_INSTALL_PREFIX=/home/eeiww/ud90uhak/arduinobot_ws/src/install/arduinobot_bringup
[1.819s] DEBUG:colcon.colcon_core.event_handler.log_command:Invoked command in '/home/eeiww/ud90uhak/arduinobot_ws/src/build/arduinobot_bringup' returned '0': CMAKE_PREFIX_PATH=${CMAKE_PREFIX_PATH}:/opt/ros/jazzy DEBUGINFOD_URLS=https://debuginfod.ubuntu.com /usr/bin/cmake /home/eeiww/ud90uhak/arduinobot_ws/src/arduinobot_bringup -DCMAKE_INSTALL_PREFIX=/home/eeiww/ud90uhak/arduinobot_ws/src/install/arduinobot_bringup
[1.821s] DEBUG:colcon.colcon_core.event_handler.log_command:Invoking command in '/home/eeiww/ud90uhak/arduinobot_ws/src/build/arduinobot_bringup': CMAKE_PREFIX_PATH=${CMAKE_PREFIX_PATH}:/opt/ros/jazzy DEBUGINFOD_URLS=https://debuginfod.ubuntu.com /usr/bin/cmake --build /home/eeiww/ud90uhak/arduinobot_ws/src/build/arduinobot_bringup -- -j8 -l8
[1.873s] DEBUG:colcon.colcon_core.event_handler.log_command:Invoked command in '/home/eeiww/ud90uhak/arduinobot_ws/src/build/arduinobot_bringup' returned '0': CMAKE_PREFIX_PATH=${CMAKE_PREFIX_PATH}:/opt/ros/jazzy DEBUGINFOD_URLS=https://debuginfod.ubuntu.com /usr/bin/cmake --build /home/eeiww/ud90uhak/arduinobot_ws/src/build/arduinobot_bringup -- -j8 -l8
[1.888s] DEBUG:colcon.colcon_core.event_handler.log_command:Invoking command in '/home/eeiww/ud90uhak/arduinobot_ws/src/build/arduinobot_bringup': CMAKE_PREFIX_PATH=${CMAKE_PREFIX_PATH}:/opt/ros/jazzy DEBUGINFOD_URLS=https://debuginfod.ubuntu.com /usr/bin/cmake --install /home/eeiww/ud90uhak/arduinobot_ws/src/build/arduinobot_bringup
[2.061s] Level 1:colcon.colcon_core.environment:create_environment_scripts_only(arduinobot_bringup)
[2.061s] DEBUG:colcon.colcon_core.event_handler.log_command:Invoked command in '/home/eeiww/ud90uhak/arduinobot_ws/src/build/arduinobot_bringup' returned '0': CMAKE_PREFIX_PATH=${CMAKE_PREFIX_PATH}:/opt/ros/jazzy DEBUGINFOD_URLS=https://debuginfod.ubuntu.com /usr/bin/cmake --install /home/eeiww/ud90uhak/arduinobot_ws/src/build/arduinobot_bringup
[2.063s] Level 1:colcon.colcon_core.environment:checking '/home/eeiww/ud90uhak/arduinobot_ws/src/install/arduinobot_bringup' for CMake module files
[2.068s] Level 1:colcon.colcon_core.environment:checking '/home/eeiww/ud90uhak/arduinobot_ws/src/install/arduinobot_bringup' for CMake config files
[2.072s] Level 1:colcon.colcon_core.shell:create_environment_hook('arduinobot_bringup', 'cmake_prefix_path')
[2.072s] INFO:colcon.colcon_core.shell:Creating environment hook '/home/eeiww/ud90uhak/arduinobot_ws/src/install/arduinobot_bringup/share/arduinobot_bringup/hook/cmake_prefix_path.ps1'
[2.076s] INFO:colcon.colcon_core.shell:Creating environment descriptor '/home/eeiww/ud90uhak/arduinobot_ws/src/install/arduinobot_bringup/share/arduinobot_bringup/hook/cmake_prefix_path.dsv'
[2.080s] INFO:colcon.colcon_core.shell:Creating environment hook '/home/eeiww/ud90uhak/arduinobot_ws/src/install/arduinobot_bringup/share/arduinobot_bringup/hook/cmake_prefix_path.sh'
[2.085s] Level 1:colcon.colcon_core.environment:checking '/home/eeiww/ud90uhak/arduinobot_ws/src/install/arduinobot_bringup/bin'
[2.085s] Level 1:colcon.colcon_core.environment:checking '/home/eeiww/ud90uhak/arduinobot_ws/src/install/arduinobot_bringup/lib/pkgconfig/arduinobot_bringup.pc'
[2.086s] Level 1:colcon.colcon_core.environment:checking '/home/eeiww/ud90uhak/arduinobot_ws/src/install/arduinobot_bringup/lib/python3.12/site-packages'
[2.086s] Level 1:colcon.colcon_core.environment:checking '/home/eeiww/ud90uhak/arduinobot_ws/src/install/arduinobot_bringup/bin'
[2.086s] INFO:colcon.colcon_core.shell:Creating package script '/home/eeiww/ud90uhak/arduinobot_ws/src/install/arduinobot_bringup/share/arduinobot_bringup/package.ps1'
[2.090s] INFO:colcon.colcon_core.shell:Creating package descriptor '/home/eeiww/ud90uhak/arduinobot_ws/src/install/arduinobot_bringup/share/arduinobot_bringup/package.dsv'
[2.094s] INFO:colcon.colcon_core.shell:Creating package script '/home/eeiww/ud90uhak/arduinobot_ws/src/install/arduinobot_bringup/share/arduinobot_bringup/package.sh'
[2.098s] INFO:colcon.colcon_core.shell:Creating package script '/home/eeiww/ud90uhak/arduinobot_ws/src/install/arduinobot_bringup/share/arduinobot_bringup/package.bash'
[2.102s] INFO:colcon.colcon_core.shell:Creating package script '/home/eeiww/ud90uhak/arduinobot_ws/src/install/arduinobot_bringup/share/arduinobot_bringup/package.zsh'
[2.106s] Level 1:colcon.colcon_core.environment:create_file_with_runtime_dependencies(/home/eeiww/ud90uhak/arduinobot_ws/src/install/arduinobot_bringup/share/colcon-core/packages/arduinobot_bringup)
[2.114s] Level 1:colcon.colcon_core.environment:create_environment_scripts_only(arduinobot_bringup)
[2.114s] Level 1:colcon.colcon_core.environment:checking '/home/eeiww/ud90uhak/arduinobot_ws/src/install/arduinobot_bringup' for CMake module files
[2.117s] Level 1:colcon.colcon_core.environment:checking '/home/eeiww/ud90uhak/arduinobot_ws/src/install/arduinobot_bringup' for CMake config files
[2.121s] Level 1:colcon.colcon_core.shell:create_environment_hook('arduinobot_bringup', 'cmake_prefix_path')
[2.121s] INFO:colcon.colcon_core.shell:Creating environment hook '/home/eeiww/ud90uhak/arduinobot_ws/src/install/arduinobot_bringup/share/arduinobot_bringup/hook/cmake_prefix_path.ps1'
[2.124s] INFO:colcon.colcon_core.shell:Creating environment descriptor '/home/eeiww/ud90uhak/arduinobot_ws/src/install/arduinobot_bringup/share/arduinobot_bringup/hook/cmake_prefix_path.dsv'
[2.128s] INFO:colcon.colcon_core.shell:Creating environment hook '/home/eeiww/ud90uhak/arduinobot_ws/src/install/arduinobot_bringup/share/arduinobot_bringup/hook/cmake_prefix_path.sh'
[2.132s] Level 1:colcon.colcon_core.environment:checking '/home/eeiww/ud90uhak/arduinobot_ws/src/install/arduinobot_bringup/bin'
[2.132s] Level 1:colcon.colcon_core.environment:checking '/home/eeiww/ud90uhak/arduinobot_ws/src/install/arduinobot_bringup/lib/pkgconfig/arduinobot_bringup.pc'
[2.132s] Level 1:colcon.colcon_core.environment:checking '/home/eeiww/ud90uhak/arduinobot_ws/src/install/arduinobot_bringup/lib/python3.12/site-packages'
[2.132s] Level 1:colcon.colcon_core.environment:checking '/home/eeiww/ud90uhak/arduinobot_ws/src/install/arduinobot_bringup/bin'
[2.132s] INFO:colcon.colcon_core.shell:Creating package script '/home/eeiww/ud90uhak/arduinobot_ws/src/install/arduinobot_bringup/share/arduinobot_bringup/package.ps1'
[2.136s] INFO:colcon.colcon_core.shell:Creating package descriptor '/home/eeiww/ud90uhak/arduinobot_ws/src/install/arduinobot_bringup/share/arduinobot_bringup/package.dsv'
[2.140s] INFO:colcon.colcon_core.shell:Creating package script '/home/eeiww/ud90uhak/arduinobot_ws/src/install/arduinobot_bringup/share/arduinobot_bringup/package.sh'
[2.144s] INFO:colcon.colcon_core.shell:Creating package script '/home/eeiww/ud90uhak/arduinobot_ws/src/install/arduinobot_bringup/share/arduinobot_bringup/package.bash'
[2.148s] INFO:colcon.colcon_core.shell:Creating package script '/home/eeiww/ud90uhak/arduinobot_ws/src/install/arduinobot_bringup/share/arduinobot_bringup/package.zsh'
[2.151s] Level 1:colcon.colcon_core.environment:create_file_with_runtime_dependencies(/home/eeiww/ud90uhak/arduinobot_ws/src/install/arduinobot_bringup/share/colcon-core/packages/arduinobot_bringup)
[2.153s] DEBUG:colcon.colcon_parallel_executor.executor.parallel:closing loop
[2.153s] DEBUG:colcon.colcon_parallel_executor.executor.parallel:loop closed
[2.153s] DEBUG:colcon.colcon_parallel_executor.executor.parallel:run_until_complete finished with '0'
[2.153s] DEBUG:colcon.colcon_core.event_reactor:joining thread
[2.169s] INFO:colcon.colcon_core.plugin_system:Skipping extension 'colcon_notification.desktop_notification.terminal_notifier': Not used on non-Darwin systems
[2.169s] INFO:colcon.colcon_core.plugin_system:Skipping extension 'colcon_notification.desktop_notification.win32': Not used on non-Windows systems
[2.169s] INFO:colcon.colcon_notification.desktop_notification:Sending desktop notification using 'notify2'
[2.180s] DEBUG:colcon.colcon_core.event_reactor:joined thread
[2.180s] INFO:colcon.colcon_core.shell:Creating prefix script '/home/eeiww/ud90uhak/arduinobot_ws/src/install/local_setup.ps1'
[2.184s] INFO:colcon.colcon_core.shell:Creating prefix util module '/home/eeiww/ud90uhak/arduinobot_ws/src/install/_local_setup_util_ps1.py'
[2.188s] INFO:colcon.colcon_core.shell:Creating prefix chain script '/home/eeiww/ud90uhak/arduinobot_ws/src/install/setup.ps1'
[2.192s] INFO:colcon.colcon_core.shell:Creating prefix script '/home/eeiww/ud90uhak/arduinobot_ws/src/install/local_setup.sh'
[2.196s] INFO:colcon.colcon_core.shell:Creating prefix util module '/home/eeiww/ud90uhak/arduinobot_ws/src/install/_local_setup_util_sh.py'
[2.200s] INFO:colcon.colcon_core.shell:Creating prefix chain script '/home/eeiww/ud90uhak/arduinobot_ws/src/install/setup.sh'
[2.203s] INFO:colcon.colcon_core.shell:Creating prefix script '/home/eeiww/ud90uhak/arduinobot_ws/src/install/local_setup.bash'
[2.206s] INFO:colcon.colcon_core.shell:Creating prefix chain script '/home/eeiww/ud90uhak/arduinobot_ws/src/install/setup.bash'
[2.210s] INFO:colcon.colcon_core.shell:Creating prefix script '/home/eeiww/ud90uhak/arduinobot_ws/src/install/local_setup.zsh'
[2.214s] INFO:colcon.colcon_core.shell:Creating prefix chain script '/home/eeiww/ud90uhak/arduinobot_ws/src/install/setup.zsh'
