[0.047s] Invoking command in '/home/eeiww/ud90uhak/arduinobot_ws/src/build/arduinobot_description': CMAKE_PREFIX_PATH=${CMAKE_PREFIX_PATH}:/opt/ros/jazzy DEBUGINFOD_URLS=https://debuginfod.ubuntu.com /usr/bin/cmake /home/eeiww/ud90uhak/arduinobot_ws/src/arduinobot_description -DCMAKE_INSTALL_PREFIX=/home/eeiww/ud90uhak/arduinobot_ws/src/install/arduinobot_description
[0.134s] -- The C compiler identification is GNU 13.3.0
[0.213s] -- The CXX compiler identification is GNU 13.3.0
[0.236s] -- Detecting C compiler ABI info
[0.441s] -- Detecting C compiler ABI info - done
[0.453s] -- Check for working C compiler: /usr/bin/cc - skipped
[0.453s] -- Detecting C compile features
[0.453s] -- Detecting C compile features - done
[0.472s] -- Detecting CXX compiler ABI info
[0.688s] -- Detecting CXX compiler ABI info - done
[0.700s] -- Check for working CXX compiler: /usr/bin/c++ - skipped
[0.700s] -- Detecting CXX compile features
[0.700s] -- Detecting CXX compile features - done
[0.719s] -- Found ament_cmake: 2.5.3 (/opt/ros/jazzy/share/ament_cmake/cmake)
[0.856s] -- Found Python3: /usr/bin/python3 (found version "3.12.3") found components: Interpreter 
[1.041s] -- Found ament_lint_auto: 0.17.1 (/opt/ros/jazzy/share/ament_lint_auto/cmake)
[1.222s] -- Added test 'lint_cmake' to check CMake code style
[1.239s] -- Added test 'xmllint' to check XML markup files
[1.262s] -- Configuring done (1.2s)
[1.354s] -- Generating done (0.1s)
[1.402s] -- Build files have been written to: /home/eeiww/ud90uhak/arduinobot_ws/src/build/arduinobot_description
[1.406s] Invoked command in '/home/eeiww/ud90uhak/arduinobot_ws/src/build/arduinobot_description' returned '0': CMAKE_PREFIX_PATH=${CMAKE_PREFIX_PATH}:/opt/ros/jazzy DEBUGINFOD_URLS=https://debuginfod.ubuntu.com /usr/bin/cmake /home/eeiww/ud90uhak/arduinobot_ws/src/arduinobot_description -DCMAKE_INSTALL_PREFIX=/home/eeiww/ud90uhak/arduinobot_ws/src/install/arduinobot_description
[1.408s] Invoking command in '/home/eeiww/ud90uhak/arduinobot_ws/src/build/arduinobot_description': CMAKE_PREFIX_PATH=${CMAKE_PREFIX_PATH}:/opt/ros/jazzy DEBUGINFOD_URLS=https://debuginfod.ubuntu.com /usr/bin/cmake --build /home/eeiww/ud90uhak/arduinobot_ws/src/build/arduinobot_description -- -j8 -l8
[1.452s] Invoked command in '/home/eeiww/ud90uhak/arduinobot_ws/src/build/arduinobot_description' returned '0': CMAKE_PREFIX_PATH=${CMAKE_PREFIX_PATH}:/opt/ros/jazzy DEBUGINFOD_URLS=https://debuginfod.ubuntu.com /usr/bin/cmake --build /home/eeiww/ud90uhak/arduinobot_ws/src/build/arduinobot_description -- -j8 -l8
[1.456s] Invoking command in '/home/eeiww/ud90uhak/arduinobot_ws/src/build/arduinobot_description': CMAKE_PREFIX_PATH=${CMAKE_PREFIX_PATH}:/opt/ros/jazzy DEBUGINFOD_URLS=https://debuginfod.ubuntu.com /usr/bin/cmake --install /home/eeiww/ud90uhak/arduinobot_ws/src/build/arduinobot_description
[1.465s] -- Install configuration: ""
[1.472s] -- Installing: /home/eeiww/ud90uhak/arduinobot_ws/src/install/arduinobot_description/share/ament_index/resource_index/package_run_dependencies/arduinobot_description
[1.483s] -- Installing: /home/eeiww/ud90uhak/arduinobot_ws/src/install/arduinobot_description/share/ament_index/resource_index/parent_prefix_path/arduinobot_description
[1.493s] -- Installing: /home/eeiww/ud90uhak/arduinobot_ws/src/install/arduinobot_description/share/arduinobot_description/environment/ament_prefix_path.sh
[1.498s] -- Installing: /home/eeiww/ud90uhak/arduinobot_ws/src/install/arduinobot_description/share/arduinobot_description/environment/ament_prefix_path.dsv
[1.506s] -- Installing: /home/eeiww/ud90uhak/arduinobot_ws/src/install/arduinobot_description/share/arduinobot_description/environment/path.sh
[1.512s] -- Installing: /home/eeiww/ud90uhak/arduinobot_ws/src/install/arduinobot_description/share/arduinobot_description/environment/path.dsv
[1.518s] -- Installing: /home/eeiww/ud90uhak/arduinobot_ws/src/install/arduinobot_description/share/arduinobot_description/local_setup.bash
[1.524s] -- Installing: /home/eeiww/ud90uhak/arduinobot_ws/src/install/arduinobot_description/share/arduinobot_description/local_setup.sh
[1.532s] -- Installing: /home/eeiww/ud90uhak/arduinobot_ws/src/install/arduinobot_description/share/arduinobot_description/local_setup.zsh
[1.539s] -- Installing: /home/eeiww/ud90uhak/arduinobot_ws/src/install/arduinobot_description/share/arduinobot_description/local_setup.dsv
[1.544s] -- Installing: /home/eeiww/ud90uhak/arduinobot_ws/src/install/arduinobot_description/share/arduinobot_description/package.dsv
[1.554s] -- Installing: /home/eeiww/ud90uhak/arduinobot_ws/src/install/arduinobot_description/share/ament_index/resource_index/packages/arduinobot_description
[1.562s] -- Installing: /home/eeiww/ud90uhak/arduinobot_ws/src/install/arduinobot_description/share/arduinobot_description/cmake/arduinobot_descriptionConfig.cmake
[1.568s] -- Installing: /home/eeiww/ud90uhak/arduinobot_ws/src/install/arduinobot_description/share/arduinobot_description/cmake/arduinobot_descriptionConfig-version.cmake
[1.575s] -- Installing: /home/eeiww/ud90uhak/arduinobot_ws/src/install/arduinobot_description/share/arduinobot_description/package.xml
[1.582s] Invoked command in '/home/eeiww/ud90uhak/arduinobot_ws/src/build/arduinobot_description' returned '0': CMAKE_PREFIX_PATH=${CMAKE_PREFIX_PATH}:/opt/ros/jazzy DEBUGINFOD_URLS=https://debuginfod.ubuntu.com /usr/bin/cmake --install /home/eeiww/ud90uhak/arduinobot_ws/src/build/arduinobot_description
