[0.026s] Invoking command in '/home/eeiww/ud90uhak/arduinobot_ws/src/build/arduinobot_controller': AMENT_PREFIX_PATH=/home/eeiww/ud90uhak/arduinobot_ws/src/install/arduinobot_description:${AMENT_PREFIX_PATH} CMAKE_PREFIX_PATH=/home/eeiww/ud90uhak/arduinobot_ws/src/install/arduinobot_description:/opt/ros/jazzy/opt/gz_sim_vendor:/opt/ros/jazzy/opt/gz_sensors_vendor:/opt/ros/jazzy/opt/gz_physics_vendor:/opt/ros/jazzy/opt/sdformat_vendor:/opt/ros/jazzy/opt/gz_gui_vendor:/opt/ros/jazzy/opt/gz_transport_vendor:/opt/ros/jazzy/opt/gz_rendering_vendor:/opt/ros/jazzy/opt/gz_plugin_vendor:/opt/ros/jazzy/opt/gz_fuel_tools_vendor:/opt/ros/jazzy/opt/gz_msgs_vendor:/opt/ros/jazzy/opt/gz_common_vendor:/opt/ros/jazzy/opt/gz_math_vendor:/opt/ros/jazzy/opt/gz_utils_vendor:/opt/ros/jazzy/opt/gz_tools_vendor:/opt/ros/jazzy/opt/gz_ogre_next_vendor:/opt/ros/jazzy/opt/gz_dartsim_vendor:/opt/ros/jazzy/opt/gz_cmake_vendor:/opt/ros/jazzy DEBUGINFOD_URLS=https://debuginfod.ubuntu.com /usr/bin/cmake --build /home/eeiww/ud90uhak/arduinobot_ws/src/build/arduinobot_controller -- -j8 -l8
[0.123s] [ 75%] Built target slider_control
[0.124s] [100%] Built target arduinobot_controller
[0.125s] [100%] Built target ament_cmake_python_copy_arduinobot_controller
[0.407s] running egg_info
[0.441s] writing arduinobot_controller.egg-info/PKG-INFO
[0.445s] writing dependency_links to arduinobot_controller.egg-info/dependency_links.txt
[0.449s] writing top-level names to arduinobot_controller.egg-info/top_level.txt
[0.559s] reading manifest file 'arduinobot_controller.egg-info/SOURCES.txt'
[0.562s] writing manifest file 'arduinobot_controller.egg-info/SOURCES.txt'
[0.587s] [100%] Built target ament_cmake_python_build_arduinobot_controller_egg
[0.601s] Invoked command in '/home/eeiww/ud90uhak/arduinobot_ws/src/build/arduinobot_controller' returned '0': AMENT_PREFIX_PATH=/home/eeiww/ud90uhak/arduinobot_ws/src/install/arduinobot_description:${AMENT_PREFIX_PATH} CMAKE_PREFIX_PATH=/home/eeiww/ud90uhak/arduinobot_ws/src/install/arduinobot_description:/opt/ros/jazzy/opt/gz_sim_vendor:/opt/ros/jazzy/opt/gz_sensors_vendor:/opt/ros/jazzy/opt/gz_physics_vendor:/opt/ros/jazzy/opt/sdformat_vendor:/opt/ros/jazzy/opt/gz_gui_vendor:/opt/ros/jazzy/opt/gz_transport_vendor:/opt/ros/jazzy/opt/gz_rendering_vendor:/opt/ros/jazzy/opt/gz_plugin_vendor:/opt/ros/jazzy/opt/gz_fuel_tools_vendor:/opt/ros/jazzy/opt/gz_msgs_vendor:/opt/ros/jazzy/opt/gz_common_vendor:/opt/ros/jazzy/opt/gz_math_vendor:/opt/ros/jazzy/opt/gz_utils_vendor:/opt/ros/jazzy/opt/gz_tools_vendor:/opt/ros/jazzy/opt/gz_ogre_next_vendor:/opt/ros/jazzy/opt/gz_dartsim_vendor:/opt/ros/jazzy/opt/gz_cmake_vendor:/opt/ros/jazzy DEBUGINFOD_URLS=https://debuginfod.ubuntu.com /usr/bin/cmake --build /home/eeiww/ud90uhak/arduinobot_ws/src/build/arduinobot_controller -- -j8 -l8
[0.605s] Invoking command in '/home/eeiww/ud90uhak/arduinobot_ws/src/build/arduinobot_controller': AMENT_PREFIX_PATH=/home/eeiww/ud90uhak/arduinobot_ws/src/install/arduinobot_description:${AMENT_PREFIX_PATH} CMAKE_PREFIX_PATH=/home/eeiww/ud90uhak/arduinobot_ws/src/install/arduinobot_description:/opt/ros/jazzy/opt/gz_sim_vendor:/opt/ros/jazzy/opt/gz_sensors_vendor:/opt/ros/jazzy/opt/gz_physics_vendor:/opt/ros/jazzy/opt/sdformat_vendor:/opt/ros/jazzy/opt/gz_gui_vendor:/opt/ros/jazzy/opt/gz_transport_vendor:/opt/ros/jazzy/opt/gz_rendering_vendor:/opt/ros/jazzy/opt/gz_plugin_vendor:/opt/ros/jazzy/opt/gz_fuel_tools_vendor:/opt/ros/jazzy/opt/gz_msgs_vendor:/opt/ros/jazzy/opt/gz_common_vendor:/opt/ros/jazzy/opt/gz_math_vendor:/opt/ros/jazzy/opt/gz_utils_vendor:/opt/ros/jazzy/opt/gz_tools_vendor:/opt/ros/jazzy/opt/gz_ogre_next_vendor:/opt/ros/jazzy/opt/gz_dartsim_vendor:/opt/ros/jazzy/opt/gz_cmake_vendor:/opt/ros/jazzy DEBUGINFOD_URLS=https://debuginfod.ubuntu.com /usr/bin/cmake --install /home/eeiww/ud90uhak/arduinobot_ws/src/build/arduinobot_controller
[0.616s] -- Install configuration: ""
[0.618s] -- Up-to-date: /home/eeiww/ud90uhak/arduinobot_ws/src/install/arduinobot_controller/share/arduinobot_controller/arduinobot_controller.xml
[0.619s] -- Up-to-date: /home/eeiww/ud90uhak/arduinobot_ws/src/install/arduinobot_controller/share/arduinobot_controller/environment/pythonpath.sh
[0.620s] -- Up-to-date: /home/eeiww/ud90uhak/arduinobot_ws/src/install/arduinobot_controller/share/arduinobot_controller/environment/pythonpath.dsv
[0.622s] -- Up-to-date: /home/eeiww/ud90uhak/arduinobot_ws/src/install/arduinobot_controller/lib/python3.12/site-packages/arduinobot_controller-0.0.0-py3.12.egg-info
[0.623s] -- Installing: /home/eeiww/ud90uhak/arduinobot_ws/src/install/arduinobot_controller/lib/python3.12/site-packages/arduinobot_controller-0.0.0-py3.12.egg-info/top_level.txt
[0.629s] -- Installing: /home/eeiww/ud90uhak/arduinobot_ws/src/install/arduinobot_controller/lib/python3.12/site-packages/arduinobot_controller-0.0.0-py3.12.egg-info/PKG-INFO
[0.636s] -- Installing: /home/eeiww/ud90uhak/arduinobot_ws/src/install/arduinobot_controller/lib/python3.12/site-packages/arduinobot_controller-0.0.0-py3.12.egg-info/SOURCES.txt
[0.642s] -- Installing: /home/eeiww/ud90uhak/arduinobot_ws/src/install/arduinobot_controller/lib/python3.12/site-packages/arduinobot_controller-0.0.0-py3.12.egg-info/dependency_links.txt
[0.648s] -- Up-to-date: /home/eeiww/ud90uhak/arduinobot_ws/src/install/arduinobot_controller/lib/python3.12/site-packages/arduinobot_controller
[0.651s] -- Up-to-date: /home/eeiww/ud90uhak/arduinobot_ws/src/install/arduinobot_controller/lib/python3.12/site-packages/arduinobot_controller/__init__.py
[0.651s] -- Up-to-date: /home/eeiww/ud90uhak/arduinobot_ws/src/install/arduinobot_controller/lib/python3.12/site-packages/arduinobot_controller/slider_control.py
[0.684s] Listing '/home/eeiww/ud90uhak/arduinobot_ws/src/install/arduinobot_controller/lib/python3.12/site-packages/arduinobot_controller'...
[0.693s] -- Up-to-date: /home/eeiww/ud90uhak/arduinobot_ws/src/install/arduinobot_controller/lib/arduinobot_controller/slider_control
[0.703s] -- Up-to-date: /home/eeiww/ud90uhak/arduinobot_ws/src/install/arduinobot_controller/lib/libarduinobot_controller.so
[0.710s] -- Up-to-date: /home/eeiww/ud90uhak/arduinobot_ws/src/install/arduinobot_controller/include/include
[0.711s] -- Up-to-date: /home/eeiww/ud90uhak/arduinobot_ws/src/install/arduinobot_controller/include/include/arduinobot_controller
[0.713s] -- Up-to-date: /home/eeiww/ud90uhak/arduinobot_ws/src/install/arduinobot_controller/include/include/arduinobot_controller/arduinobot_interface.hpp
[0.715s] -- Up-to-date: /home/eeiww/ud90uhak/arduinobot_ws/src/install/arduinobot_controller/share/arduinobot_controller/launch
[0.716s] -- Up-to-date: /home/eeiww/ud90uhak/arduinobot_ws/src/install/arduinobot_controller/share/arduinobot_controller/launch/controller.launch.py
[0.717s] -- Up-to-date: /home/eeiww/ud90uhak/arduinobot_ws/src/install/arduinobot_controller/share/arduinobot_controller/launch/slider_controller.launch.py
[0.719s] -- Up-to-date: /home/eeiww/ud90uhak/arduinobot_ws/src/install/arduinobot_controller/share/arduinobot_controller/config
[0.721s] -- Up-to-date: /home/eeiww/ud90uhak/arduinobot_ws/src/install/arduinobot_controller/share/arduinobot_controller/config/arduinobot_controllers.yaml
[0.722s] -- Up-to-date: /home/eeiww/ud90uhak/arduinobot_ws/src/install/arduinobot_controller/lib/arduinobot_controller/slider_control.py
[0.723s] -- Up-to-date: /home/eeiww/ud90uhak/arduinobot_ws/src/install/arduinobot_controller/share/arduinobot_controller/environment/library_path.sh
[0.724s] -- Up-to-date: /home/eeiww/ud90uhak/arduinobot_ws/src/install/arduinobot_controller/share/arduinobot_controller/environment/library_path.dsv
[0.726s] -- Up-to-date: /home/eeiww/ud90uhak/arduinobot_ws/src/install/arduinobot_controller/share/ament_index/resource_index/package_run_dependencies/arduinobot_controller
[0.727s] -- Up-to-date: /home/eeiww/ud90uhak/arduinobot_ws/src/install/arduinobot_controller/share/ament_index/resource_index/parent_prefix_path/arduinobot_controller
[0.728s] -- Up-to-date: /home/eeiww/ud90uhak/arduinobot_ws/src/install/arduinobot_controller/share/arduinobot_controller/environment/ament_prefix_path.sh
[0.729s] -- Up-to-date: /home/eeiww/ud90uhak/arduinobot_ws/src/install/arduinobot_controller/share/arduinobot_controller/environment/ament_prefix_path.dsv
[0.729s] -- Up-to-date: /home/eeiww/ud90uhak/arduinobot_ws/src/install/arduinobot_controller/share/arduinobot_controller/environment/path.sh
[0.730s] -- Up-to-date: /home/eeiww/ud90uhak/arduinobot_ws/src/install/arduinobot_controller/share/arduinobot_controller/environment/path.dsv
[0.731s] -- Up-to-date: /home/eeiww/ud90uhak/arduinobot_ws/src/install/arduinobot_controller/share/arduinobot_controller/local_setup.bash
[0.732s] -- Up-to-date: /home/eeiww/ud90uhak/arduinobot_ws/src/install/arduinobot_controller/share/arduinobot_controller/local_setup.sh
[0.732s] -- Up-to-date: /home/eeiww/ud90uhak/arduinobot_ws/src/install/arduinobot_controller/share/arduinobot_controller/local_setup.zsh
[0.733s] -- Up-to-date: /home/eeiww/ud90uhak/arduinobot_ws/src/install/arduinobot_controller/share/arduinobot_controller/local_setup.dsv
[0.734s] -- Installing: /home/eeiww/ud90uhak/arduinobot_ws/src/install/arduinobot_controller/share/arduinobot_controller/package.dsv
[0.740s] -- Up-to-date: /home/eeiww/ud90uhak/arduinobot_ws/src/install/arduinobot_controller/share/ament_index/resource_index/packages/arduinobot_controller
[0.741s] -- Up-to-date: /home/eeiww/ud90uhak/arduinobot_ws/src/install/arduinobot_controller/share/ament_index/resource_index/hardware_interface__pluginlib__plugin/arduinobot_controller
[0.743s] -- Up-to-date: /home/eeiww/ud90uhak/arduinobot_ws/src/install/arduinobot_controller/share/arduinobot_controller/cmake/ament_cmake_export_include_directories-extras.cmake
[0.743s] -- Up-to-date: /home/eeiww/ud90uhak/arduinobot_ws/src/install/arduinobot_controller/share/arduinobot_controller/cmake/ament_cmake_export_libraries-extras.cmake
[0.744s] -- Up-to-date: /home/eeiww/ud90uhak/arduinobot_ws/src/install/arduinobot_controller/share/arduinobot_controller/cmake/ament_cmake_export_dependencies-extras.cmake
[0.745s] -- Up-to-date: /home/eeiww/ud90uhak/arduinobot_ws/src/install/arduinobot_controller/share/arduinobot_controller/cmake/arduinobot_controllerConfig.cmake
[0.745s] -- Up-to-date: /home/eeiww/ud90uhak/arduinobot_ws/src/install/arduinobot_controller/share/arduinobot_controller/cmake/arduinobot_controllerConfig-version.cmake
[0.746s] -- Up-to-date: /home/eeiww/ud90uhak/arduinobot_ws/src/install/arduinobot_controller/share/arduinobot_controller/package.xml
[0.751s] Invoked command in '/home/eeiww/ud90uhak/arduinobot_ws/src/build/arduinobot_controller' returned '0': AMENT_PREFIX_PATH=/home/eeiww/ud90uhak/arduinobot_ws/src/install/arduinobot_description:${AMENT_PREFIX_PATH} CMAKE_PREFIX_PATH=/home/eeiww/ud90uhak/arduinobot_ws/src/install/arduinobot_description:/opt/ros/jazzy/opt/gz_sim_vendor:/opt/ros/jazzy/opt/gz_sensors_vendor:/opt/ros/jazzy/opt/gz_physics_vendor:/opt/ros/jazzy/opt/sdformat_vendor:/opt/ros/jazzy/opt/gz_gui_vendor:/opt/ros/jazzy/opt/gz_transport_vendor:/opt/ros/jazzy/opt/gz_rendering_vendor:/opt/ros/jazzy/opt/gz_plugin_vendor:/opt/ros/jazzy/opt/gz_fuel_tools_vendor:/opt/ros/jazzy/opt/gz_msgs_vendor:/opt/ros/jazzy/opt/gz_common_vendor:/opt/ros/jazzy/opt/gz_math_vendor:/opt/ros/jazzy/opt/gz_utils_vendor:/opt/ros/jazzy/opt/gz_tools_vendor:/opt/ros/jazzy/opt/gz_ogre_next_vendor:/opt/ros/jazzy/opt/gz_dartsim_vendor:/opt/ros/jazzy/opt/gz_cmake_vendor:/opt/ros/jazzy DEBUGINFOD_URLS=https://debuginfod.ubuntu.com /usr/bin/cmake --install /home/eeiww/ud90uhak/arduinobot_ws/src/build/arduinobot_controller
