[0.031s] Invoking command in '/home/eeiww/ud90uhak/arduinobot_ws/src/build/arduinobot_bringup': CMAKE_PREFIX_PATH=${CMAKE_PREFIX_PATH}:/opt/ros/jazzy DEBUGINFOD_URLS=https://debuginfod.ubuntu.com /usr/bin/cmake /home/eeiww/ud90uhak/arduinobot_ws/src/arduinobot_bringup -DCMAKE_INSTALL_PREFIX=/home/eeiww/ud90uhak/arduinobot_ws/src/install/arduinobot_bringup
[0.127s] -- The C compiler identification is GNU 13.3.0
[0.218s] -- The CXX compiler identification is GNU 13.3.0
[0.243s] -- Detecting C compiler ABI info
[0.482s] -- Detecting C compiler ABI info - done
[0.493s] -- Check for working C compiler: /usr/bin/cc - skipped
[0.493s] -- Detecting C compile features
[0.493s] -- Detecting C compile features - done
[0.517s] -- Detecting CXX compiler ABI info
[0.770s] -- Detecting CXX compiler ABI info - done
[0.781s] -- Check for working CXX compiler: /usr/bin/c++ - skipped
[0.781s] -- Detecting CXX compile features
[0.782s] -- Detecting CXX compile features - done
[0.807s] -- Found ament_cmake: 2.5.3 (/opt/ros/jazzy/share/ament_cmake/cmake)
[0.944s] -- Found Python3: /usr/bin/python3 (found version "3.12.3") found components: Interpreter 
[1.151s] -- Found ament_lint_auto: 0.17.1 (/opt/ros/jazzy/share/ament_lint_auto/cmake)
[1.351s] -- Added test 'lint_cmake' to check CMake code style
[1.370s] -- Added test 'xmllint' to check XML markup files
[1.401s] -- Configuring done (1.4s)
[1.515s] -- Generating done (0.1s)
[1.568s] -- Build files have been written to: /home/eeiww/ud90uhak/arduinobot_ws/src/build/arduinobot_bringup
[1.572s] Invoked command in '/home/eeiww/ud90uhak/arduinobot_ws/src/build/arduinobot_bringup' returned '0': CMAKE_PREFIX_PATH=${CMAKE_PREFIX_PATH}:/opt/ros/jazzy DEBUGINFOD_URLS=https://debuginfod.ubuntu.com /usr/bin/cmake /home/eeiww/ud90uhak/arduinobot_ws/src/arduinobot_bringup -DCMAKE_INSTALL_PREFIX=/home/eeiww/ud90uhak/arduinobot_ws/src/install/arduinobot_bringup
[1.574s] Invoking command in '/home/eeiww/ud90uhak/arduinobot_ws/src/build/arduinobot_bringup': CMAKE_PREFIX_PATH=${CMAKE_PREFIX_PATH}:/opt/ros/jazzy DEBUGINFOD_URLS=https://debuginfod.ubuntu.com /usr/bin/cmake --build /home/eeiww/ud90uhak/arduinobot_ws/src/build/arduinobot_bringup -- -j8 -l8
[1.626s] Invoked command in '/home/eeiww/ud90uhak/arduinobot_ws/src/build/arduinobot_bringup' returned '0': CMAKE_PREFIX_PATH=${CMAKE_PREFIX_PATH}:/opt/ros/jazzy DEBUGINFOD_URLS=https://debuginfod.ubuntu.com /usr/bin/cmake --build /home/eeiww/ud90uhak/arduinobot_ws/src/build/arduinobot_bringup -- -j8 -l8
[1.642s] Invoking command in '/home/eeiww/ud90uhak/arduinobot_ws/src/build/arduinobot_bringup': CMAKE_PREFIX_PATH=${CMAKE_PREFIX_PATH}:/opt/ros/jazzy DEBUGINFOD_URLS=https://debuginfod.ubuntu.com /usr/bin/cmake --install /home/eeiww/ud90uhak/arduinobot_ws/src/build/arduinobot_bringup
[1.651s] -- Install configuration: ""
[1.661s] -- Installing: /home/eeiww/ud90uhak/arduinobot_ws/src/install/arduinobot_bringup/share/ament_index/resource_index/package_run_dependencies/arduinobot_bringup
[1.677s] -- Installing: /home/eeiww/ud90uhak/arduinobot_ws/src/install/arduinobot_bringup/share/ament_index/resource_index/parent_prefix_path/arduinobot_bringup
[1.692s] -- Installing: /home/eeiww/ud90uhak/arduinobot_ws/src/install/arduinobot_bringup/share/arduinobot_bringup/environment/ament_prefix_path.sh
[1.699s] -- Installing: /home/eeiww/ud90uhak/arduinobot_ws/src/install/arduinobot_bringup/share/arduinobot_bringup/environment/ament_prefix_path.dsv
[1.707s] -- Installing: /home/eeiww/ud90uhak/arduinobot_ws/src/install/arduinobot_bringup/share/arduinobot_bringup/environment/path.sh
[1.715s] -- Installing: /home/eeiww/ud90uhak/arduinobot_ws/src/install/arduinobot_bringup/share/arduinobot_bringup/environment/path.dsv
[1.724s] -- Installing: /home/eeiww/ud90uhak/arduinobot_ws/src/install/arduinobot_bringup/share/arduinobot_bringup/local_setup.bash
[1.733s] -- Installing: /home/eeiww/ud90uhak/arduinobot_ws/src/install/arduinobot_bringup/share/arduinobot_bringup/local_setup.sh
[1.743s] -- Installing: /home/eeiww/ud90uhak/arduinobot_ws/src/install/arduinobot_bringup/share/arduinobot_bringup/local_setup.zsh
[1.752s] -- Installing: /home/eeiww/ud90uhak/arduinobot_ws/src/install/arduinobot_bringup/share/arduinobot_bringup/local_setup.dsv
[1.761s] -- Installing: /home/eeiww/ud90uhak/arduinobot_ws/src/install/arduinobot_bringup/share/arduinobot_bringup/package.dsv
[1.776s] -- Installing: /home/eeiww/ud90uhak/arduinobot_ws/src/install/arduinobot_bringup/share/ament_index/resource_index/packages/arduinobot_bringup
[1.788s] -- Installing: /home/eeiww/ud90uhak/arduinobot_ws/src/install/arduinobot_bringup/share/arduinobot_bringup/cmake/arduinobot_bringupConfig.cmake
[1.796s] -- Installing: /home/eeiww/ud90uhak/arduinobot_ws/src/install/arduinobot_bringup/share/arduinobot_bringup/cmake/arduinobot_bringupConfig-version.cmake
[1.805s] -- Installing: /home/eeiww/ud90uhak/arduinobot_ws/src/install/arduinobot_bringup/share/arduinobot_bringup/package.xml
[1.814s] Invoked command in '/home/eeiww/ud90uhak/arduinobot_ws/src/build/arduinobot_bringup' returned '0': CMAKE_PREFIX_PATH=${CMAKE_PREFIX_PATH}:/opt/ros/jazzy DEBUGINFOD_URLS=https://debuginfod.ubuntu.com /usr/bin/cmake --install /home/eeiww/ud90uhak/arduinobot_ws/src/build/arduinobot_bringup
