[0.089s] Invoking command in '/home/eeiww/ud90uhak/arduinobot_ws/src/build/arduinobot_py_examples': CMAKE_PREFIX_PATH=${CMAKE_PREFIX_PATH}:/opt/ros/jazzy DEBUGINFOD_URLS=https://debuginfod.ubuntu.com /usr/bin/cmake --build /home/eeiww/ud90uhak/arduinobot_ws/src/build/arduinobot_py_examples -- -j8 -l8
[0.382s] Invoked command in '/home/eeiww/ud90uhak/arduinobot_ws/src/build/arduinobot_py_examples' returned '0': CMAKE_PREFIX_PATH=${CMAKE_PREFIX_PATH}:/opt/ros/jazzy DEBUGINFOD_URLS=https://debuginfod.ubuntu.com /usr/bin/cmake --build /home/eeiww/ud90uhak/arduinobot_ws/src/build/arduinobot_py_examples -- -j8 -l8
[0.383s] Invoking command in '/home/eeiww/ud90uhak/arduinobot_ws/src/build/arduinobot_py_examples': CMAKE_PREFIX_PATH=${CMAKE_PREFIX_PATH}:/opt/ros/jazzy DEBUGINFOD_URLS=https://debuginfod.ubuntu.com /usr/bin/cmake --install /home/eeiww/ud90uhak/arduinobot_ws/src/build/arduinobot_py_examples
[0.507s] -- Install configuration: ""
[0.508s] -- Up-to-date: /home/eeiww/ud90uhak/arduinobot_ws/src/install/arduinobot_py_examples/share/ament_index/resource_index/package_run_dependencies/arduinobot_py_examples
[0.508s] -- Up-to-date: /home/eeiww/ud90uhak/arduinobot_ws/src/install/arduinobot_py_examples/share/ament_index/resource_index/parent_prefix_path/arduinobot_py_examples
[0.509s] -- Up-to-date: /home/eeiww/ud90uhak/arduinobot_ws/src/install/arduinobot_py_examples/share/arduinobot_py_examples/environment/ament_prefix_path.sh
[0.509s] -- Up-to-date: /home/eeiww/ud90uhak/arduinobot_ws/src/install/arduinobot_py_examples/share/arduinobot_py_examples/environment/ament_prefix_path.dsv
[0.509s] -- Up-to-date: /home/eeiww/ud90uhak/arduinobot_ws/src/install/arduinobot_py_examples/share/arduinobot_py_examples/environment/path.sh
[0.509s] -- Up-to-date: /home/eeiww/ud90uhak/arduinobot_ws/src/install/arduinobot_py_examples/share/arduinobot_py_examples/environment/path.dsv
[0.509s] -- Up-to-date: /home/eeiww/ud90uhak/arduinobot_ws/src/install/arduinobot_py_examples/share/arduinobot_py_examples/local_setup.bash
[0.509s] -- Up-to-date: /home/eeiww/ud90uhak/arduinobot_ws/src/install/arduinobot_py_examples/share/arduinobot_py_examples/local_setup.sh
[0.509s] -- Up-to-date: /home/eeiww/ud90uhak/arduinobot_ws/src/install/arduinobot_py_examples/share/arduinobot_py_examples/local_setup.zsh
[0.509s] -- Up-to-date: /home/eeiww/ud90uhak/arduinobot_ws/src/install/arduinobot_py_examples/share/arduinobot_py_examples/local_setup.dsv
[0.510s] -- Up-to-date: /home/eeiww/ud90uhak/arduinobot_ws/src/install/arduinobot_py_examples/share/arduinobot_py_examples/package.dsv
[0.510s] -- Up-to-date: /home/eeiww/ud90uhak/arduinobot_ws/src/install/arduinobot_py_examples/share/ament_index/resource_index/packages/arduinobot_py_examples
[0.510s] -- Up-to-date: /home/eeiww/ud90uhak/arduinobot_ws/src/install/arduinobot_py_examples/share/arduinobot_py_examples/cmake/arduinobot_py_examplesConfig.cmake
[0.510s] -- Up-to-date: /home/eeiww/ud90uhak/arduinobot_ws/src/install/arduinobot_py_examples/share/arduinobot_py_examples/cmake/arduinobot_py_examplesConfig-version.cmake
[0.510s] -- Up-to-date: /home/eeiww/ud90uhak/arduinobot_ws/src/install/arduinobot_py_examples/share/arduinobot_py_examples/package.xml
[0.510s] Invoked command in '/home/eeiww/ud90uhak/arduinobot_ws/src/build/arduinobot_py_examples' returned '0': CMAKE_PREFIX_PATH=${CMAKE_PREFIX_PATH}:/opt/ros/jazzy DEBUGINFOD_URLS=https://debuginfod.ubuntu.com /usr/bin/cmake --install /home/eeiww/ud90uhak/arduinobot_ws/src/build/arduinobot_py_examples
