[0.078s] Invoking command in '/home/eeiww/ud90uhak/arduinobot_ws/src/build/arduinobot_firmware': CMAKE_PREFIX_PATH=${CMAKE_PREFIX_PATH}:/opt/ros/jazzy DEBUGINFOD_URLS=https://debuginfod.ubuntu.com /usr/bin/cmake --build /home/eeiww/ud90uhak/arduinobot_ws/src/build/arduinobot_firmware -- -j8 -l8
[0.177s] [  0%] Built target ament_cmake_python_copy_arduinobot_firmware
[0.185s] [ 50%] Built target simple_serial_transmitter
[0.192s] [100%] Built target simple_serial_receiver
[0.470s] running egg_info
[0.508s] writing arduinobot_firmware.egg-info/PKG-INFO
[0.511s] writing dependency_links to arduinobot_firmware.egg-info/dependency_links.txt
[0.514s] writing top-level names to arduinobot_firmware.egg-info/top_level.txt
[0.628s] reading manifest file 'arduinobot_firmware.egg-info/SOURCES.txt'
[0.628s] writing manifest file 'arduinobot_firmware.egg-info/SOURCES.txt'
[0.652s] [100%] Built target ament_cmake_python_build_arduinobot_firmware_egg
[0.666s] Invoked command in '/home/eeiww/ud90uhak/arduinobot_ws/src/build/arduinobot_firmware' returned '0': CMAKE_PREFIX_PATH=${CMAKE_PREFIX_PATH}:/opt/ros/jazzy DEBUGINFOD_URLS=https://debuginfod.ubuntu.com /usr/bin/cmake --build /home/eeiww/ud90uhak/arduinobot_ws/src/build/arduinobot_firmware -- -j8 -l8
[0.672s] Invoking command in '/home/eeiww/ud90uhak/arduinobot_ws/src/build/arduinobot_firmware': CMAKE_PREFIX_PATH=${CMAKE_PREFIX_PATH}:/opt/ros/jazzy DEBUGINFOD_URLS=https://debuginfod.ubuntu.com /usr/bin/cmake --install /home/eeiww/ud90uhak/arduinobot_ws/src/build/arduinobot_firmware
[0.681s] -- Install configuration: ""
[0.683s] -- Installing: /home/eeiww/ud90uhak/arduinobot_ws/src/install/arduinobot_firmware/share/arduinobot_firmware/environment/pythonpath.sh
[0.690s] -- Installing: /home/eeiww/ud90uhak/arduinobot_ws/src/install/arduinobot_firmware/share/arduinobot_firmware/environment/pythonpath.dsv
[0.696s] -- Installing: /home/eeiww/ud90uhak/arduinobot_ws/src/install/arduinobot_firmware/lib/python3.12/site-packages/arduinobot_firmware-0.0.0-py3.12.egg-info
[0.702s] -- Installing: /home/eeiww/ud90uhak/arduinobot_ws/src/install/arduinobot_firmware/lib/python3.12/site-packages/arduinobot_firmware-0.0.0-py3.12.egg-info/top_level.txt
[0.707s] -- Installing: /home/eeiww/ud90uhak/arduinobot_ws/src/install/arduinobot_firmware/lib/python3.12/site-packages/arduinobot_firmware-0.0.0-py3.12.egg-info/PKG-INFO
[0.713s] -- Installing: /home/eeiww/ud90uhak/arduinobot_ws/src/install/arduinobot_firmware/lib/python3.12/site-packages/arduinobot_firmware-0.0.0-py3.12.egg-info/SOURCES.txt
[0.719s] -- Installing: /home/eeiww/ud90uhak/arduinobot_ws/src/install/arduinobot_firmware/lib/python3.12/site-packages/arduinobot_firmware-0.0.0-py3.12.egg-info/dependency_links.txt
[0.725s] -- Installing: /home/eeiww/ud90uhak/arduinobot_ws/src/install/arduinobot_firmware/lib/python3.12/site-packages/arduinobot_firmware
[0.730s] -- Installing: /home/eeiww/ud90uhak/arduinobot_ws/src/install/arduinobot_firmware/lib/python3.12/site-packages/arduinobot_firmware/__init__.py
[0.734s] -- Installing: /home/eeiww/ud90uhak/arduinobot_ws/src/install/arduinobot_firmware/lib/python3.12/site-packages/arduinobot_firmware/simple_serial_transmitter.py
[0.739s] -- Installing: /home/eeiww/ud90uhak/arduinobot_ws/src/install/arduinobot_firmware/lib/python3.12/site-packages/arduinobot_firmware/simple_serial_receiver.py
[0.799s] Listing '/home/eeiww/ud90uhak/arduinobot_ws/src/install/arduinobot_firmware/lib/python3.12/site-packages/arduinobot_firmware'...
[0.799s] Compiling '/home/eeiww/ud90uhak/arduinobot_ws/src/install/arduinobot_firmware/lib/python3.12/site-packages/arduinobot_firmware/__init__.py'...
[0.799s] Compiling '/home/eeiww/ud90uhak/arduinobot_ws/src/install/arduinobot_firmware/lib/python3.12/site-packages/arduinobot_firmware/simple_serial_receiver.py'...
[0.799s] Compiling '/home/eeiww/ud90uhak/arduinobot_ws/src/install/arduinobot_firmware/lib/python3.12/site-packages/arduinobot_firmware/simple_serial_transmitter.py'...
[0.808s] -- Installing: /home/eeiww/ud90uhak/arduinobot_ws/src/install/arduinobot_firmware/lib/arduinobot_firmware/simple_serial_receiver
[0.848s] -- Set non-toolchain portion of runtime path of "/home/eeiww/ud90uhak/arduinobot_ws/src/install/arduinobot_firmware/lib/arduinobot_firmware/simple_serial_receiver" to ""
[0.850s] -- Installing: /home/eeiww/ud90uhak/arduinobot_ws/src/install/arduinobot_firmware/lib/arduinobot_firmware/simple_serial_transmitter
[0.917s] -- Set non-toolchain portion of runtime path of "/home/eeiww/ud90uhak/arduinobot_ws/src/install/arduinobot_firmware/lib/arduinobot_firmware/simple_serial_transmitter" to ""
[0.918s] -- Installing: /home/eeiww/ud90uhak/arduinobot_ws/src/install/arduinobot_firmware/lib/arduinobot_firmware/simple_serial_transmitter.py
[0.923s] -- Installing: /home/eeiww/ud90uhak/arduinobot_ws/src/install/arduinobot_firmware/lib/arduinobot_firmware/simple_serial_receiver.py
[0.931s] -- Installing: /home/eeiww/ud90uhak/arduinobot_ws/src/install/arduinobot_firmware/share/ament_index/resource_index/package_run_dependencies/arduinobot_firmware
[0.938s] -- Up-to-date: /home/eeiww/ud90uhak/arduinobot_ws/src/install/arduinobot_firmware/share/ament_index/resource_index/parent_prefix_path/arduinobot_firmware
[0.940s] -- Up-to-date: /home/eeiww/ud90uhak/arduinobot_ws/src/install/arduinobot_firmware/share/arduinobot_firmware/environment/ament_prefix_path.sh
[0.941s] -- Up-to-date: /home/eeiww/ud90uhak/arduinobot_ws/src/install/arduinobot_firmware/share/arduinobot_firmware/environment/ament_prefix_path.dsv
[0.941s] -- Up-to-date: /home/eeiww/ud90uhak/arduinobot_ws/src/install/arduinobot_firmware/share/arduinobot_firmware/environment/path.sh
[0.942s] -- Up-to-date: /home/eeiww/ud90uhak/arduinobot_ws/src/install/arduinobot_firmware/share/arduinobot_firmware/environment/path.dsv
[0.943s] -- Up-to-date: /home/eeiww/ud90uhak/arduinobot_ws/src/install/arduinobot_firmware/share/arduinobot_firmware/local_setup.bash
[0.944s] -- Installing: /home/eeiww/ud90uhak/arduinobot_ws/src/install/arduinobot_firmware/share/arduinobot_firmware/local_setup.sh
[0.952s] -- Up-to-date: /home/eeiww/ud90uhak/arduinobot_ws/src/install/arduinobot_firmware/share/arduinobot_firmware/local_setup.zsh
[0.953s] -- Installing: /home/eeiww/ud90uhak/arduinobot_ws/src/install/arduinobot_firmware/share/arduinobot_firmware/local_setup.dsv
[0.960s] -- Installing: /home/eeiww/ud90uhak/arduinobot_ws/src/install/arduinobot_firmware/share/arduinobot_firmware/package.dsv
[0.966s] -- Up-to-date: /home/eeiww/ud90uhak/arduinobot_ws/src/install/arduinobot_firmware/share/ament_index/resource_index/packages/arduinobot_firmware
[0.968s] -- Up-to-date: /home/eeiww/ud90uhak/arduinobot_ws/src/install/arduinobot_firmware/share/arduinobot_firmware/cmake/arduinobot_firmwareConfig.cmake
[0.968s] -- Up-to-date: /home/eeiww/ud90uhak/arduinobot_ws/src/install/arduinobot_firmware/share/arduinobot_firmware/cmake/arduinobot_firmwareConfig-version.cmake
[0.970s] -- Installing: /home/eeiww/ud90uhak/arduinobot_ws/src/install/arduinobot_firmware/share/arduinobot_firmware/package.xml
