[0.108s] DEBUG:colcon:Command line arguments: ['/usr/bin/colcon', 'build']
[0.108s] DEBUG:colcon:Parsed command line arguments: Namespace(log_base=None, log_level=None, verb_name='build', build_base='build', install_base='install', merge_install=False, symlink_install=False, test_result_base=None, continue_on_error=False, executor='parallel', parallel_workers=8, event_handlers=None, ignore_user_meta=False, metas=['./colcon.meta'], base_paths=['.'], packages_ignore=None, packages_ignore_regex=None, paths=None, packages_up_to=None, packages_up_to_regex=None, packages_above=None, packages_above_and_dependencies=None, packages_above_depth=None, packages_select_by_dep=None, packages_skip_by_dep=None, packages_skip_up_to=None, packages_select_build_failed=False, packages_skip_build_finished=False, packages_select_test_failures=False, packages_skip_test_passed=False, packages_select=None, packages_skip=None, packages_select_regex=None, packages_skip_regex=None, packages_start=None, packages_end=None, allow_overriding=[], cmake_args=None, cmake_target=None, cmake_target_skip_unavailable=False, cmake_clean_cache=False, cmake_clean_first=False, cmake_force_configure=False, ament_cmake_args=None, catkin_cmake_args=None, catkin_skip_building_tests=False, mixin_files=None, mixin=None, verb_parser=<colcon_mixin.mixin.mixin_argument.MixinArgumentDecorator object at 0x7815644e3e60>, verb_extension=<colcon_core.verb.build.BuildVerb object at 0x781564471e20>, main=<bound method BuildVerb.main of <colcon_core.verb.build.BuildVerb object at 0x781564471e20>>, mixin_verb=('build',))
[0.144s] Level 1:colcon.colcon_core.package_discovery:discover_packages(colcon_meta) check parameters
[0.144s] Level 1:colcon.colcon_core.package_discovery:discover_packages(recursive) check parameters
[0.144s] Level 1:colcon.colcon_core.package_discovery:discover_packages(ignore) check parameters
[0.145s] Level 1:colcon.colcon_core.package_discovery:discover_packages(path) check parameters
[0.146s] Level 1:colcon.colcon_core.package_discovery:discover_packages(colcon_meta) discover
[0.147s] Level 1:colcon.colcon_core.package_discovery:discover_packages(recursive) discover
[0.148s] INFO:colcon.colcon_core.package_discovery:Crawling recursively for packages in '/home/eeiww/ud90uhak/arduinobot_ws/src'
[0.149s] Level 1:colcon.colcon_core.package_identification:_identify(.) by extensions ['ignore', 'ignore_ament_install']
[0.150s] Level 1:colcon.colcon_core.package_identification:_identify(.) by extension 'ignore'
[0.150s] Level 1:colcon.colcon_core.package_identification:_identify(.) by extension 'ignore_ament_install'
[0.151s] Level 1:colcon.colcon_core.package_identification:_identify(.) by extensions ['colcon_pkg']
[0.151s] Level 1:colcon.colcon_core.package_identification:_identify(.) by extension 'colcon_pkg'
[0.151s] Level 1:colcon.colcon_core.package_identification:_identify(.) by extensions ['colcon_meta']
[0.152s] Level 1:colcon.colcon_core.package_identification:_identify(.) by extension 'colcon_meta'
[0.152s] Level 1:colcon.colcon_core.package_identification:_identify(.) by extensions ['ros']
[0.153s] Level 1:colcon.colcon_core.package_identification:_identify(.) by extension 'ros'
[0.173s] Level 1:colcon.colcon_core.package_identification:_identify(.) by extensions ['cmake', 'python']
[0.173s] Level 1:colcon.colcon_core.package_identification:_identify(.) by extension 'cmake'
[0.173s] Level 1:colcon.colcon_core.package_identification:_identify(.) by extension 'python'
[0.173s] Level 1:colcon.colcon_core.package_identification:_identify(.) by extensions ['python_setup_py']
[0.174s] Level 1:colcon.colcon_core.package_identification:_identify(.) by extension 'python_setup_py'
[0.175s] Level 1:colcon.colcon_core.package_identification:_identify(arduinobot_bringup) by extensions ['ignore', 'ignore_ament_install']
[0.176s] Level 1:colcon.colcon_core.package_identification:_identify(arduinobot_bringup) by extension 'ignore'
[0.176s] Level 1:colcon.colcon_core.package_identification:_identify(arduinobot_bringup) by extension 'ignore_ament_install'
[0.176s] Level 1:colcon.colcon_core.package_identification:_identify(arduinobot_bringup) by extensions ['colcon_pkg']
[0.176s] Level 1:colcon.colcon_core.package_identification:_identify(arduinobot_bringup) by extension 'colcon_pkg'
[0.176s] Level 1:colcon.colcon_core.package_identification:_identify(arduinobot_bringup) by extensions ['colcon_meta']
[0.176s] Level 1:colcon.colcon_core.package_identification:_identify(arduinobot_bringup) by extension 'colcon_meta'
[0.177s] Level 1:colcon.colcon_core.package_identification:_identify(arduinobot_bringup) by extensions ['ros']
[0.177s] Level 1:colcon.colcon_core.package_identification:_identify(arduinobot_bringup) by extension 'ros'
[0.180s] DEBUG:colcon.colcon_core.package_identification:Package 'arduinobot_bringup' with type 'ros.ament_cmake' and name 'arduinobot_bringup'
[0.181s] Level 1:colcon.colcon_core.package_identification:_identify(arduinobot_controller) by extensions ['ignore', 'ignore_ament_install']
[0.181s] Level 1:colcon.colcon_core.package_identification:_identify(arduinobot_controller) by extension 'ignore'
[0.181s] Level 1:colcon.colcon_core.package_identification:_identify(arduinobot_controller) by extension 'ignore_ament_install'
[0.181s] Level 1:colcon.colcon_core.package_identification:_identify(arduinobot_controller) by extensions ['colcon_pkg']
[0.182s] Level 1:colcon.colcon_core.package_identification:_identify(arduinobot_controller) by extension 'colcon_pkg'
[0.183s] Level 1:colcon.colcon_core.package_identification:_identify(arduinobot_controller) by extensions ['colcon_meta']
[0.183s] Level 1:colcon.colcon_core.package_identification:_identify(arduinobot_controller) by extension 'colcon_meta'
[0.184s] Level 1:colcon.colcon_core.package_identification:_identify(arduinobot_controller) by extensions ['ros']
[0.184s] Level 1:colcon.colcon_core.package_identification:_identify(arduinobot_controller) by extension 'ros'
[0.187s] DEBUG:colcon.colcon_core.package_identification:Package 'arduinobot_controller' with type 'ros.ament_cmake' and name 'arduinobot_controller'
[0.188s] Level 1:colcon.colcon_core.package_identification:_identify(arduinobot_cpp_examples) by extensions ['ignore', 'ignore_ament_install']
[0.188s] Level 1:colcon.colcon_core.package_identification:_identify(arduinobot_cpp_examples) by extension 'ignore'
[0.189s] Level 1:colcon.colcon_core.package_identification:_identify(arduinobot_cpp_examples) by extension 'ignore_ament_install'
[0.189s] Level 1:colcon.colcon_core.package_identification:_identify(arduinobot_cpp_examples) by extensions ['colcon_pkg']
[0.190s] Level 1:colcon.colcon_core.package_identification:_identify(arduinobot_cpp_examples) by extension 'colcon_pkg'
[0.190s] Level 1:colcon.colcon_core.package_identification:_identify(arduinobot_cpp_examples) by extensions ['colcon_meta']
[0.191s] Level 1:colcon.colcon_core.package_identification:_identify(arduinobot_cpp_examples) by extension 'colcon_meta'
[0.192s] Level 1:colcon.colcon_core.package_identification:_identify(arduinobot_cpp_examples) by extensions ['ros']
[0.193s] Level 1:colcon.colcon_core.package_identification:_identify(arduinobot_cpp_examples) by extension 'ros'
[0.196s] DEBUG:colcon.colcon_core.package_identification:Package 'arduinobot_cpp_examples' with type 'ros.ament_cmake' and name 'arduinobot_cpp_examples'
[0.196s] Level 1:colcon.colcon_core.package_identification:_identify(arduinobot_description) by extensions ['ignore', 'ignore_ament_install']
[0.197s] Level 1:colcon.colcon_core.package_identification:_identify(arduinobot_description) by extension 'ignore'
[0.197s] Level 1:colcon.colcon_core.package_identification:_identify(arduinobot_description) by extension 'ignore_ament_install'
[0.198s] Level 1:colcon.colcon_core.package_identification:_identify(arduinobot_description) by extensions ['colcon_pkg']
[0.199s] Level 1:colcon.colcon_core.package_identification:_identify(arduinobot_description) by extension 'colcon_pkg'
[0.199s] Level 1:colcon.colcon_core.package_identification:_identify(arduinobot_description) by extensions ['colcon_meta']
[0.200s] Level 1:colcon.colcon_core.package_identification:_identify(arduinobot_description) by extension 'colcon_meta'
[0.200s] Level 1:colcon.colcon_core.package_identification:_identify(arduinobot_description) by extensions ['ros']
[0.200s] Level 1:colcon.colcon_core.package_identification:_identify(arduinobot_description) by extension 'ros'
[0.204s] DEBUG:colcon.colcon_core.package_identification:Package 'arduinobot_description' with type 'ros.ament_cmake' and name 'arduinobot_description'
[0.204s] Level 1:colcon.colcon_core.package_identification:_identify(arduinobot_firmware) by extensions ['ignore', 'ignore_ament_install']
[0.205s] Level 1:colcon.colcon_core.package_identification:_identify(arduinobot_firmware) by extension 'ignore'
[0.205s] Level 1:colcon.colcon_core.package_identification:_identify(arduinobot_firmware) by extension 'ignore_ament_install'
[0.205s] Level 1:colcon.colcon_core.package_identification:_identify(arduinobot_firmware) by extensions ['colcon_pkg']
[0.206s] Level 1:colcon.colcon_core.package_identification:_identify(arduinobot_firmware) by extension 'colcon_pkg'
[0.206s] Level 1:colcon.colcon_core.package_identification:_identify(arduinobot_firmware) by extensions ['colcon_meta']
[0.206s] Level 1:colcon.colcon_core.package_identification:_identify(arduinobot_firmware) by extension 'colcon_meta'
[0.207s] Level 1:colcon.colcon_core.package_identification:_identify(arduinobot_firmware) by extensions ['ros']
[0.207s] Level 1:colcon.colcon_core.package_identification:_identify(arduinobot_firmware) by extension 'ros'
[0.210s] DEBUG:colcon.colcon_core.package_identification:Package 'arduinobot_firmware' with type 'ros.ament_cmake' and name 'arduinobot_firmware'
[0.210s] Level 1:colcon.colcon_core.package_identification:_identify(arduinobot_moveit) by extensions ['ignore', 'ignore_ament_install']
[0.211s] Level 1:colcon.colcon_core.package_identification:_identify(arduinobot_moveit) by extension 'ignore'
[0.211s] Level 1:colcon.colcon_core.package_identification:_identify(arduinobot_moveit) by extension 'ignore_ament_install'
[0.211s] Level 1:colcon.colcon_core.package_identification:_identify(arduinobot_moveit) by extensions ['colcon_pkg']
[0.212s] Level 1:colcon.colcon_core.package_identification:_identify(arduinobot_moveit) by extension 'colcon_pkg'
[0.212s] Level 1:colcon.colcon_core.package_identification:_identify(arduinobot_moveit) by extensions ['colcon_meta']
[0.213s] Level 1:colcon.colcon_core.package_identification:_identify(arduinobot_moveit) by extension 'colcon_meta'
[0.213s] Level 1:colcon.colcon_core.package_identification:_identify(arduinobot_moveit) by extensions ['ros']
[0.214s] Level 1:colcon.colcon_core.package_identification:_identify(arduinobot_moveit) by extension 'ros'
[0.216s] DEBUG:colcon.colcon_core.package_identification:Package 'arduinobot_moveit' with type 'ros.ament_cmake' and name 'arduinobot_moveit'
[0.216s] Level 1:colcon.colcon_core.package_identification:_identify(arduinobot_msgs) by extensions ['ignore', 'ignore_ament_install']
[0.216s] Level 1:colcon.colcon_core.package_identification:_identify(arduinobot_msgs) by extension 'ignore'
[0.217s] Level 1:colcon.colcon_core.package_identification:_identify(arduinobot_msgs) by extension 'ignore_ament_install'
[0.217s] Level 1:colcon.colcon_core.package_identification:_identify(arduinobot_msgs) by extensions ['colcon_pkg']
[0.218s] Level 1:colcon.colcon_core.package_identification:_identify(arduinobot_msgs) by extension 'colcon_pkg'
[0.218s] Level 1:colcon.colcon_core.package_identification:_identify(arduinobot_msgs) by extensions ['colcon_meta']
[0.219s] Level 1:colcon.colcon_core.package_identification:_identify(arduinobot_msgs) by extension 'colcon_meta'
[0.220s] Level 1:colcon.colcon_core.package_identification:_identify(arduinobot_msgs) by extensions ['ros']
[0.221s] Level 1:colcon.colcon_core.package_identification:_identify(arduinobot_msgs) by extension 'ros'
[0.223s] DEBUG:colcon.colcon_core.package_identification:Package 'arduinobot_msgs' with type 'ros.ament_cmake' and name 'arduinobot_msgs'
[0.224s] Level 1:colcon.colcon_core.package_identification:_identify(arduinobot_py_examples) by extensions ['ignore', 'ignore_ament_install']
[0.224s] Level 1:colcon.colcon_core.package_identification:_identify(arduinobot_py_examples) by extension 'ignore'
[0.224s] Level 1:colcon.colcon_core.package_identification:_identify(arduinobot_py_examples) by extension 'ignore_ament_install'
[0.224s] Level 1:colcon.colcon_core.package_identification:_identify(arduinobot_py_examples) by extensions ['colcon_pkg']
[0.224s] Level 1:colcon.colcon_core.package_identification:_identify(arduinobot_py_examples) by extension 'colcon_pkg'
[0.224s] Level 1:colcon.colcon_core.package_identification:_identify(arduinobot_py_examples) by extensions ['colcon_meta']
[0.224s] Level 1:colcon.colcon_core.package_identification:_identify(arduinobot_py_examples) by extension 'colcon_meta'
[0.225s] Level 1:colcon.colcon_core.package_identification:_identify(arduinobot_py_examples) by extensions ['ros']
[0.225s] Level 1:colcon.colcon_core.package_identification:_identify(arduinobot_py_examples) by extension 'ros'
[0.227s] DEBUG:colcon.colcon_core.package_identification:Package 'arduinobot_py_examples' with type 'ros.ament_cmake' and name 'arduinobot_py_examples'
[0.228s] Level 1:colcon.colcon_core.package_identification:_identify(arduinobot_remote) by extensions ['ignore', 'ignore_ament_install']
[0.228s] Level 1:colcon.colcon_core.package_identification:_identify(arduinobot_remote) by extension 'ignore'
[0.229s] Level 1:colcon.colcon_core.package_identification:_identify(arduinobot_remote) by extension 'ignore_ament_install'
[0.230s] Level 1:colcon.colcon_core.package_identification:_identify(arduinobot_remote) by extensions ['colcon_pkg']
[0.230s] Level 1:colcon.colcon_core.package_identification:_identify(arduinobot_remote) by extension 'colcon_pkg'
[0.230s] Level 1:colcon.colcon_core.package_identification:_identify(arduinobot_remote) by extensions ['colcon_meta']
[0.231s] Level 1:colcon.colcon_core.package_identification:_identify(arduinobot_remote) by extension 'colcon_meta'
[0.231s] Level 1:colcon.colcon_core.package_identification:_identify(arduinobot_remote) by extensions ['ros']
[0.232s] Level 1:colcon.colcon_core.package_identification:_identify(arduinobot_remote) by extension 'ros'
[0.235s] DEBUG:colcon.colcon_core.package_identification:Package 'arduinobot_remote' with type 'ros.ament_cmake' and name 'arduinobot_remote'
[0.235s] Level 1:colcon.colcon_core.package_identification:_identify(arduinobot_utils) by extensions ['ignore', 'ignore_ament_install']
[0.235s] Level 1:colcon.colcon_core.package_identification:_identify(arduinobot_utils) by extension 'ignore'
[0.236s] Level 1:colcon.colcon_core.package_identification:_identify(arduinobot_utils) by extension 'ignore_ament_install'
[0.237s] Level 1:colcon.colcon_core.package_identification:_identify(arduinobot_utils) by extensions ['colcon_pkg']
[0.238s] Level 1:colcon.colcon_core.package_identification:_identify(arduinobot_utils) by extension 'colcon_pkg'
[0.238s] Level 1:colcon.colcon_core.package_identification:_identify(arduinobot_utils) by extensions ['colcon_meta']
[0.238s] Level 1:colcon.colcon_core.package_identification:_identify(arduinobot_utils) by extension 'colcon_meta'
[0.239s] Level 1:colcon.colcon_core.package_identification:_identify(arduinobot_utils) by extensions ['ros']
[0.240s] Level 1:colcon.colcon_core.package_identification:_identify(arduinobot_utils) by extension 'ros'
[0.243s] DEBUG:colcon.colcon_core.package_identification:Package 'arduinobot_utils' with type 'ros.ament_cmake' and name 'arduinobot_utils'
[0.243s] Level 1:colcon.colcon_core.package_identification:_identify(build) by extensions ['ignore', 'ignore_ament_install']
[0.243s] Level 1:colcon.colcon_core.package_identification:_identify(build) by extension 'ignore'
[0.243s] Level 1:colcon.colcon_core.package_identification:_identify(build) ignored
[0.247s] Level 1:colcon.colcon_core.package_identification:_identify(install) by extensions ['ignore', 'ignore_ament_install']
[0.247s] Level 1:colcon.colcon_core.package_identification:_identify(install) by extension 'ignore'
[0.247s] Level 1:colcon.colcon_core.package_identification:_identify(install) ignored
[0.251s] Level 1:colcon.colcon_core.package_identification:_identify(log) by extensions ['ignore', 'ignore_ament_install']
[0.251s] Level 1:colcon.colcon_core.package_identification:_identify(log) by extension 'ignore'
[0.251s] Level 1:colcon.colcon_core.package_identification:_identify(log) ignored
[0.251s] Level 1:colcon.colcon_core.package_discovery:discover_packages(recursive) using defaults
[0.252s] Level 1:colcon.colcon_core.package_discovery:discover_packages(ignore) discover
[0.253s] Level 1:colcon.colcon_core.package_discovery:discover_packages(ignore) using defaults
[0.253s] Level 1:colcon.colcon_core.package_discovery:discover_packages(path) discover
[0.254s] Level 1:colcon.colcon_core.package_discovery:discover_packages(path) using defaults
[0.268s] Level 1:colcon.colcon_core.package_discovery:discover_packages(prefix_path) check parameters
[0.268s] Level 1:colcon.colcon_core.package_discovery:discover_packages(prefix_path) discover
[0.271s] DEBUG:colcon.colcon_installed_package_information.package_discovery:Found 337 installed packages in /opt/ros/jazzy
[0.271s] Level 1:colcon.colcon_core.package_discovery:discover_packages(prefix_path) using defaults
[0.311s] Level 5:colcon.colcon_core.verb:set package 'arduinobot_cpp_examples' build argument 'cmake_args' from command line to 'None'
[0.311s] Level 5:colcon.colcon_core.verb:set package 'arduinobot_cpp_examples' build argument 'cmake_target' from command line to 'None'
[0.311s] Level 5:colcon.colcon_core.verb:set package 'arduinobot_cpp_examples' build argument 'cmake_target_skip_unavailable' from command line to 'False'
[0.311s] Level 5:colcon.colcon_core.verb:set package 'arduinobot_cpp_examples' build argument 'cmake_clean_cache' from command line to 'False'
[0.311s] Level 5:colcon.colcon_core.verb:set package 'arduinobot_cpp_examples' build argument 'cmake_clean_first' from command line to 'False'
[0.312s] Level 5:colcon.colcon_core.verb:set package 'arduinobot_cpp_examples' build argument 'cmake_force_configure' from command line to 'False'
[0.313s] Level 5:colcon.colcon_core.verb:set package 'arduinobot_cpp_examples' build argument 'ament_cmake_args' from command line to 'None'
[0.314s] Level 5:colcon.colcon_core.verb:set package 'arduinobot_cpp_examples' build argument 'catkin_cmake_args' from command line to 'None'
[0.314s] Level 5:colcon.colcon_core.verb:set package 'arduinobot_cpp_examples' build argument 'catkin_skip_building_tests' from command line to 'False'
[0.314s] DEBUG:colcon.colcon_core.verb:Building package 'arduinobot_cpp_examples' with the following arguments: {'ament_cmake_args': None, 'build_base': '/home/eeiww/ud90uhak/arduinobot_ws/src/build/arduinobot_cpp_examples', 'catkin_cmake_args': None, 'catkin_skip_building_tests': False, 'cmake_args': None, 'cmake_clean_cache': False, 'cmake_clean_first': False, 'cmake_force_configure': False, 'cmake_target': None, 'cmake_target_skip_unavailable': False, 'install_base': '/home/eeiww/ud90uhak/arduinobot_ws/src/install/arduinobot_cpp_examples', 'merge_install': False, 'path': '/home/eeiww/ud90uhak/arduinobot_ws/src/arduinobot_cpp_examples', 'symlink_install': False, 'test_result_base': None}
[0.316s] Level 5:colcon.colcon_core.verb:set package 'arduinobot_description' build argument 'cmake_args' from command line to 'None'
[0.316s] Level 5:colcon.colcon_core.verb:set package 'arduinobot_description' build argument 'cmake_target' from command line to 'None'
[0.316s] Level 5:colcon.colcon_core.verb:set package 'arduinobot_description' build argument 'cmake_target_skip_unavailable' from command line to 'False'
[0.317s] Level 5:colcon.colcon_core.verb:set package 'arduinobot_description' build argument 'cmake_clean_cache' from command line to 'False'
[0.318s] Level 5:colcon.colcon_core.verb:set package 'arduinobot_description' build argument 'cmake_clean_first' from command line to 'False'
[0.319s] Level 5:colcon.colcon_core.verb:set package 'arduinobot_description' build argument 'cmake_force_configure' from command line to 'False'
[0.319s] Level 5:colcon.colcon_core.verb:set package 'arduinobot_description' build argument 'ament_cmake_args' from command line to 'None'
[0.319s] Level 5:colcon.colcon_core.verb:set package 'arduinobot_description' build argument 'catkin_cmake_args' from command line to 'None'
[0.319s] Level 5:colcon.colcon_core.verb:set package 'arduinobot_description' build argument 'catkin_skip_building_tests' from command line to 'False'
[0.319s] DEBUG:colcon.colcon_core.verb:Building package 'arduinobot_description' with the following arguments: {'ament_cmake_args': None, 'build_base': '/home/eeiww/ud90uhak/arduinobot_ws/src/build/arduinobot_description', 'catkin_cmake_args': None, 'catkin_skip_building_tests': False, 'cmake_args': None, 'cmake_clean_cache': False, 'cmake_clean_first': False, 'cmake_force_configure': False, 'cmake_target': None, 'cmake_target_skip_unavailable': False, 'install_base': '/home/eeiww/ud90uhak/arduinobot_ws/src/install/arduinobot_description', 'merge_install': False, 'path': '/home/eeiww/ud90uhak/arduinobot_ws/src/arduinobot_description', 'symlink_install': False, 'test_result_base': None}
[0.320s] Level 5:colcon.colcon_core.verb:set package 'arduinobot_firmware' build argument 'cmake_args' from command line to 'None'
[0.320s] Level 5:colcon.colcon_core.verb:set package 'arduinobot_firmware' build argument 'cmake_target' from command line to 'None'
[0.320s] Level 5:colcon.colcon_core.verb:set package 'arduinobot_firmware' build argument 'cmake_target_skip_unavailable' from command line to 'False'
[0.321s] Level 5:colcon.colcon_core.verb:set package 'arduinobot_firmware' build argument 'cmake_clean_cache' from command line to 'False'
[0.321s] Level 5:colcon.colcon_core.verb:set package 'arduinobot_firmware' build argument 'cmake_clean_first' from command line to 'False'
[0.322s] Level 5:colcon.colcon_core.verb:set package 'arduinobot_firmware' build argument 'cmake_force_configure' from command line to 'False'
[0.322s] Level 5:colcon.colcon_core.verb:set package 'arduinobot_firmware' build argument 'ament_cmake_args' from command line to 'None'
[0.322s] Level 5:colcon.colcon_core.verb:set package 'arduinobot_firmware' build argument 'catkin_cmake_args' from command line to 'None'
[0.323s] Level 5:colcon.colcon_core.verb:set package 'arduinobot_firmware' build argument 'catkin_skip_building_tests' from command line to 'False'
[0.323s] DEBUG:colcon.colcon_core.verb:Building package 'arduinobot_firmware' with the following arguments: {'ament_cmake_args': None, 'build_base': '/home/eeiww/ud90uhak/arduinobot_ws/src/build/arduinobot_firmware', 'catkin_cmake_args': None, 'catkin_skip_building_tests': False, 'cmake_args': None, 'cmake_clean_cache': False, 'cmake_clean_first': False, 'cmake_force_configure': False, 'cmake_target': None, 'cmake_target_skip_unavailable': False, 'install_base': '/home/eeiww/ud90uhak/arduinobot_ws/src/install/arduinobot_firmware', 'merge_install': False, 'path': '/home/eeiww/ud90uhak/arduinobot_ws/src/arduinobot_firmware', 'symlink_install': False, 'test_result_base': None}
[0.324s] Level 5:colcon.colcon_core.verb:set package 'arduinobot_moveit' build argument 'cmake_args' from command line to 'None'
[0.325s] Level 5:colcon.colcon_core.verb:set package 'arduinobot_moveit' build argument 'cmake_target' from command line to 'None'
[0.326s] Level 5:colcon.colcon_core.verb:set package 'arduinobot_moveit' build argument 'cmake_target_skip_unavailable' from command line to 'False'
[0.326s] Level 5:colcon.colcon_core.verb:set package 'arduinobot_moveit' build argument 'cmake_clean_cache' from command line to 'False'
[0.327s] Level 5:colcon.colcon_core.verb:set package 'arduinobot_moveit' build argument 'cmake_clean_first' from command line to 'False'
[0.327s] Level 5:colcon.colcon_core.verb:set package 'arduinobot_moveit' build argument 'cmake_force_configure' from command line to 'False'
[0.327s] Level 5:colcon.colcon_core.verb:set package 'arduinobot_moveit' build argument 'ament_cmake_args' from command line to 'None'
[0.328s] Level 5:colcon.colcon_core.verb:set package 'arduinobot_moveit' build argument 'catkin_cmake_args' from command line to 'None'
[0.328s] Level 5:colcon.colcon_core.verb:set package 'arduinobot_moveit' build argument 'catkin_skip_building_tests' from command line to 'False'
[0.328s] DEBUG:colcon.colcon_core.verb:Building package 'arduinobot_moveit' with the following arguments: {'ament_cmake_args': None, 'build_base': '/home/eeiww/ud90uhak/arduinobot_ws/src/build/arduinobot_moveit', 'catkin_cmake_args': None, 'catkin_skip_building_tests': False, 'cmake_args': None, 'cmake_clean_cache': False, 'cmake_clean_first': False, 'cmake_force_configure': False, 'cmake_target': None, 'cmake_target_skip_unavailable': False, 'install_base': '/home/eeiww/ud90uhak/arduinobot_ws/src/install/arduinobot_moveit', 'merge_install': False, 'path': '/home/eeiww/ud90uhak/arduinobot_ws/src/arduinobot_moveit', 'symlink_install': False, 'test_result_base': None}
[0.328s] Level 5:colcon.colcon_core.verb:set package 'arduinobot_msgs' build argument 'cmake_args' from command line to 'None'
[0.328s] Level 5:colcon.colcon_core.verb:set package 'arduinobot_msgs' build argument 'cmake_target' from command line to 'None'
[0.328s] Level 5:colcon.colcon_core.verb:set package 'arduinobot_msgs' build argument 'cmake_target_skip_unavailable' from command line to 'False'
[0.329s] Level 5:colcon.colcon_core.verb:set package 'arduinobot_msgs' build argument 'cmake_clean_cache' from command line to 'False'
[0.329s] Level 5:colcon.colcon_core.verb:set package 'arduinobot_msgs' build argument 'cmake_clean_first' from command line to 'False'
[0.330s] Level 5:colcon.colcon_core.verb:set package 'arduinobot_msgs' build argument 'cmake_force_configure' from command line to 'False'
[0.330s] Level 5:colcon.colcon_core.verb:set package 'arduinobot_msgs' build argument 'ament_cmake_args' from command line to 'None'
[0.331s] Level 5:colcon.colcon_core.verb:set package 'arduinobot_msgs' build argument 'catkin_cmake_args' from command line to 'None'
[0.332s] Level 5:colcon.colcon_core.verb:set package 'arduinobot_msgs' build argument 'catkin_skip_building_tests' from command line to 'False'
[0.332s] DEBUG:colcon.colcon_core.verb:Building package 'arduinobot_msgs' with the following arguments: {'ament_cmake_args': None, 'build_base': '/home/eeiww/ud90uhak/arduinobot_ws/src/build/arduinobot_msgs', 'catkin_cmake_args': None, 'catkin_skip_building_tests': False, 'cmake_args': None, 'cmake_clean_cache': False, 'cmake_clean_first': False, 'cmake_force_configure': False, 'cmake_target': None, 'cmake_target_skip_unavailable': False, 'install_base': '/home/eeiww/ud90uhak/arduinobot_ws/src/install/arduinobot_msgs', 'merge_install': False, 'path': '/home/eeiww/ud90uhak/arduinobot_ws/src/arduinobot_msgs', 'symlink_install': False, 'test_result_base': None}
[0.333s] Level 5:colcon.colcon_core.verb:set package 'arduinobot_py_examples' build argument 'cmake_args' from command line to 'None'
[0.334s] Level 5:colcon.colcon_core.verb:set package 'arduinobot_py_examples' build argument 'cmake_target' from command line to 'None'
[0.334s] Level 5:colcon.colcon_core.verb:set package 'arduinobot_py_examples' build argument 'cmake_target_skip_unavailable' from command line to 'False'
[0.335s] Level 5:colcon.colcon_core.verb:set package 'arduinobot_py_examples' build argument 'cmake_clean_cache' from command line to 'False'
[0.335s] Level 5:colcon.colcon_core.verb:set package 'arduinobot_py_examples' build argument 'cmake_clean_first' from command line to 'False'
[0.336s] Level 5:colcon.colcon_core.verb:set package 'arduinobot_py_examples' build argument 'cmake_force_configure' from command line to 'False'
[0.336s] Level 5:colcon.colcon_core.verb:set package 'arduinobot_py_examples' build argument 'ament_cmake_args' from command line to 'None'
[0.337s] Level 5:colcon.colcon_core.verb:set package 'arduinobot_py_examples' build argument 'catkin_cmake_args' from command line to 'None'
[0.337s] Level 5:colcon.colcon_core.verb:set package 'arduinobot_py_examples' build argument 'catkin_skip_building_tests' from command line to 'False'
[0.337s] DEBUG:colcon.colcon_core.verb:Building package 'arduinobot_py_examples' with the following arguments: {'ament_cmake_args': None, 'build_base': '/home/eeiww/ud90uhak/arduinobot_ws/src/build/arduinobot_py_examples', 'catkin_cmake_args': None, 'catkin_skip_building_tests': False, 'cmake_args': None, 'cmake_clean_cache': False, 'cmake_clean_first': False, 'cmake_force_configure': False, 'cmake_target': None, 'cmake_target_skip_unavailable': False, 'install_base': '/home/eeiww/ud90uhak/arduinobot_ws/src/install/arduinobot_py_examples', 'merge_install': False, 'path': '/home/eeiww/ud90uhak/arduinobot_ws/src/arduinobot_py_examples', 'symlink_install': False, 'test_result_base': None}
[0.338s] Level 5:colcon.colcon_core.verb:set package 'arduinobot_remote' build argument 'cmake_args' from command line to 'None'
[0.338s] Level 5:colcon.colcon_core.verb:set package 'arduinobot_remote' build argument 'cmake_target' from command line to 'None'
[0.338s] Level 5:colcon.colcon_core.verb:set package 'arduinobot_remote' build argument 'cmake_target_skip_unavailable' from command line to 'False'
[0.338s] Level 5:colcon.colcon_core.verb:set package 'arduinobot_remote' build argument 'cmake_clean_cache' from command line to 'False'
[0.338s] Level 5:colcon.colcon_core.verb:set package 'arduinobot_remote' build argument 'cmake_clean_first' from command line to 'False'
[0.338s] Level 5:colcon.colcon_core.verb:set package 'arduinobot_remote' build argument 'cmake_force_configure' from command line to 'False'
[0.338s] Level 5:colcon.colcon_core.verb:set package 'arduinobot_remote' build argument 'ament_cmake_args' from command line to 'None'
[0.338s] Level 5:colcon.colcon_core.verb:set package 'arduinobot_remote' build argument 'catkin_cmake_args' from command line to 'None'
[0.339s] Level 5:colcon.colcon_core.verb:set package 'arduinobot_remote' build argument 'catkin_skip_building_tests' from command line to 'False'
[0.339s] DEBUG:colcon.colcon_core.verb:Building package 'arduinobot_remote' with the following arguments: {'ament_cmake_args': None, 'build_base': '/home/eeiww/ud90uhak/arduinobot_ws/src/build/arduinobot_remote', 'catkin_cmake_args': None, 'catkin_skip_building_tests': False, 'cmake_args': None, 'cmake_clean_cache': False, 'cmake_clean_first': False, 'cmake_force_configure': False, 'cmake_target': None, 'cmake_target_skip_unavailable': False, 'install_base': '/home/eeiww/ud90uhak/arduinobot_ws/src/install/arduinobot_remote', 'merge_install': False, 'path': '/home/eeiww/ud90uhak/arduinobot_ws/src/arduinobot_remote', 'symlink_install': False, 'test_result_base': None}
[0.340s] Level 5:colcon.colcon_core.verb:set package 'arduinobot_utils' build argument 'cmake_args' from command line to 'None'
[0.340s] Level 5:colcon.colcon_core.verb:set package 'arduinobot_utils' build argument 'cmake_target' from command line to 'None'
[0.340s] Level 5:colcon.colcon_core.verb:set package 'arduinobot_utils' build argument 'cmake_target_skip_unavailable' from command line to 'False'
[0.341s] Level 5:colcon.colcon_core.verb:set package 'arduinobot_utils' build argument 'cmake_clean_cache' from command line to 'False'
[0.342s] Level 5:colcon.colcon_core.verb:set package 'arduinobot_utils' build argument 'cmake_clean_first' from command line to 'False'
[0.342s] Level 5:colcon.colcon_core.verb:set package 'arduinobot_utils' build argument 'cmake_force_configure' from command line to 'False'
[0.343s] Level 5:colcon.colcon_core.verb:set package 'arduinobot_utils' build argument 'ament_cmake_args' from command line to 'None'
[0.343s] Level 5:colcon.colcon_core.verb:set package 'arduinobot_utils' build argument 'catkin_cmake_args' from command line to 'None'
[0.344s] Level 5:colcon.colcon_core.verb:set package 'arduinobot_utils' build argument 'catkin_skip_building_tests' from command line to 'False'
[0.344s] DEBUG:colcon.colcon_core.verb:Building package 'arduinobot_utils' with the following arguments: {'ament_cmake_args': None, 'build_base': '/home/eeiww/ud90uhak/arduinobot_ws/src/build/arduinobot_utils', 'catkin_cmake_args': None, 'catkin_skip_building_tests': False, 'cmake_args': None, 'cmake_clean_cache': False, 'cmake_clean_first': False, 'cmake_force_configure': False, 'cmake_target': None, 'cmake_target_skip_unavailable': False, 'install_base': '/home/eeiww/ud90uhak/arduinobot_ws/src/install/arduinobot_utils', 'merge_install': False, 'path': '/home/eeiww/ud90uhak/arduinobot_ws/src/arduinobot_utils', 'symlink_install': False, 'test_result_base': None}
[0.345s] Level 5:colcon.colcon_core.verb:set package 'arduinobot_controller' build argument 'cmake_args' from command line to 'None'
[0.345s] Level 5:colcon.colcon_core.verb:set package 'arduinobot_controller' build argument 'cmake_target' from command line to 'None'
[0.345s] Level 5:colcon.colcon_core.verb:set package 'arduinobot_controller' build argument 'cmake_target_skip_unavailable' from command line to 'False'
[0.345s] Level 5:colcon.colcon_core.verb:set package 'arduinobot_controller' build argument 'cmake_clean_cache' from command line to 'False'
[0.345s] Level 5:colcon.colcon_core.verb:set package 'arduinobot_controller' build argument 'cmake_clean_first' from command line to 'False'
[0.345s] Level 5:colcon.colcon_core.verb:set package 'arduinobot_controller' build argument 'cmake_force_configure' from command line to 'False'
[0.345s] Level 5:colcon.colcon_core.verb:set package 'arduinobot_controller' build argument 'ament_cmake_args' from command line to 'None'
[0.346s] Level 5:colcon.colcon_core.verb:set package 'arduinobot_controller' build argument 'catkin_cmake_args' from command line to 'None'
[0.346s] Level 5:colcon.colcon_core.verb:set package 'arduinobot_controller' build argument 'catkin_skip_building_tests' from command line to 'False'
[0.346s] DEBUG:colcon.colcon_core.verb:Building package 'arduinobot_controller' with the following arguments: {'ament_cmake_args': None, 'build_base': '/home/eeiww/ud90uhak/arduinobot_ws/src/build/arduinobot_controller', 'catkin_cmake_args': None, 'catkin_skip_building_tests': False, 'cmake_args': None, 'cmake_clean_cache': False, 'cmake_clean_first': False, 'cmake_force_configure': False, 'cmake_target': None, 'cmake_target_skip_unavailable': False, 'install_base': '/home/eeiww/ud90uhak/arduinobot_ws/src/install/arduinobot_controller', 'merge_install': False, 'path': '/home/eeiww/ud90uhak/arduinobot_ws/src/arduinobot_controller', 'symlink_install': False, 'test_result_base': None}
[0.347s] Level 5:colcon.colcon_core.verb:set package 'arduinobot_bringup' build argument 'cmake_args' from command line to 'None'
[0.348s] Level 5:colcon.colcon_core.verb:set package 'arduinobot_bringup' build argument 'cmake_target' from command line to 'None'
[0.348s] Level 5:colcon.colcon_core.verb:set package 'arduinobot_bringup' build argument 'cmake_target_skip_unavailable' from command line to 'False'
[0.349s] Level 5:colcon.colcon_core.verb:set package 'arduinobot_bringup' build argument 'cmake_clean_cache' from command line to 'False'
[0.349s] Level 5:colcon.colcon_core.verb:set package 'arduinobot_bringup' build argument 'cmake_clean_first' from command line to 'False'
[0.349s] Level 5:colcon.colcon_core.verb:set package 'arduinobot_bringup' build argument 'cmake_force_configure' from command line to 'False'
[0.350s] Level 5:colcon.colcon_core.verb:set package 'arduinobot_bringup' build argument 'ament_cmake_args' from command line to 'None'
[0.351s] Level 5:colcon.colcon_core.verb:set package 'arduinobot_bringup' build argument 'catkin_cmake_args' from command line to 'None'
[0.351s] Level 5:colcon.colcon_core.verb:set package 'arduinobot_bringup' build argument 'catkin_skip_building_tests' from command line to 'False'
[0.352s] DEBUG:colcon.colcon_core.verb:Building package 'arduinobot_bringup' with the following arguments: {'ament_cmake_args': None, 'build_base': '/home/eeiww/ud90uhak/arduinobot_ws/src/build/arduinobot_bringup', 'catkin_cmake_args': None, 'catkin_skip_building_tests': False, 'cmake_args': None, 'cmake_clean_cache': False, 'cmake_clean_first': False, 'cmake_force_configure': False, 'cmake_target': None, 'cmake_target_skip_unavailable': False, 'install_base': '/home/eeiww/ud90uhak/arduinobot_ws/src/install/arduinobot_bringup', 'merge_install': False, 'path': '/home/eeiww/ud90uhak/arduinobot_ws/src/arduinobot_bringup', 'symlink_install': False, 'test_result_base': None}
[0.352s] INFO:colcon.colcon_core.executor:Executing jobs using 'parallel' executor
[0.352s] DEBUG:colcon.colcon_parallel_executor.executor.parallel:run_until_complete
[0.353s] INFO:colcon.colcon_ros.task.ament_cmake.build:Building ROS package in '/home/eeiww/ud90uhak/arduinobot_ws/src/arduinobot_description' with build type 'ament_cmake'
[0.353s] INFO:colcon.colcon_cmake.task.cmake.build:Building CMake package in '/home/eeiww/ud90uhak/arduinobot_ws/src/arduinobot_description'
[0.355s] INFO:colcon.colcon_core.plugin_system:Skipping extension 'colcon_core.shell.bat': Not used on non-Windows systems
[0.355s] INFO:colcon.colcon_core.shell:Skip shell extension 'powershell' for command environment: Not usable outside of PowerShell
[0.355s] DEBUG:colcon.colcon_core.shell:Skip shell extension 'dsv' for command environment
[0.361s] INFO:colcon.colcon_ros.task.ament_cmake.build:Building ROS package in '/home/eeiww/ud90uhak/arduinobot_ws/src/arduinobot_moveit' with build type 'ament_cmake'
[0.362s] INFO:colcon.colcon_cmake.task.cmake.build:Building CMake package in '/home/eeiww/ud90uhak/arduinobot_ws/src/arduinobot_moveit'
[0.362s] INFO:colcon.colcon_core.shell:Skip shell extension 'powershell' for command environment: Not usable outside of PowerShell
[0.362s] DEBUG:colcon.colcon_core.shell:Skip shell extension 'dsv' for command environment
[0.368s] INFO:colcon.colcon_ros.task.ament_cmake.build:Building ROS package in '/home/eeiww/ud90uhak/arduinobot_ws/src/arduinobot_remote' with build type 'ament_cmake'
[0.368s] INFO:colcon.colcon_cmake.task.cmake.build:Building CMake package in '/home/eeiww/ud90uhak/arduinobot_ws/src/arduinobot_remote'
[0.368s] INFO:colcon.colcon_core.shell:Skip shell extension 'powershell' for command environment: Not usable outside of PowerShell
[0.369s] DEBUG:colcon.colcon_core.shell:Skip shell extension 'dsv' for command environment
[0.375s] INFO:colcon.colcon_ros.task.ament_cmake.build:Building ROS package in '/home/eeiww/ud90uhak/arduinobot_ws/src/arduinobot_cpp_examples' with build type 'ament_cmake'
[0.375s] INFO:colcon.colcon_cmake.task.cmake.build:Building CMake package in '/home/eeiww/ud90uhak/arduinobot_ws/src/arduinobot_cpp_examples'
[0.375s] INFO:colcon.colcon_core.shell:Skip shell extension 'powershell' for command environment: Not usable outside of PowerShell
[0.375s] DEBUG:colcon.colcon_core.shell:Skip shell extension 'dsv' for command environment
[0.381s] INFO:colcon.colcon_ros.task.ament_cmake.build:Building ROS package in '/home/eeiww/ud90uhak/arduinobot_ws/src/arduinobot_firmware' with build type 'ament_cmake'
[0.381s] INFO:colcon.colcon_cmake.task.cmake.build:Building CMake package in '/home/eeiww/ud90uhak/arduinobot_ws/src/arduinobot_firmware'
[0.382s] INFO:colcon.colcon_core.shell:Skip shell extension 'powershell' for command environment: Not usable outside of PowerShell
[0.382s] DEBUG:colcon.colcon_core.shell:Skip shell extension 'dsv' for command environment
[0.387s] INFO:colcon.colcon_ros.task.ament_cmake.build:Building ROS package in '/home/eeiww/ud90uhak/arduinobot_ws/src/arduinobot_msgs' with build type 'ament_cmake'
[0.388s] INFO:colcon.colcon_cmake.task.cmake.build:Building CMake package in '/home/eeiww/ud90uhak/arduinobot_ws/src/arduinobot_msgs'
[0.388s] INFO:colcon.colcon_core.shell:Skip shell extension 'powershell' for command environment: Not usable outside of PowerShell
[0.388s] DEBUG:colcon.colcon_core.shell:Skip shell extension 'dsv' for command environment
[0.394s] INFO:colcon.colcon_ros.task.ament_cmake.build:Building ROS package in '/home/eeiww/ud90uhak/arduinobot_ws/src/arduinobot_py_examples' with build type 'ament_cmake'
[0.394s] INFO:colcon.colcon_cmake.task.cmake.build:Building CMake package in '/home/eeiww/ud90uhak/arduinobot_ws/src/arduinobot_py_examples'
[0.394s] INFO:colcon.colcon_core.shell:Skip shell extension 'powershell' for command environment: Not usable outside of PowerShell
[0.395s] DEBUG:colcon.colcon_core.shell:Skip shell extension 'dsv' for command environment
[0.400s] INFO:colcon.colcon_ros.task.ament_cmake.build:Building ROS package in '/home/eeiww/ud90uhak/arduinobot_ws/src/arduinobot_utils' with build type 'ament_cmake'
[0.400s] INFO:colcon.colcon_cmake.task.cmake.build:Building CMake package in '/home/eeiww/ud90uhak/arduinobot_ws/src/arduinobot_utils'
[0.400s] INFO:colcon.colcon_core.shell:Skip shell extension 'powershell' for command environment: Not usable outside of PowerShell
[0.401s] DEBUG:colcon.colcon_core.shell:Skip shell extension 'dsv' for command environment
[0.423s] DEBUG:colcon.colcon_core.event_handler.log_command:Invoking command in '/home/eeiww/ud90uhak/arduinobot_ws/src/build/arduinobot_description': CMAKE_PREFIX_PATH=${CMAKE_PREFIX_PATH}:/opt/ros/jazzy DEBUGINFOD_URLS=https://debuginfod.ubuntu.com /usr/bin/cmake --build /home/eeiww/ud90uhak/arduinobot_ws/src/build/arduinobot_description -- -j8 -l8
[0.433s] DEBUG:colcon.colcon_core.event_handler.log_command:Invoking command in '/home/eeiww/ud90uhak/arduinobot_ws/src/build/arduinobot_moveit': CMAKE_PREFIX_PATH=${CMAKE_PREFIX_PATH}:/opt/ros/jazzy DEBUGINFOD_URLS=https://debuginfod.ubuntu.com /usr/bin/cmake --build /home/eeiww/ud90uhak/arduinobot_ws/src/build/arduinobot_moveit -- -j8 -l8
[0.442s] DEBUG:colcon.colcon_core.event_handler.log_command:Invoking command in '/home/eeiww/ud90uhak/arduinobot_ws/src/build/arduinobot_remote': CMAKE_PREFIX_PATH=${CMAKE_PREFIX_PATH}:/opt/ros/jazzy DEBUGINFOD_URLS=https://debuginfod.ubuntu.com /usr/bin/cmake --build /home/eeiww/ud90uhak/arduinobot_ws/src/build/arduinobot_remote -- -j8 -l8
[0.451s] DEBUG:colcon.colcon_core.event_handler.log_command:Invoking command in '/home/eeiww/ud90uhak/arduinobot_ws/src/build/arduinobot_cpp_examples': CMAKE_PREFIX_PATH=${CMAKE_PREFIX_PATH}:/opt/ros/jazzy DEBUGINFOD_URLS=https://debuginfod.ubuntu.com /usr/bin/cmake --build /home/eeiww/ud90uhak/arduinobot_ws/src/build/arduinobot_cpp_examples -- -j8 -l8
[0.460s] DEBUG:colcon.colcon_core.event_handler.log_command:Invoking command in '/home/eeiww/ud90uhak/arduinobot_ws/src/build/arduinobot_firmware': CMAKE_PREFIX_PATH=${CMAKE_PREFIX_PATH}:/opt/ros/jazzy DEBUGINFOD_URLS=https://debuginfod.ubuntu.com /usr/bin/cmake --build /home/eeiww/ud90uhak/arduinobot_ws/src/build/arduinobot_firmware -- -j8 -l8
[0.468s] DEBUG:colcon.colcon_core.event_handler.log_command:Invoking command in '/home/eeiww/ud90uhak/arduinobot_ws/src/build/arduinobot_msgs': CMAKE_PREFIX_PATH=${CMAKE_PREFIX_PATH}:/opt/ros/jazzy DEBUGINFOD_URLS=https://debuginfod.ubuntu.com /usr/bin/cmake --build /home/eeiww/ud90uhak/arduinobot_ws/src/build/arduinobot_msgs -- -j8 -l8
[0.478s] DEBUG:colcon.colcon_core.event_handler.log_command:Invoking command in '/home/eeiww/ud90uhak/arduinobot_ws/src/build/arduinobot_py_examples': CMAKE_PREFIX_PATH=${CMAKE_PREFIX_PATH}:/opt/ros/jazzy DEBUGINFOD_URLS=https://debuginfod.ubuntu.com /usr/bin/cmake --build /home/eeiww/ud90uhak/arduinobot_ws/src/build/arduinobot_py_examples -- -j8 -l8
[0.478s] DEBUG:colcon.colcon_core.event_handler.log_command:Invoked command in '/home/eeiww/ud90uhak/arduinobot_ws/src/build/arduinobot_description' returned '0': CMAKE_PREFIX_PATH=${CMAKE_PREFIX_PATH}:/opt/ros/jazzy DEBUGINFOD_URLS=https://debuginfod.ubuntu.com /usr/bin/cmake --build /home/eeiww/ud90uhak/arduinobot_ws/src/build/arduinobot_description -- -j8 -l8
[0.489s] DEBUG:colcon.colcon_core.event_handler.log_command:Invoking command in '/home/eeiww/ud90uhak/arduinobot_ws/src/build/arduinobot_description': CMAKE_PREFIX_PATH=${CMAKE_PREFIX_PATH}:/opt/ros/jazzy DEBUGINFOD_URLS=https://debuginfod.ubuntu.com /usr/bin/cmake --install /home/eeiww/ud90uhak/arduinobot_ws/src/build/arduinobot_description
[0.503s] DEBUG:colcon.colcon_core.event_handler.log_command:Invoking command in '/home/eeiww/ud90uhak/arduinobot_ws/src/build/arduinobot_utils': CMAKE_PREFIX_PATH=${CMAKE_PREFIX_PATH}:/opt/ros/jazzy DEBUGINFOD_URLS=https://debuginfod.ubuntu.com /usr/bin/cmake --build /home/eeiww/ud90uhak/arduinobot_ws/src/build/arduinobot_utils -- -j8 -l8
[0.504s] DEBUG:colcon.colcon_core.event_handler.log_command:Invoked command in '/home/eeiww/ud90uhak/arduinobot_ws/src/build/arduinobot_cpp_examples' returned '0': CMAKE_PREFIX_PATH=${CMAKE_PREFIX_PATH}:/opt/ros/jazzy DEBUGINFOD_URLS=https://debuginfod.ubuntu.com /usr/bin/cmake --build /home/eeiww/ud90uhak/arduinobot_ws/src/build/arduinobot_cpp_examples -- -j8 -l8
[0.507s] DEBUG:colcon.colcon_core.event_handler.log_command:Invoking command in '/home/eeiww/ud90uhak/arduinobot_ws/src/build/arduinobot_cpp_examples': CMAKE_PREFIX_PATH=${CMAKE_PREFIX_PATH}:/opt/ros/jazzy DEBUGINFOD_URLS=https://debuginfod.ubuntu.com /usr/bin/cmake --install /home/eeiww/ud90uhak/arduinobot_ws/src/build/arduinobot_cpp_examples
[0.508s] DEBUG:colcon.colcon_core.event_handler.log_command:Invoked command in '/home/eeiww/ud90uhak/arduinobot_ws/src/build/arduinobot_moveit' returned '0': CMAKE_PREFIX_PATH=${CMAKE_PREFIX_PATH}:/opt/ros/jazzy DEBUGINFOD_URLS=https://debuginfod.ubuntu.com /usr/bin/cmake --build /home/eeiww/ud90uhak/arduinobot_ws/src/build/arduinobot_moveit -- -j8 -l8
[0.511s] DEBUG:colcon.colcon_core.event_handler.log_command:Invoking command in '/home/eeiww/ud90uhak/arduinobot_ws/src/build/arduinobot_moveit': CMAKE_PREFIX_PATH=${CMAKE_PREFIX_PATH}:/opt/ros/jazzy DEBUGINFOD_URLS=https://debuginfod.ubuntu.com /usr/bin/cmake --install /home/eeiww/ud90uhak/arduinobot_ws/src/build/arduinobot_moveit
[0.514s] DEBUG:colcon.colcon_core.event_handler.log_command:Invoked command in '/home/eeiww/ud90uhak/arduinobot_ws/src/build/arduinobot_remote' returned '0': CMAKE_PREFIX_PATH=${CMAKE_PREFIX_PATH}:/opt/ros/jazzy DEBUGINFOD_URLS=https://debuginfod.ubuntu.com /usr/bin/cmake --build /home/eeiww/ud90uhak/arduinobot_ws/src/build/arduinobot_remote -- -j8 -l8
[0.519s] DEBUG:colcon.colcon_core.event_handler.log_command:Invoking command in '/home/eeiww/ud90uhak/arduinobot_ws/src/build/arduinobot_remote': CMAKE_PREFIX_PATH=${CMAKE_PREFIX_PATH}:/opt/ros/jazzy DEBUGINFOD_URLS=https://debuginfod.ubuntu.com /usr/bin/cmake --install /home/eeiww/ud90uhak/arduinobot_ws/src/build/arduinobot_remote
[0.524s] DEBUG:colcon.colcon_core.event_handler.log_command:Invoked command in '/home/eeiww/ud90uhak/arduinobot_ws/src/build/arduinobot_msgs' returned '0': CMAKE_PREFIX_PATH=${CMAKE_PREFIX_PATH}:/opt/ros/jazzy DEBUGINFOD_URLS=https://debuginfod.ubuntu.com /usr/bin/cmake --build /home/eeiww/ud90uhak/arduinobot_ws/src/build/arduinobot_msgs -- -j8 -l8
[0.527s] DEBUG:colcon.colcon_core.event_handler.log_command:Invoking command in '/home/eeiww/ud90uhak/arduinobot_ws/src/build/arduinobot_msgs': CMAKE_PREFIX_PATH=${CMAKE_PREFIX_PATH}:/opt/ros/jazzy DEBUGINFOD_URLS=https://debuginfod.ubuntu.com /usr/bin/cmake --install /home/eeiww/ud90uhak/arduinobot_ws/src/build/arduinobot_msgs
[0.536s] DEBUG:colcon.colcon_core.event_handler.log_command:Invoked command in '/home/eeiww/ud90uhak/arduinobot_ws/src/build/arduinobot_py_examples' returned '0': CMAKE_PREFIX_PATH=${CMAKE_PREFIX_PATH}:/opt/ros/jazzy DEBUGINFOD_URLS=https://debuginfod.ubuntu.com /usr/bin/cmake --build /home/eeiww/ud90uhak/arduinobot_ws/src/build/arduinobot_py_examples -- -j8 -l8
[0.539s] DEBUG:colcon.colcon_core.event_handler.log_command:Invoking command in '/home/eeiww/ud90uhak/arduinobot_ws/src/build/arduinobot_py_examples': CMAKE_PREFIX_PATH=${CMAKE_PREFIX_PATH}:/opt/ros/jazzy DEBUGINFOD_URLS=https://debuginfod.ubuntu.com /usr/bin/cmake --install /home/eeiww/ud90uhak/arduinobot_ws/src/build/arduinobot_py_examples
[0.547s] Level 1:colcon.colcon_core.environment:create_environment_scripts_only(arduinobot_cpp_examples)
[0.548s] DEBUG:colcon.colcon_core.event_handler.log_command:Invoked command in '/home/eeiww/ud90uhak/arduinobot_ws/src/build/arduinobot_cpp_examples' returned '0': CMAKE_PREFIX_PATH=${CMAKE_PREFIX_PATH}:/opt/ros/jazzy DEBUGINFOD_URLS=https://debuginfod.ubuntu.com /usr/bin/cmake --install /home/eeiww/ud90uhak/arduinobot_ws/src/build/arduinobot_cpp_examples
[0.551s] Level 1:colcon.colcon_core.environment:checking '/home/eeiww/ud90uhak/arduinobot_ws/src/install/arduinobot_cpp_examples' for CMake module files
[0.555s] Level 1:colcon.colcon_core.environment:checking '/home/eeiww/ud90uhak/arduinobot_ws/src/install/arduinobot_cpp_examples' for CMake config files
[0.560s] Level 1:colcon.colcon_core.shell:create_environment_hook('arduinobot_cpp_examples', 'cmake_prefix_path')
[0.560s] INFO:colcon.colcon_core.shell:Creating environment hook '/home/eeiww/ud90uhak/arduinobot_ws/src/install/arduinobot_cpp_examples/share/arduinobot_cpp_examples/hook/cmake_prefix_path.ps1'
[0.563s] INFO:colcon.colcon_core.shell:Creating environment descriptor '/home/eeiww/ud90uhak/arduinobot_ws/src/install/arduinobot_cpp_examples/share/arduinobot_cpp_examples/hook/cmake_prefix_path.dsv'
[0.565s] INFO:colcon.colcon_core.shell:Creating environment hook '/home/eeiww/ud90uhak/arduinobot_ws/src/install/arduinobot_cpp_examples/share/arduinobot_cpp_examples/hook/cmake_prefix_path.sh'
[0.568s] Level 1:colcon.colcon_core.environment:checking '/home/eeiww/ud90uhak/arduinobot_ws/src/install/arduinobot_cpp_examples/bin'
[0.568s] Level 1:colcon.colcon_core.environment:checking '/home/eeiww/ud90uhak/arduinobot_ws/src/install/arduinobot_cpp_examples/lib/pkgconfig/arduinobot_cpp_examples.pc'
[0.569s] Level 1:colcon.colcon_core.environment:checking '/home/eeiww/ud90uhak/arduinobot_ws/src/install/arduinobot_cpp_examples/lib/python3.12/site-packages'
[0.569s] Level 1:colcon.colcon_core.environment:checking '/home/eeiww/ud90uhak/arduinobot_ws/src/install/arduinobot_cpp_examples/bin'
[0.569s] INFO:colcon.colcon_core.shell:Creating package script '/home/eeiww/ud90uhak/arduinobot_ws/src/install/arduinobot_cpp_examples/share/arduinobot_cpp_examples/package.ps1'
[0.572s] INFO:colcon.colcon_core.shell:Creating package descriptor '/home/eeiww/ud90uhak/arduinobot_ws/src/install/arduinobot_cpp_examples/share/arduinobot_cpp_examples/package.dsv'
[0.575s] INFO:colcon.colcon_core.shell:Creating package script '/home/eeiww/ud90uhak/arduinobot_ws/src/install/arduinobot_cpp_examples/share/arduinobot_cpp_examples/package.sh'
[0.577s] INFO:colcon.colcon_core.shell:Creating package script '/home/eeiww/ud90uhak/arduinobot_ws/src/install/arduinobot_cpp_examples/share/arduinobot_cpp_examples/package.bash'
[0.580s] INFO:colcon.colcon_core.shell:Creating package script '/home/eeiww/ud90uhak/arduinobot_ws/src/install/arduinobot_cpp_examples/share/arduinobot_cpp_examples/package.zsh'
[0.583s] Level 1:colcon.colcon_core.environment:create_file_with_runtime_dependencies(/home/eeiww/ud90uhak/arduinobot_ws/src/install/arduinobot_cpp_examples/share/colcon-core/packages/arduinobot_cpp_examples)
[0.585s] Level 1:colcon.colcon_core.environment:create_environment_scripts_only(arduinobot_cpp_examples)
[0.585s] Level 1:colcon.colcon_core.environment:checking '/home/eeiww/ud90uhak/arduinobot_ws/src/install/arduinobot_cpp_examples' for CMake module files
[0.586s] Level 1:colcon.colcon_core.environment:checking '/home/eeiww/ud90uhak/arduinobot_ws/src/install/arduinobot_cpp_examples' for CMake config files
[0.591s] Level 1:colcon.colcon_core.shell:create_environment_hook('arduinobot_cpp_examples', 'cmake_prefix_path')
[0.591s] INFO:colcon.colcon_core.shell:Creating environment hook '/home/eeiww/ud90uhak/arduinobot_ws/src/install/arduinobot_cpp_examples/share/arduinobot_cpp_examples/hook/cmake_prefix_path.ps1'
[0.593s] INFO:colcon.colcon_core.shell:Creating environment descriptor '/home/eeiww/ud90uhak/arduinobot_ws/src/install/arduinobot_cpp_examples/share/arduinobot_cpp_examples/hook/cmake_prefix_path.dsv'
[0.595s] INFO:colcon.colcon_core.shell:Creating environment hook '/home/eeiww/ud90uhak/arduinobot_ws/src/install/arduinobot_cpp_examples/share/arduinobot_cpp_examples/hook/cmake_prefix_path.sh'
[0.598s] Level 1:colcon.colcon_core.environment:checking '/home/eeiww/ud90uhak/arduinobot_ws/src/install/arduinobot_cpp_examples/bin'
[0.598s] Level 1:colcon.colcon_core.environment:checking '/home/eeiww/ud90uhak/arduinobot_ws/src/install/arduinobot_cpp_examples/lib/pkgconfig/arduinobot_cpp_examples.pc'
[0.599s] Level 1:colcon.colcon_core.environment:checking '/home/eeiww/ud90uhak/arduinobot_ws/src/install/arduinobot_cpp_examples/lib/python3.12/site-packages'
[0.599s] Level 1:colcon.colcon_core.environment:checking '/home/eeiww/ud90uhak/arduinobot_ws/src/install/arduinobot_cpp_examples/bin'
[0.599s] INFO:colcon.colcon_core.shell:Creating package script '/home/eeiww/ud90uhak/arduinobot_ws/src/install/arduinobot_cpp_examples/share/arduinobot_cpp_examples/package.ps1'
[0.602s] INFO:colcon.colcon_core.shell:Creating package descriptor '/home/eeiww/ud90uhak/arduinobot_ws/src/install/arduinobot_cpp_examples/share/arduinobot_cpp_examples/package.dsv'
[0.604s] INFO:colcon.colcon_core.shell:Creating package script '/home/eeiww/ud90uhak/arduinobot_ws/src/install/arduinobot_cpp_examples/share/arduinobot_cpp_examples/package.sh'
[0.607s] INFO:colcon.colcon_core.shell:Creating package script '/home/eeiww/ud90uhak/arduinobot_ws/src/install/arduinobot_cpp_examples/share/arduinobot_cpp_examples/package.bash'
[0.609s] INFO:colcon.colcon_core.shell:Creating package script '/home/eeiww/ud90uhak/arduinobot_ws/src/install/arduinobot_cpp_examples/share/arduinobot_cpp_examples/package.zsh'
[0.612s] Level 1:colcon.colcon_core.environment:create_file_with_runtime_dependencies(/home/eeiww/ud90uhak/arduinobot_ws/src/install/arduinobot_cpp_examples/share/colcon-core/packages/arduinobot_cpp_examples)
[0.615s] Level 1:colcon.colcon_core.environment:create_environment_scripts_only(arduinobot_moveit)
[0.615s] Level 1:colcon.colcon_core.environment:checking '/home/eeiww/ud90uhak/arduinobot_ws/src/install/arduinobot_moveit' for CMake module files
[0.617s] Level 1:colcon.colcon_core.environment:checking '/home/eeiww/ud90uhak/arduinobot_ws/src/install/arduinobot_moveit' for CMake config files
[0.620s] DEBUG:colcon.colcon_core.event_handler.log_command:Invoked command in '/home/eeiww/ud90uhak/arduinobot_ws/src/build/arduinobot_moveit' returned '0': CMAKE_PREFIX_PATH=${CMAKE_PREFIX_PATH}:/opt/ros/jazzy DEBUGINFOD_URLS=https://debuginfod.ubuntu.com /usr/bin/cmake --install /home/eeiww/ud90uhak/arduinobot_ws/src/build/arduinobot_moveit
[0.623s] Level 1:colcon.colcon_core.shell:create_environment_hook('arduinobot_moveit', 'cmake_prefix_path')
[0.624s] INFO:colcon.colcon_core.shell:Creating environment hook '/home/eeiww/ud90uhak/arduinobot_ws/src/install/arduinobot_moveit/share/arduinobot_moveit/hook/cmake_prefix_path.ps1'
[0.626s] INFO:colcon.colcon_core.shell:Creating environment descriptor '/home/eeiww/ud90uhak/arduinobot_ws/src/install/arduinobot_moveit/share/arduinobot_moveit/hook/cmake_prefix_path.dsv'
[0.629s] INFO:colcon.colcon_core.shell:Creating environment hook '/home/eeiww/ud90uhak/arduinobot_ws/src/install/arduinobot_moveit/share/arduinobot_moveit/hook/cmake_prefix_path.sh'
[0.633s] Level 1:colcon.colcon_core.environment:checking '/home/eeiww/ud90uhak/arduinobot_ws/src/install/arduinobot_moveit/bin'
[0.633s] Level 1:colcon.colcon_core.environment:checking '/home/eeiww/ud90uhak/arduinobot_ws/src/install/arduinobot_moveit/lib/pkgconfig/arduinobot_moveit.pc'
[0.633s] Level 1:colcon.colcon_core.environment:checking '/home/eeiww/ud90uhak/arduinobot_ws/src/install/arduinobot_moveit/lib/python3.12/site-packages'
[0.633s] Level 1:colcon.colcon_core.environment:checking '/home/eeiww/ud90uhak/arduinobot_ws/src/install/arduinobot_moveit/bin'
[0.633s] INFO:colcon.colcon_core.shell:Creating package script '/home/eeiww/ud90uhak/arduinobot_ws/src/install/arduinobot_moveit/share/arduinobot_moveit/package.ps1'
[0.636s] INFO:colcon.colcon_core.shell:Creating package descriptor '/home/eeiww/ud90uhak/arduinobot_ws/src/install/arduinobot_moveit/share/arduinobot_moveit/package.dsv'
[0.638s] INFO:colcon.colcon_core.shell:Creating package script '/home/eeiww/ud90uhak/arduinobot_ws/src/install/arduinobot_moveit/share/arduinobot_moveit/package.sh'
[0.641s] INFO:colcon.colcon_core.shell:Creating package script '/home/eeiww/ud90uhak/arduinobot_ws/src/install/arduinobot_moveit/share/arduinobot_moveit/package.bash'
[0.643s] INFO:colcon.colcon_core.shell:Creating package script '/home/eeiww/ud90uhak/arduinobot_ws/src/install/arduinobot_moveit/share/arduinobot_moveit/package.zsh'
[0.646s] Level 1:colcon.colcon_core.environment:create_file_with_runtime_dependencies(/home/eeiww/ud90uhak/arduinobot_ws/src/install/arduinobot_moveit/share/colcon-core/packages/arduinobot_moveit)
[0.648s] Level 1:colcon.colcon_core.environment:create_environment_scripts_only(arduinobot_moveit)
[0.648s] Level 1:colcon.colcon_core.environment:checking '/home/eeiww/ud90uhak/arduinobot_ws/src/install/arduinobot_moveit' for CMake module files
[0.649s] Level 1:colcon.colcon_core.environment:checking '/home/eeiww/ud90uhak/arduinobot_ws/src/install/arduinobot_moveit' for CMake config files
[0.653s] Level 1:colcon.colcon_core.shell:create_environment_hook('arduinobot_moveit', 'cmake_prefix_path')
[0.654s] INFO:colcon.colcon_core.shell:Creating environment hook '/home/eeiww/ud90uhak/arduinobot_ws/src/install/arduinobot_moveit/share/arduinobot_moveit/hook/cmake_prefix_path.ps1'
[0.656s] INFO:colcon.colcon_core.shell:Creating environment descriptor '/home/eeiww/ud90uhak/arduinobot_ws/src/install/arduinobot_moveit/share/arduinobot_moveit/hook/cmake_prefix_path.dsv'
[0.658s] INFO:colcon.colcon_core.shell:Creating environment hook '/home/eeiww/ud90uhak/arduinobot_ws/src/install/arduinobot_moveit/share/arduinobot_moveit/hook/cmake_prefix_path.sh'
[0.661s] Level 1:colcon.colcon_core.environment:checking '/home/eeiww/ud90uhak/arduinobot_ws/src/install/arduinobot_moveit/bin'
[0.661s] Level 1:colcon.colcon_core.environment:checking '/home/eeiww/ud90uhak/arduinobot_ws/src/install/arduinobot_moveit/lib/pkgconfig/arduinobot_moveit.pc'
[0.661s] Level 1:colcon.colcon_core.environment:checking '/home/eeiww/ud90uhak/arduinobot_ws/src/install/arduinobot_moveit/lib/python3.12/site-packages'
[0.661s] Level 1:colcon.colcon_core.environment:checking '/home/eeiww/ud90uhak/arduinobot_ws/src/install/arduinobot_moveit/bin'
[0.662s] INFO:colcon.colcon_core.shell:Creating package script '/home/eeiww/ud90uhak/arduinobot_ws/src/install/arduinobot_moveit/share/arduinobot_moveit/package.ps1'
[0.664s] INFO:colcon.colcon_core.shell:Creating package descriptor '/home/eeiww/ud90uhak/arduinobot_ws/src/install/arduinobot_moveit/share/arduinobot_moveit/package.dsv'
[0.667s] INFO:colcon.colcon_core.shell:Creating package script '/home/eeiww/ud90uhak/arduinobot_ws/src/install/arduinobot_moveit/share/arduinobot_moveit/package.sh'
[0.669s] INFO:colcon.colcon_core.shell:Creating package script '/home/eeiww/ud90uhak/arduinobot_ws/src/install/arduinobot_moveit/share/arduinobot_moveit/package.bash'
[0.672s] INFO:colcon.colcon_core.shell:Creating package script '/home/eeiww/ud90uhak/arduinobot_ws/src/install/arduinobot_moveit/share/arduinobot_moveit/package.zsh'
[0.674s] Level 1:colcon.colcon_core.environment:create_file_with_runtime_dependencies(/home/eeiww/ud90uhak/arduinobot_ws/src/install/arduinobot_moveit/share/colcon-core/packages/arduinobot_moveit)
[0.681s] DEBUG:colcon.colcon_core.event_handler.log_command:Invoked command in '/home/eeiww/ud90uhak/arduinobot_ws/src/build/arduinobot_utils' returned '0': CMAKE_PREFIX_PATH=${CMAKE_PREFIX_PATH}:/opt/ros/jazzy DEBUGINFOD_URLS=https://debuginfod.ubuntu.com /usr/bin/cmake --build /home/eeiww/ud90uhak/arduinobot_ws/src/build/arduinobot_utils -- -j8 -l8
[0.682s] DEBUG:colcon.colcon_core.event_handler.log_command:Invoking command in '/home/eeiww/ud90uhak/arduinobot_ws/src/build/arduinobot_utils': CMAKE_PREFIX_PATH=${CMAKE_PREFIX_PATH}:/opt/ros/jazzy DEBUGINFOD_URLS=https://debuginfod.ubuntu.com /usr/bin/cmake --install /home/eeiww/ud90uhak/arduinobot_ws/src/build/arduinobot_utils
[0.687s] Level 1:colcon.colcon_core.environment:create_environment_scripts_only(arduinobot_remote)
[0.688s] Level 1:colcon.colcon_core.environment:checking '/home/eeiww/ud90uhak/arduinobot_ws/src/install/arduinobot_remote' for CMake module files
[0.688s] DEBUG:colcon.colcon_core.event_handler.log_command:Invoked command in '/home/eeiww/ud90uhak/arduinobot_ws/src/build/arduinobot_remote' returned '0': CMAKE_PREFIX_PATH=${CMAKE_PREFIX_PATH}:/opt/ros/jazzy DEBUGINFOD_URLS=https://debuginfod.ubuntu.com /usr/bin/cmake --install /home/eeiww/ud90uhak/arduinobot_ws/src/build/arduinobot_remote
[0.690s] Level 1:colcon.colcon_core.environment:checking '/home/eeiww/ud90uhak/arduinobot_ws/src/install/arduinobot_remote' for CMake config files
[0.693s] Level 1:colcon.colcon_core.shell:create_environment_hook('arduinobot_remote', 'cmake_prefix_path')
[0.693s] INFO:colcon.colcon_core.shell:Creating environment hook '/home/eeiww/ud90uhak/arduinobot_ws/src/install/arduinobot_remote/share/arduinobot_remote/hook/cmake_prefix_path.ps1'
[0.696s] INFO:colcon.colcon_core.shell:Creating environment descriptor '/home/eeiww/ud90uhak/arduinobot_ws/src/install/arduinobot_remote/share/arduinobot_remote/hook/cmake_prefix_path.dsv'
[0.698s] INFO:colcon.colcon_core.shell:Creating environment hook '/home/eeiww/ud90uhak/arduinobot_ws/src/install/arduinobot_remote/share/arduinobot_remote/hook/cmake_prefix_path.sh'
[0.702s] Level 1:colcon.colcon_core.environment:checking '/home/eeiww/ud90uhak/arduinobot_ws/src/install/arduinobot_remote/bin'
[0.702s] Level 1:colcon.colcon_core.environment:checking '/home/eeiww/ud90uhak/arduinobot_ws/src/install/arduinobot_remote/lib/pkgconfig/arduinobot_remote.pc'
[0.702s] Level 1:colcon.colcon_core.environment:checking '/home/eeiww/ud90uhak/arduinobot_ws/src/install/arduinobot_remote/lib/python3.12/site-packages'
[0.702s] Level 1:colcon.colcon_core.environment:checking '/home/eeiww/ud90uhak/arduinobot_ws/src/install/arduinobot_remote/bin'
[0.703s] INFO:colcon.colcon_core.shell:Creating package script '/home/eeiww/ud90uhak/arduinobot_ws/src/install/arduinobot_remote/share/arduinobot_remote/package.ps1'
[0.705s] INFO:colcon.colcon_core.shell:Creating package descriptor '/home/eeiww/ud90uhak/arduinobot_ws/src/install/arduinobot_remote/share/arduinobot_remote/package.dsv'
[0.708s] INFO:colcon.colcon_core.shell:Creating package script '/home/eeiww/ud90uhak/arduinobot_ws/src/install/arduinobot_remote/share/arduinobot_remote/package.sh'
[0.710s] INFO:colcon.colcon_core.shell:Creating package script '/home/eeiww/ud90uhak/arduinobot_ws/src/install/arduinobot_remote/share/arduinobot_remote/package.bash'
[0.713s] INFO:colcon.colcon_core.shell:Creating package script '/home/eeiww/ud90uhak/arduinobot_ws/src/install/arduinobot_remote/share/arduinobot_remote/package.zsh'
[0.716s] Level 1:colcon.colcon_core.environment:create_file_with_runtime_dependencies(/home/eeiww/ud90uhak/arduinobot_ws/src/install/arduinobot_remote/share/colcon-core/packages/arduinobot_remote)
[0.718s] Level 1:colcon.colcon_core.environment:create_environment_scripts_only(arduinobot_remote)
[0.718s] Level 1:colcon.colcon_core.environment:checking '/home/eeiww/ud90uhak/arduinobot_ws/src/install/arduinobot_remote' for CMake module files
[0.719s] Level 1:colcon.colcon_core.environment:checking '/home/eeiww/ud90uhak/arduinobot_ws/src/install/arduinobot_remote' for CMake config files
[0.721s] Level 1:colcon.colcon_core.shell:create_environment_hook('arduinobot_remote', 'cmake_prefix_path')
[0.721s] INFO:colcon.colcon_core.shell:Creating environment hook '/home/eeiww/ud90uhak/arduinobot_ws/src/install/arduinobot_remote/share/arduinobot_remote/hook/cmake_prefix_path.ps1'
[0.723s] INFO:colcon.colcon_core.shell:Creating environment descriptor '/home/eeiww/ud90uhak/arduinobot_ws/src/install/arduinobot_remote/share/arduinobot_remote/hook/cmake_prefix_path.dsv'
[0.726s] INFO:colcon.colcon_core.shell:Creating environment hook '/home/eeiww/ud90uhak/arduinobot_ws/src/install/arduinobot_remote/share/arduinobot_remote/hook/cmake_prefix_path.sh'
[0.729s] Level 1:colcon.colcon_core.environment:checking '/home/eeiww/ud90uhak/arduinobot_ws/src/install/arduinobot_remote/bin'
[0.729s] Level 1:colcon.colcon_core.environment:checking '/home/eeiww/ud90uhak/arduinobot_ws/src/install/arduinobot_remote/lib/pkgconfig/arduinobot_remote.pc'
[0.730s] Level 1:colcon.colcon_core.environment:checking '/home/eeiww/ud90uhak/arduinobot_ws/src/install/arduinobot_remote/lib/python3.12/site-packages'
[0.730s] Level 1:colcon.colcon_core.environment:checking '/home/eeiww/ud90uhak/arduinobot_ws/src/install/arduinobot_remote/bin'
[0.730s] INFO:colcon.colcon_core.shell:Creating package script '/home/eeiww/ud90uhak/arduinobot_ws/src/install/arduinobot_remote/share/arduinobot_remote/package.ps1'
[0.733s] INFO:colcon.colcon_core.shell:Creating package descriptor '/home/eeiww/ud90uhak/arduinobot_ws/src/install/arduinobot_remote/share/arduinobot_remote/package.dsv'
[0.735s] INFO:colcon.colcon_core.shell:Creating package script '/home/eeiww/ud90uhak/arduinobot_ws/src/install/arduinobot_remote/share/arduinobot_remote/package.sh'
[0.738s] INFO:colcon.colcon_core.shell:Creating package script '/home/eeiww/ud90uhak/arduinobot_ws/src/install/arduinobot_remote/share/arduinobot_remote/package.bash'
[0.741s] INFO:colcon.colcon_core.shell:Creating package script '/home/eeiww/ud90uhak/arduinobot_ws/src/install/arduinobot_remote/share/arduinobot_remote/package.zsh'
[0.743s] Level 1:colcon.colcon_core.environment:create_file_with_runtime_dependencies(/home/eeiww/ud90uhak/arduinobot_ws/src/install/arduinobot_remote/share/colcon-core/packages/arduinobot_remote)
[0.745s] Level 1:colcon.colcon_core.environment:create_environment_scripts_only(arduinobot_msgs)
[0.745s] Level 1:colcon.colcon_core.environment:checking '/home/eeiww/ud90uhak/arduinobot_ws/src/install/arduinobot_msgs' for CMake module files
[0.747s] Level 1:colcon.colcon_core.environment:checking '/home/eeiww/ud90uhak/arduinobot_ws/src/install/arduinobot_msgs' for CMake config files
[0.750s] Level 1:colcon.colcon_core.shell:create_environment_hook('arduinobot_msgs', 'cmake_prefix_path')
[0.750s] INFO:colcon.colcon_core.shell:Creating environment hook '/home/eeiww/ud90uhak/arduinobot_ws/src/install/arduinobot_msgs/share/arduinobot_msgs/hook/cmake_prefix_path.ps1'
[0.751s] DEBUG:colcon.colcon_core.event_handler.log_command:Invoked command in '/home/eeiww/ud90uhak/arduinobot_ws/src/build/arduinobot_msgs' returned '0': CMAKE_PREFIX_PATH=${CMAKE_PREFIX_PATH}:/opt/ros/jazzy DEBUGINFOD_URLS=https://debuginfod.ubuntu.com /usr/bin/cmake --install /home/eeiww/ud90uhak/arduinobot_ws/src/build/arduinobot_msgs
[0.753s] INFO:colcon.colcon_core.shell:Creating environment descriptor '/home/eeiww/ud90uhak/arduinobot_ws/src/install/arduinobot_msgs/share/arduinobot_msgs/hook/cmake_prefix_path.dsv'
[0.756s] INFO:colcon.colcon_core.shell:Creating environment hook '/home/eeiww/ud90uhak/arduinobot_ws/src/install/arduinobot_msgs/share/arduinobot_msgs/hook/cmake_prefix_path.sh'
[0.759s] Level 1:colcon.colcon_core.environment:checking '/home/eeiww/ud90uhak/arduinobot_ws/src/install/arduinobot_msgs/bin'
[0.759s] Level 1:colcon.colcon_core.environment:checking '/home/eeiww/ud90uhak/arduinobot_ws/src/install/arduinobot_msgs/lib/pkgconfig/arduinobot_msgs.pc'
[0.759s] Level 1:colcon.colcon_core.environment:checking '/home/eeiww/ud90uhak/arduinobot_ws/src/install/arduinobot_msgs/lib/python3.12/site-packages'
[0.760s] Level 1:colcon.colcon_core.environment:checking '/home/eeiww/ud90uhak/arduinobot_ws/src/install/arduinobot_msgs/bin'
[0.760s] INFO:colcon.colcon_core.shell:Creating package script '/home/eeiww/ud90uhak/arduinobot_ws/src/install/arduinobot_msgs/share/arduinobot_msgs/package.ps1'
[0.762s] INFO:colcon.colcon_core.shell:Creating package descriptor '/home/eeiww/ud90uhak/arduinobot_ws/src/install/arduinobot_msgs/share/arduinobot_msgs/package.dsv'
[0.765s] INFO:colcon.colcon_core.shell:Creating package script '/home/eeiww/ud90uhak/arduinobot_ws/src/install/arduinobot_msgs/share/arduinobot_msgs/package.sh'
[0.767s] INFO:colcon.colcon_core.shell:Creating package script '/home/eeiww/ud90uhak/arduinobot_ws/src/install/arduinobot_msgs/share/arduinobot_msgs/package.bash'
[0.770s] INFO:colcon.colcon_core.shell:Creating package script '/home/eeiww/ud90uhak/arduinobot_ws/src/install/arduinobot_msgs/share/arduinobot_msgs/package.zsh'
[0.773s] Level 1:colcon.colcon_core.environment:create_file_with_runtime_dependencies(/home/eeiww/ud90uhak/arduinobot_ws/src/install/arduinobot_msgs/share/colcon-core/packages/arduinobot_msgs)
[0.775s] Level 1:colcon.colcon_core.environment:create_environment_scripts_only(arduinobot_msgs)
[0.775s] Level 1:colcon.colcon_core.environment:checking '/home/eeiww/ud90uhak/arduinobot_ws/src/install/arduinobot_msgs' for CMake module files
[0.776s] Level 1:colcon.colcon_core.environment:checking '/home/eeiww/ud90uhak/arduinobot_ws/src/install/arduinobot_msgs' for CMake config files
[0.778s] Level 1:colcon.colcon_core.shell:create_environment_hook('arduinobot_msgs', 'cmake_prefix_path')
[0.778s] INFO:colcon.colcon_core.shell:Creating environment hook '/home/eeiww/ud90uhak/arduinobot_ws/src/install/arduinobot_msgs/share/arduinobot_msgs/hook/cmake_prefix_path.ps1'
[0.780s] INFO:colcon.colcon_core.shell:Creating environment descriptor '/home/eeiww/ud90uhak/arduinobot_ws/src/install/arduinobot_msgs/share/arduinobot_msgs/hook/cmake_prefix_path.dsv'
[0.783s] INFO:colcon.colcon_core.shell:Creating environment hook '/home/eeiww/ud90uhak/arduinobot_ws/src/install/arduinobot_msgs/share/arduinobot_msgs/hook/cmake_prefix_path.sh'
[0.785s] Level 1:colcon.colcon_core.environment:checking '/home/eeiww/ud90uhak/arduinobot_ws/src/install/arduinobot_msgs/bin'
[0.786s] Level 1:colcon.colcon_core.environment:checking '/home/eeiww/ud90uhak/arduinobot_ws/src/install/arduinobot_msgs/lib/pkgconfig/arduinobot_msgs.pc'
[0.786s] Level 1:colcon.colcon_core.environment:checking '/home/eeiww/ud90uhak/arduinobot_ws/src/install/arduinobot_msgs/lib/python3.12/site-packages'
[0.786s] Level 1:colcon.colcon_core.environment:checking '/home/eeiww/ud90uhak/arduinobot_ws/src/install/arduinobot_msgs/bin'
[0.786s] INFO:colcon.colcon_core.shell:Creating package script '/home/eeiww/ud90uhak/arduinobot_ws/src/install/arduinobot_msgs/share/arduinobot_msgs/package.ps1'
[0.789s] INFO:colcon.colcon_core.shell:Creating package descriptor '/home/eeiww/ud90uhak/arduinobot_ws/src/install/arduinobot_msgs/share/arduinobot_msgs/package.dsv'
[0.791s] INFO:colcon.colcon_core.shell:Creating package script '/home/eeiww/ud90uhak/arduinobot_ws/src/install/arduinobot_msgs/share/arduinobot_msgs/package.sh'
[0.794s] INFO:colcon.colcon_core.shell:Creating package script '/home/eeiww/ud90uhak/arduinobot_ws/src/install/arduinobot_msgs/share/arduinobot_msgs/package.bash'
[0.796s] INFO:colcon.colcon_core.shell:Creating package script '/home/eeiww/ud90uhak/arduinobot_ws/src/install/arduinobot_msgs/share/arduinobot_msgs/package.zsh'
[0.799s] Level 1:colcon.colcon_core.environment:create_file_with_runtime_dependencies(/home/eeiww/ud90uhak/arduinobot_ws/src/install/arduinobot_msgs/share/colcon-core/packages/arduinobot_msgs)
[0.800s] Level 1:colcon.colcon_core.environment:create_environment_scripts_only(arduinobot_description)
[0.800s] Level 1:colcon.colcon_core.environment:checking '/home/eeiww/ud90uhak/arduinobot_ws/src/install/arduinobot_description' for CMake module files
[0.803s] Level 1:colcon.colcon_core.environment:checking '/home/eeiww/ud90uhak/arduinobot_ws/src/install/arduinobot_description' for CMake config files
[0.806s] DEBUG:colcon.colcon_core.event_handler.log_command:Invoked command in '/home/eeiww/ud90uhak/arduinobot_ws/src/build/arduinobot_description' returned '0': CMAKE_PREFIX_PATH=${CMAKE_PREFIX_PATH}:/opt/ros/jazzy DEBUGINFOD_URLS=https://debuginfod.ubuntu.com /usr/bin/cmake --install /home/eeiww/ud90uhak/arduinobot_ws/src/build/arduinobot_description
[0.811s] Level 1:colcon.colcon_core.shell:create_environment_hook('arduinobot_description', 'cmake_prefix_path')
[0.811s] INFO:colcon.colcon_core.shell:Creating environment hook '/home/eeiww/ud90uhak/arduinobot_ws/src/install/arduinobot_description/share/arduinobot_description/hook/cmake_prefix_path.ps1'
[0.814s] INFO:colcon.colcon_core.shell:Creating environment descriptor '/home/eeiww/ud90uhak/arduinobot_ws/src/install/arduinobot_description/share/arduinobot_description/hook/cmake_prefix_path.dsv'
[0.816s] INFO:colcon.colcon_core.shell:Creating environment hook '/home/eeiww/ud90uhak/arduinobot_ws/src/install/arduinobot_description/share/arduinobot_description/hook/cmake_prefix_path.sh'
[0.819s] Level 1:colcon.colcon_core.environment:checking '/home/eeiww/ud90uhak/arduinobot_ws/src/install/arduinobot_description/bin'
[0.819s] Level 1:colcon.colcon_core.environment:checking '/home/eeiww/ud90uhak/arduinobot_ws/src/install/arduinobot_description/lib/pkgconfig/arduinobot_description.pc'
[0.820s] Level 1:colcon.colcon_core.environment:checking '/home/eeiww/ud90uhak/arduinobot_ws/src/install/arduinobot_description/lib/python3.12/site-packages'
[0.820s] Level 1:colcon.colcon_core.environment:checking '/home/eeiww/ud90uhak/arduinobot_ws/src/install/arduinobot_description/bin'
[0.820s] INFO:colcon.colcon_core.shell:Creating package script '/home/eeiww/ud90uhak/arduinobot_ws/src/install/arduinobot_description/share/arduinobot_description/package.ps1'
[0.822s] INFO:colcon.colcon_core.shell:Creating package descriptor '/home/eeiww/ud90uhak/arduinobot_ws/src/install/arduinobot_description/share/arduinobot_description/package.dsv'
[0.825s] INFO:colcon.colcon_core.shell:Creating package script '/home/eeiww/ud90uhak/arduinobot_ws/src/install/arduinobot_description/share/arduinobot_description/package.sh'
[0.827s] INFO:colcon.colcon_core.shell:Creating package script '/home/eeiww/ud90uhak/arduinobot_ws/src/install/arduinobot_description/share/arduinobot_description/package.bash'
[0.829s] INFO:colcon.colcon_core.shell:Creating package script '/home/eeiww/ud90uhak/arduinobot_ws/src/install/arduinobot_description/share/arduinobot_description/package.zsh'
[0.832s] Level 1:colcon.colcon_core.environment:create_file_with_runtime_dependencies(/home/eeiww/ud90uhak/arduinobot_ws/src/install/arduinobot_description/share/colcon-core/packages/arduinobot_description)
[0.835s] Level 1:colcon.colcon_core.environment:create_environment_scripts_only(arduinobot_description)
[0.835s] Level 1:colcon.colcon_core.environment:checking '/home/eeiww/ud90uhak/arduinobot_ws/src/install/arduinobot_description' for CMake module files
[0.837s] Level 1:colcon.colcon_core.environment:checking '/home/eeiww/ud90uhak/arduinobot_ws/src/install/arduinobot_description' for CMake config files
[0.842s] Level 1:colcon.colcon_core.shell:create_environment_hook('arduinobot_description', 'cmake_prefix_path')
[0.843s] INFO:colcon.colcon_core.shell:Creating environment hook '/home/eeiww/ud90uhak/arduinobot_ws/src/install/arduinobot_description/share/arduinobot_description/hook/cmake_prefix_path.ps1'
[0.845s] INFO:colcon.colcon_core.shell:Creating environment descriptor '/home/eeiww/ud90uhak/arduinobot_ws/src/install/arduinobot_description/share/arduinobot_description/hook/cmake_prefix_path.dsv'
[0.847s] INFO:colcon.colcon_core.shell:Creating environment hook '/home/eeiww/ud90uhak/arduinobot_ws/src/install/arduinobot_description/share/arduinobot_description/hook/cmake_prefix_path.sh'
[0.850s] Level 1:colcon.colcon_core.environment:checking '/home/eeiww/ud90uhak/arduinobot_ws/src/install/arduinobot_description/bin'
[0.850s] Level 1:colcon.colcon_core.environment:checking '/home/eeiww/ud90uhak/arduinobot_ws/src/install/arduinobot_description/lib/pkgconfig/arduinobot_description.pc'
[0.850s] Level 1:colcon.colcon_core.environment:checking '/home/eeiww/ud90uhak/arduinobot_ws/src/install/arduinobot_description/lib/python3.12/site-packages'
[0.851s] Level 1:colcon.colcon_core.environment:checking '/home/eeiww/ud90uhak/arduinobot_ws/src/install/arduinobot_description/bin'
[0.851s] INFO:colcon.colcon_core.shell:Creating package script '/home/eeiww/ud90uhak/arduinobot_ws/src/install/arduinobot_description/share/arduinobot_description/package.ps1'
[0.853s] INFO:colcon.colcon_core.shell:Creating package descriptor '/home/eeiww/ud90uhak/arduinobot_ws/src/install/arduinobot_description/share/arduinobot_description/package.dsv'
[0.856s] INFO:colcon.colcon_core.shell:Creating package script '/home/eeiww/ud90uhak/arduinobot_ws/src/install/arduinobot_description/share/arduinobot_description/package.sh'
[0.858s] INFO:colcon.colcon_core.shell:Creating package script '/home/eeiww/ud90uhak/arduinobot_ws/src/install/arduinobot_description/share/arduinobot_description/package.bash'
[0.861s] INFO:colcon.colcon_core.shell:Creating package script '/home/eeiww/ud90uhak/arduinobot_ws/src/install/arduinobot_description/share/arduinobot_description/package.zsh'
[0.863s] Level 1:colcon.colcon_core.environment:create_file_with_runtime_dependencies(/home/eeiww/ud90uhak/arduinobot_ws/src/install/arduinobot_description/share/colcon-core/packages/arduinobot_description)
[0.865s] Level 1:colcon.colcon_core.environment:create_environment_scripts_only(arduinobot_py_examples)
[0.865s] Level 1:colcon.colcon_core.environment:checking '/home/eeiww/ud90uhak/arduinobot_ws/src/install/arduinobot_py_examples' for CMake module files
[0.867s] Level 1:colcon.colcon_core.environment:checking '/home/eeiww/ud90uhak/arduinobot_ws/src/install/arduinobot_py_examples' for CMake config files
[0.872s] DEBUG:colcon.colcon_core.event_handler.log_command:Invoked command in '/home/eeiww/ud90uhak/arduinobot_ws/src/build/arduinobot_py_examples' returned '0': CMAKE_PREFIX_PATH=${CMAKE_PREFIX_PATH}:/opt/ros/jazzy DEBUGINFOD_URLS=https://debuginfod.ubuntu.com /usr/bin/cmake --install /home/eeiww/ud90uhak/arduinobot_ws/src/build/arduinobot_py_examples
[0.873s] Level 1:colcon.colcon_core.shell:create_environment_hook('arduinobot_py_examples', 'cmake_prefix_path')
[0.873s] INFO:colcon.colcon_core.shell:Creating environment hook '/home/eeiww/ud90uhak/arduinobot_ws/src/install/arduinobot_py_examples/share/arduinobot_py_examples/hook/cmake_prefix_path.ps1'
[0.876s] INFO:colcon.colcon_core.shell:Creating environment descriptor '/home/eeiww/ud90uhak/arduinobot_ws/src/install/arduinobot_py_examples/share/arduinobot_py_examples/hook/cmake_prefix_path.dsv'
[0.879s] INFO:colcon.colcon_core.shell:Creating environment hook '/home/eeiww/ud90uhak/arduinobot_ws/src/install/arduinobot_py_examples/share/arduinobot_py_examples/hook/cmake_prefix_path.sh'
[0.882s] Level 1:colcon.colcon_core.environment:checking '/home/eeiww/ud90uhak/arduinobot_ws/src/install/arduinobot_py_examples/bin'
[0.882s] Level 1:colcon.colcon_core.environment:checking '/home/eeiww/ud90uhak/arduinobot_ws/src/install/arduinobot_py_examples/lib/pkgconfig/arduinobot_py_examples.pc'
[0.883s] Level 1:colcon.colcon_core.environment:checking '/home/eeiww/ud90uhak/arduinobot_ws/src/install/arduinobot_py_examples/lib/python3.12/site-packages'
[0.883s] Level 1:colcon.colcon_core.environment:checking '/home/eeiww/ud90uhak/arduinobot_ws/src/install/arduinobot_py_examples/bin'
[0.883s] INFO:colcon.colcon_core.shell:Creating package script '/home/eeiww/ud90uhak/arduinobot_ws/src/install/arduinobot_py_examples/share/arduinobot_py_examples/package.ps1'
[0.886s] INFO:colcon.colcon_core.shell:Creating package descriptor '/home/eeiww/ud90uhak/arduinobot_ws/src/install/arduinobot_py_examples/share/arduinobot_py_examples/package.dsv'
[0.888s] INFO:colcon.colcon_core.shell:Creating package script '/home/eeiww/ud90uhak/arduinobot_ws/src/install/arduinobot_py_examples/share/arduinobot_py_examples/package.sh'
[0.890s] INFO:colcon.colcon_core.shell:Creating package script '/home/eeiww/ud90uhak/arduinobot_ws/src/install/arduinobot_py_examples/share/arduinobot_py_examples/package.bash'
[0.893s] INFO:colcon.colcon_core.shell:Creating package script '/home/eeiww/ud90uhak/arduinobot_ws/src/install/arduinobot_py_examples/share/arduinobot_py_examples/package.zsh'
[0.895s] Level 1:colcon.colcon_core.environment:create_file_with_runtime_dependencies(/home/eeiww/ud90uhak/arduinobot_ws/src/install/arduinobot_py_examples/share/colcon-core/packages/arduinobot_py_examples)
[0.897s] Level 1:colcon.colcon_core.environment:create_environment_scripts_only(arduinobot_py_examples)
[0.898s] Level 1:colcon.colcon_core.environment:checking '/home/eeiww/ud90uhak/arduinobot_ws/src/install/arduinobot_py_examples' for CMake module files
[0.899s] Level 1:colcon.colcon_core.environment:checking '/home/eeiww/ud90uhak/arduinobot_ws/src/install/arduinobot_py_examples' for CMake config files
[0.903s] Level 1:colcon.colcon_core.shell:create_environment_hook('arduinobot_py_examples', 'cmake_prefix_path')
[0.903s] INFO:colcon.colcon_core.shell:Creating environment hook '/home/eeiww/ud90uhak/arduinobot_ws/src/install/arduinobot_py_examples/share/arduinobot_py_examples/hook/cmake_prefix_path.ps1'
[0.906s] INFO:colcon.colcon_core.shell:Creating environment descriptor '/home/eeiww/ud90uhak/arduinobot_ws/src/install/arduinobot_py_examples/share/arduinobot_py_examples/hook/cmake_prefix_path.dsv'
[0.908s] INFO:colcon.colcon_core.shell:Creating environment hook '/home/eeiww/ud90uhak/arduinobot_ws/src/install/arduinobot_py_examples/share/arduinobot_py_examples/hook/cmake_prefix_path.sh'
[0.911s] Level 1:colcon.colcon_core.environment:checking '/home/eeiww/ud90uhak/arduinobot_ws/src/install/arduinobot_py_examples/bin'
[0.911s] Level 1:colcon.colcon_core.environment:checking '/home/eeiww/ud90uhak/arduinobot_ws/src/install/arduinobot_py_examples/lib/pkgconfig/arduinobot_py_examples.pc'
[0.912s] Level 1:colcon.colcon_core.environment:checking '/home/eeiww/ud90uhak/arduinobot_ws/src/install/arduinobot_py_examples/lib/python3.12/site-packages'
[0.912s] Level 1:colcon.colcon_core.environment:checking '/home/eeiww/ud90uhak/arduinobot_ws/src/install/arduinobot_py_examples/bin'
[0.912s] INFO:colcon.colcon_core.shell:Creating package script '/home/eeiww/ud90uhak/arduinobot_ws/src/install/arduinobot_py_examples/share/arduinobot_py_examples/package.ps1'
[0.915s] INFO:colcon.colcon_core.shell:Creating package descriptor '/home/eeiww/ud90uhak/arduinobot_ws/src/install/arduinobot_py_examples/share/arduinobot_py_examples/package.dsv'
[0.917s] INFO:colcon.colcon_core.shell:Creating package script '/home/eeiww/ud90uhak/arduinobot_ws/src/install/arduinobot_py_examples/share/arduinobot_py_examples/package.sh'
[0.920s] INFO:colcon.colcon_core.shell:Creating package script '/home/eeiww/ud90uhak/arduinobot_ws/src/install/arduinobot_py_examples/share/arduinobot_py_examples/package.bash'
[0.922s] INFO:colcon.colcon_core.shell:Creating package script '/home/eeiww/ud90uhak/arduinobot_ws/src/install/arduinobot_py_examples/share/arduinobot_py_examples/package.zsh'
[0.925s] Level 1:colcon.colcon_core.environment:create_file_with_runtime_dependencies(/home/eeiww/ud90uhak/arduinobot_ws/src/install/arduinobot_py_examples/share/colcon-core/packages/arduinobot_py_examples)
[0.926s] INFO:colcon.colcon_ros.task.ament_cmake.build:Building ROS package in '/home/eeiww/ud90uhak/arduinobot_ws/src/arduinobot_controller' with build type 'ament_cmake'
[0.927s] INFO:colcon.colcon_cmake.task.cmake.build:Building CMake package in '/home/eeiww/ud90uhak/arduinobot_ws/src/arduinobot_controller'
[0.927s] INFO:colcon.colcon_core.shell:Skip shell extension 'powershell' for command environment: Not usable outside of PowerShell
[0.927s] DEBUG:colcon.colcon_core.shell:Skip shell extension 'dsv' for command environment
[0.933s] Level 1:colcon.colcon_core.environment:create_environment_scripts_only(arduinobot_utils)
[0.933s] Level 1:colcon.colcon_core.environment:checking '/home/eeiww/ud90uhak/arduinobot_ws/src/install/arduinobot_utils' for CMake module files
[0.935s] Level 1:colcon.colcon_core.environment:checking '/home/eeiww/ud90uhak/arduinobot_ws/src/install/arduinobot_utils' for CMake config files
[0.936s] DEBUG:colcon.colcon_core.event_handler.log_command:Invoked command in '/home/eeiww/ud90uhak/arduinobot_ws/src/build/arduinobot_utils' returned '0': CMAKE_PREFIX_PATH=${CMAKE_PREFIX_PATH}:/opt/ros/jazzy DEBUGINFOD_URLS=https://debuginfod.ubuntu.com /usr/bin/cmake --install /home/eeiww/ud90uhak/arduinobot_ws/src/build/arduinobot_utils
[0.940s] Level 1:colcon.colcon_core.shell:create_environment_hook('arduinobot_utils', 'cmake_prefix_path')
[0.940s] INFO:colcon.colcon_core.shell:Creating environment hook '/home/eeiww/ud90uhak/arduinobot_ws/src/install/arduinobot_utils/share/arduinobot_utils/hook/cmake_prefix_path.ps1'
[0.944s] INFO:colcon.colcon_core.shell:Creating environment descriptor '/home/eeiww/ud90uhak/arduinobot_ws/src/install/arduinobot_utils/share/arduinobot_utils/hook/cmake_prefix_path.dsv'
[0.946s] INFO:colcon.colcon_core.shell:Creating environment hook '/home/eeiww/ud90uhak/arduinobot_ws/src/install/arduinobot_utils/share/arduinobot_utils/hook/cmake_prefix_path.sh'
[0.950s] Level 1:colcon.colcon_core.environment:checking '/home/eeiww/ud90uhak/arduinobot_ws/src/install/arduinobot_utils/bin'
[0.950s] Level 1:colcon.colcon_core.environment:checking '/home/eeiww/ud90uhak/arduinobot_ws/src/install/arduinobot_utils/lib/pkgconfig/arduinobot_utils.pc'
[0.950s] Level 1:colcon.colcon_core.environment:checking '/home/eeiww/ud90uhak/arduinobot_ws/src/install/arduinobot_utils/lib/python3.12/site-packages'
[0.951s] Level 1:colcon.colcon_core.environment:checking '/home/eeiww/ud90uhak/arduinobot_ws/src/install/arduinobot_utils/bin'
[0.951s] INFO:colcon.colcon_core.shell:Creating package script '/home/eeiww/ud90uhak/arduinobot_ws/src/install/arduinobot_utils/share/arduinobot_utils/package.ps1'
[0.954s] INFO:colcon.colcon_core.shell:Creating package descriptor '/home/eeiww/ud90uhak/arduinobot_ws/src/install/arduinobot_utils/share/arduinobot_utils/package.dsv'
[0.957s] INFO:colcon.colcon_core.shell:Creating package script '/home/eeiww/ud90uhak/arduinobot_ws/src/install/arduinobot_utils/share/arduinobot_utils/package.sh'
[0.959s] INFO:colcon.colcon_core.shell:Creating package script '/home/eeiww/ud90uhak/arduinobot_ws/src/install/arduinobot_utils/share/arduinobot_utils/package.bash'
[0.962s] INFO:colcon.colcon_core.shell:Creating package script '/home/eeiww/ud90uhak/arduinobot_ws/src/install/arduinobot_utils/share/arduinobot_utils/package.zsh'
[0.964s] Level 1:colcon.colcon_core.environment:create_file_with_runtime_dependencies(/home/eeiww/ud90uhak/arduinobot_ws/src/install/arduinobot_utils/share/colcon-core/packages/arduinobot_utils)
[0.966s] Level 1:colcon.colcon_core.environment:create_environment_scripts_only(arduinobot_utils)
[0.966s] Level 1:colcon.colcon_core.environment:checking '/home/eeiww/ud90uhak/arduinobot_ws/src/install/arduinobot_utils' for CMake module files
[0.968s] Level 1:colcon.colcon_core.environment:checking '/home/eeiww/ud90uhak/arduinobot_ws/src/install/arduinobot_utils' for CMake config files
[0.972s] Level 1:colcon.colcon_core.shell:create_environment_hook('arduinobot_utils', 'cmake_prefix_path')
[0.973s] INFO:colcon.colcon_core.shell:Creating environment hook '/home/eeiww/ud90uhak/arduinobot_ws/src/install/arduinobot_utils/share/arduinobot_utils/hook/cmake_prefix_path.ps1'
[0.975s] INFO:colcon.colcon_core.shell:Creating environment descriptor '/home/eeiww/ud90uhak/arduinobot_ws/src/install/arduinobot_utils/share/arduinobot_utils/hook/cmake_prefix_path.dsv'
[0.977s] INFO:colcon.colcon_core.shell:Creating environment hook '/home/eeiww/ud90uhak/arduinobot_ws/src/install/arduinobot_utils/share/arduinobot_utils/hook/cmake_prefix_path.sh'
[0.980s] Level 1:colcon.colcon_core.environment:checking '/home/eeiww/ud90uhak/arduinobot_ws/src/install/arduinobot_utils/bin'
[0.980s] Level 1:colcon.colcon_core.environment:checking '/home/eeiww/ud90uhak/arduinobot_ws/src/install/arduinobot_utils/lib/pkgconfig/arduinobot_utils.pc'
[0.980s] Level 1:colcon.colcon_core.environment:checking '/home/eeiww/ud90uhak/arduinobot_ws/src/install/arduinobot_utils/lib/python3.12/site-packages'
[0.981s] Level 1:colcon.colcon_core.environment:checking '/home/eeiww/ud90uhak/arduinobot_ws/src/install/arduinobot_utils/bin'
[0.982s] INFO:colcon.colcon_core.shell:Creating package script '/home/eeiww/ud90uhak/arduinobot_ws/src/install/arduinobot_utils/share/arduinobot_utils/package.ps1'
[0.985s] INFO:colcon.colcon_core.shell:Creating package descriptor '/home/eeiww/ud90uhak/arduinobot_ws/src/install/arduinobot_utils/share/arduinobot_utils/package.dsv'
[0.987s] INFO:colcon.colcon_core.shell:Creating package script '/home/eeiww/ud90uhak/arduinobot_ws/src/install/arduinobot_utils/share/arduinobot_utils/package.sh'
[0.990s] INFO:colcon.colcon_core.shell:Creating package script '/home/eeiww/ud90uhak/arduinobot_ws/src/install/arduinobot_utils/share/arduinobot_utils/package.bash'
[0.992s] INFO:colcon.colcon_core.shell:Creating package script '/home/eeiww/ud90uhak/arduinobot_ws/src/install/arduinobot_utils/share/arduinobot_utils/package.zsh'
[0.995s] Level 1:colcon.colcon_core.environment:create_file_with_runtime_dependencies(/home/eeiww/ud90uhak/arduinobot_ws/src/install/arduinobot_utils/share/colcon-core/packages/arduinobot_utils)
[1.009s] DEBUG:colcon.colcon_core.event_handler.log_command:Invoking command in '/home/eeiww/ud90uhak/arduinobot_ws/src/build/arduinobot_controller': AMENT_PREFIX_PATH=/home/eeiww/ud90uhak/arduinobot_ws/src/install/arduinobot_description:${AMENT_PREFIX_PATH} CMAKE_PREFIX_PATH=/home/eeiww/ud90uhak/arduinobot_ws/src/install/arduinobot_description:/opt/ros/jazzy/opt/gz_sim_vendor:/opt/ros/jazzy/opt/gz_sensors_vendor:/opt/ros/jazzy/opt/gz_physics_vendor:/opt/ros/jazzy/opt/sdformat_vendor:/opt/ros/jazzy/opt/gz_gui_vendor:/opt/ros/jazzy/opt/gz_transport_vendor:/opt/ros/jazzy/opt/gz_rendering_vendor:/opt/ros/jazzy/opt/gz_plugin_vendor:/opt/ros/jazzy/opt/gz_fuel_tools_vendor:/opt/ros/jazzy/opt/gz_msgs_vendor:/opt/ros/jazzy/opt/gz_common_vendor:/opt/ros/jazzy/opt/gz_math_vendor:/opt/ros/jazzy/opt/gz_utils_vendor:/opt/ros/jazzy/opt/gz_tools_vendor:/opt/ros/jazzy/opt/gz_ogre_next_vendor:/opt/ros/jazzy/opt/gz_dartsim_vendor:/opt/ros/jazzy/opt/gz_cmake_vendor:/opt/ros/jazzy DEBUGINFOD_URLS=https://debuginfod.ubuntu.com /usr/bin/cmake --build /home/eeiww/ud90uhak/arduinobot_ws/src/build/arduinobot_controller -- -j8 -l8
[1.047s] DEBUG:colcon.colcon_core.event_handler.log_command:Invoked command in '/home/eeiww/ud90uhak/arduinobot_ws/src/build/arduinobot_firmware' returned '0': CMAKE_PREFIX_PATH=${CMAKE_PREFIX_PATH}:/opt/ros/jazzy DEBUGINFOD_URLS=https://debuginfod.ubuntu.com /usr/bin/cmake --build /home/eeiww/ud90uhak/arduinobot_ws/src/build/arduinobot_firmware -- -j8 -l8
[1.053s] DEBUG:colcon.colcon_core.event_handler.log_command:Invoking command in '/home/eeiww/ud90uhak/arduinobot_ws/src/build/arduinobot_firmware': CMAKE_PREFIX_PATH=${CMAKE_PREFIX_PATH}:/opt/ros/jazzy DEBUGINFOD_URLS=https://debuginfod.ubuntu.com /usr/bin/cmake --install /home/eeiww/ud90uhak/arduinobot_ws/src/build/arduinobot_firmware
[1.111s] DEBUG:colcon.colcon_core.event_handler.log_command:Invoked command in '/home/eeiww/ud90uhak/arduinobot_ws/src/build/arduinobot_controller' returned '2': AMENT_PREFIX_PATH=/home/eeiww/ud90uhak/arduinobot_ws/src/install/arduinobot_description:${AMENT_PREFIX_PATH} CMAKE_PREFIX_PATH=/home/eeiww/ud90uhak/arduinobot_ws/src/install/arduinobot_description:/opt/ros/jazzy/opt/gz_sim_vendor:/opt/ros/jazzy/opt/gz_sensors_vendor:/opt/ros/jazzy/opt/gz_physics_vendor:/opt/ros/jazzy/opt/sdformat_vendor:/opt/ros/jazzy/opt/gz_gui_vendor:/opt/ros/jazzy/opt/gz_transport_vendor:/opt/ros/jazzy/opt/gz_rendering_vendor:/opt/ros/jazzy/opt/gz_plugin_vendor:/opt/ros/jazzy/opt/gz_fuel_tools_vendor:/opt/ros/jazzy/opt/gz_msgs_vendor:/opt/ros/jazzy/opt/gz_common_vendor:/opt/ros/jazzy/opt/gz_math_vendor:/opt/ros/jazzy/opt/gz_utils_vendor:/opt/ros/jazzy/opt/gz_tools_vendor:/opt/ros/jazzy/opt/gz_ogre_next_vendor:/opt/ros/jazzy/opt/gz_dartsim_vendor:/opt/ros/jazzy/opt/gz_cmake_vendor:/opt/ros/jazzy DEBUGINFOD_URLS=https://debuginfod.ubuntu.com /usr/bin/cmake --build /home/eeiww/ud90uhak/arduinobot_ws/src/build/arduinobot_controller -- -j8 -l8
[1.115s] Level 1:colcon.colcon_core.environment:create_environment_scripts_only(arduinobot_controller)
[1.115s] Level 1:colcon.colcon_core.environment:checking '/home/eeiww/ud90uhak/arduinobot_ws/src/install/arduinobot_controller' for CMake module files
[1.122s] Level 1:colcon.colcon_core.environment:checking '/home/eeiww/ud90uhak/arduinobot_ws/src/install/arduinobot_controller' for CMake config files
[1.129s] Level 1:colcon.colcon_core.shell:create_environment_hook('arduinobot_controller', 'cmake_prefix_path')
[1.130s] INFO:colcon.colcon_core.shell:Creating environment hook '/home/eeiww/ud90uhak/arduinobot_ws/src/install/arduinobot_controller/share/arduinobot_controller/hook/cmake_prefix_path.ps1'
[1.133s] INFO:colcon.colcon_core.shell:Creating environment descriptor '/home/eeiww/ud90uhak/arduinobot_ws/src/install/arduinobot_controller/share/arduinobot_controller/hook/cmake_prefix_path.dsv'
[1.136s] INFO:colcon.colcon_core.shell:Creating environment hook '/home/eeiww/ud90uhak/arduinobot_ws/src/install/arduinobot_controller/share/arduinobot_controller/hook/cmake_prefix_path.sh'
[1.139s] Level 1:colcon.colcon_core.environment:checking '/home/eeiww/ud90uhak/arduinobot_ws/src/install/arduinobot_controller/bin'
[1.139s] Level 1:colcon.colcon_core.environment:checking '/home/eeiww/ud90uhak/arduinobot_ws/src/install/arduinobot_controller/lib/pkgconfig/arduinobot_controller.pc'
[1.139s] Level 1:colcon.colcon_core.environment:checking '/home/eeiww/ud90uhak/arduinobot_ws/src/install/arduinobot_controller/lib/python3.12/site-packages'
[1.140s] Level 1:colcon.colcon_core.environment:checking '/home/eeiww/ud90uhak/arduinobot_ws/src/install/arduinobot_controller/bin'
[1.140s] INFO:colcon.colcon_core.shell:Creating package script '/home/eeiww/ud90uhak/arduinobot_ws/src/install/arduinobot_controller/share/arduinobot_controller/package.ps1'
[1.143s] INFO:colcon.colcon_core.shell:Creating package descriptor '/home/eeiww/ud90uhak/arduinobot_ws/src/install/arduinobot_controller/share/arduinobot_controller/package.dsv'
[1.146s] INFO:colcon.colcon_core.shell:Creating package script '/home/eeiww/ud90uhak/arduinobot_ws/src/install/arduinobot_controller/share/arduinobot_controller/package.sh'
[1.149s] INFO:colcon.colcon_core.shell:Creating package script '/home/eeiww/ud90uhak/arduinobot_ws/src/install/arduinobot_controller/share/arduinobot_controller/package.bash'
[1.151s] INFO:colcon.colcon_core.shell:Creating package script '/home/eeiww/ud90uhak/arduinobot_ws/src/install/arduinobot_controller/share/arduinobot_controller/package.zsh'
[1.154s] Level 1:colcon.colcon_core.environment:create_file_with_runtime_dependencies(/home/eeiww/ud90uhak/arduinobot_ws/src/install/arduinobot_controller/share/colcon-core/packages/arduinobot_controller)
[1.369s] DEBUG:colcon.colcon_parallel_executor.executor.parallel:closing loop
[1.369s] DEBUG:colcon.colcon_parallel_executor.executor.parallel:loop closed
[1.369s] DEBUG:colcon.colcon_parallel_executor.executor.parallel:run_until_complete finished with '2'
[1.370s] DEBUG:colcon.colcon_core.event_reactor:joining thread
[1.376s] INFO:colcon.colcon_core.plugin_system:Skipping extension 'colcon_notification.desktop_notification.terminal_notifier': Not used on non-Darwin systems
[1.377s] INFO:colcon.colcon_core.plugin_system:Skipping extension 'colcon_notification.desktop_notification.win32': Not used on non-Windows systems
[1.377s] INFO:colcon.colcon_notification.desktop_notification:Sending desktop notification using 'notify2'
[1.387s] DEBUG:colcon.colcon_core.event_reactor:joined thread
[1.387s] INFO:colcon.colcon_core.shell:Creating prefix script '/home/eeiww/ud90uhak/arduinobot_ws/src/install/local_setup.ps1'
[1.391s] INFO:colcon.colcon_core.shell:Creating prefix util module '/home/eeiww/ud90uhak/arduinobot_ws/src/install/_local_setup_util_ps1.py'
[1.396s] INFO:colcon.colcon_core.shell:Creating prefix chain script '/home/eeiww/ud90uhak/arduinobot_ws/src/install/setup.ps1'
[1.399s] INFO:colcon.colcon_core.shell:Creating prefix script '/home/eeiww/ud90uhak/arduinobot_ws/src/install/local_setup.sh'
[1.403s] INFO:colcon.colcon_core.shell:Creating prefix util module '/home/eeiww/ud90uhak/arduinobot_ws/src/install/_local_setup_util_sh.py'
[1.407s] INFO:colcon.colcon_core.shell:Creating prefix chain script '/home/eeiww/ud90uhak/arduinobot_ws/src/install/setup.sh'
[1.409s] INFO:colcon.colcon_core.shell:Creating prefix script '/home/eeiww/ud90uhak/arduinobot_ws/src/install/local_setup.bash'
[1.413s] INFO:colcon.colcon_core.shell:Creating prefix chain script '/home/eeiww/ud90uhak/arduinobot_ws/src/install/setup.bash'
[1.417s] INFO:colcon.colcon_core.shell:Creating prefix script '/home/eeiww/ud90uhak/arduinobot_ws/src/install/local_setup.zsh'
[1.420s] INFO:colcon.colcon_core.shell:Creating prefix chain script '/home/eeiww/ud90uhak/arduinobot_ws/src/install/setup.zsh'
