[0.344s] Invoking command in '/home/eeiww/ud90uhak/arduinobot_ws/src/build/arduinobot_utils': CMAKE_PREFIX_PATH=${CMAKE_PREFIX_PATH}:/opt/ros/jazzy DEBUGINFOD_URLS=https://debuginfod.ubuntu.com /usr/bin/cmake /home/eeiww/ud90uhak/arduinobot_ws/src/arduinobot_utils -DCMAKE_INSTALL_PREFIX=/home/eeiww/ud90uhak/arduinobot_ws/src/install/arduinobot_utils
[0.429s] -- The C compiler identification is GNU 13.3.0
[0.508s] -- The CXX compiler identification is GNU 13.3.0
[0.528s] -- Detecting C compiler ABI info
[0.754s] -- Detecting C compiler ABI info - done
[0.766s] -- Check for working C compiler: /usr/bin/cc - skipped
[0.766s] -- Detecting C compile features
[0.766s] -- Detecting C compile features - done
[0.786s] -- Detecting CXX compiler ABI info
[1.017s] -- Detecting CXX compiler ABI info - done
[1.029s] -- Check for working CXX compiler: /usr/bin/c++ - skipped
[1.029s] -- Detecting CXX compile features
[1.029s] -- Detecting CXX compile features - done
[1.054s] -- Found ament_cmake: 2.5.3 (/opt/ros/jazzy/share/ament_cmake/cmake)
[1.190s] -- Found Python3: /usr/bin/python3 (found version "3.12.3") found components: Interpreter 
[1.395s] -- Found ament_lint_auto: 0.17.1 (/opt/ros/jazzy/share/ament_lint_auto/cmake)
[1.614s] -- Added test 'lint_cmake' to check CMake code style
[1.640s] -- Added test 'xmllint' to check XML markup files
[1.674s] -- Configuring done (1.3s)
[1.779s] -- Generating done (0.1s)
[1.827s] -- Build files have been written to: /home/eeiww/ud90uhak/arduinobot_ws/src/build/arduinobot_utils
[1.830s] Invoked command in '/home/eeiww/ud90uhak/arduinobot_ws/src/build/arduinobot_utils' returned '0': CMAKE_PREFIX_PATH=${CMAKE_PREFIX_PATH}:/opt/ros/jazzy DEBUGINFOD_URLS=https://debuginfod.ubuntu.com /usr/bin/cmake /home/eeiww/ud90uhak/arduinobot_ws/src/arduinobot_utils -DCMAKE_INSTALL_PREFIX=/home/eeiww/ud90uhak/arduinobot_ws/src/install/arduinobot_utils
[1.832s] Invoking command in '/home/eeiww/ud90uhak/arduinobot_ws/src/build/arduinobot_utils': CMAKE_PREFIX_PATH=${CMAKE_PREFIX_PATH}:/opt/ros/jazzy DEBUGINFOD_URLS=https://debuginfod.ubuntu.com /usr/bin/cmake --build /home/eeiww/ud90uhak/arduinobot_ws/src/build/arduinobot_utils -- -j8 -l8
[1.875s] Invoked command in '/home/eeiww/ud90uhak/arduinobot_ws/src/build/arduinobot_utils' returned '0': CMAKE_PREFIX_PATH=${CMAKE_PREFIX_PATH}:/opt/ros/jazzy DEBUGINFOD_URLS=https://debuginfod.ubuntu.com /usr/bin/cmake --build /home/eeiww/ud90uhak/arduinobot_ws/src/build/arduinobot_utils -- -j8 -l8
[1.880s] Invoking command in '/home/eeiww/ud90uhak/arduinobot_ws/src/build/arduinobot_utils': CMAKE_PREFIX_PATH=${CMAKE_PREFIX_PATH}:/opt/ros/jazzy DEBUGINFOD_URLS=https://debuginfod.ubuntu.com /usr/bin/cmake --install /home/eeiww/ud90uhak/arduinobot_ws/src/build/arduinobot_utils
[1.888s] -- Install configuration: ""
[1.897s] -- Installing: /home/eeiww/ud90uhak/arduinobot_ws/src/install/arduinobot_utils/share/ament_index/resource_index/package_run_dependencies/arduinobot_utils
[1.912s] -- Installing: /home/eeiww/ud90uhak/arduinobot_ws/src/install/arduinobot_utils/share/ament_index/resource_index/parent_prefix_path/arduinobot_utils
[1.923s] -- Installing: /home/eeiww/ud90uhak/arduinobot_ws/src/install/arduinobot_utils/share/arduinobot_utils/environment/ament_prefix_path.sh
[1.928s] -- Installing: /home/eeiww/ud90uhak/arduinobot_ws/src/install/arduinobot_utils/share/arduinobot_utils/environment/ament_prefix_path.dsv
[1.935s] -- Installing: /home/eeiww/ud90uhak/arduinobot_ws/src/install/arduinobot_utils/share/arduinobot_utils/environment/path.sh
[1.940s] -- Installing: /home/eeiww/ud90uhak/arduinobot_ws/src/install/arduinobot_utils/share/arduinobot_utils/environment/path.dsv
[1.946s] -- Installing: /home/eeiww/ud90uhak/arduinobot_ws/src/install/arduinobot_utils/share/arduinobot_utils/local_setup.bash
[1.953s] -- Installing: /home/eeiww/ud90uhak/arduinobot_ws/src/install/arduinobot_utils/share/arduinobot_utils/local_setup.sh
[1.961s] -- Installing: /home/eeiww/ud90uhak/arduinobot_ws/src/install/arduinobot_utils/share/arduinobot_utils/local_setup.zsh
[1.968s] -- Installing: /home/eeiww/ud90uhak/arduinobot_ws/src/install/arduinobot_utils/share/arduinobot_utils/local_setup.dsv
[1.974s] -- Installing: /home/eeiww/ud90uhak/arduinobot_ws/src/install/arduinobot_utils/share/arduinobot_utils/package.dsv
[1.982s] -- Installing: /home/eeiww/ud90uhak/arduinobot_ws/src/install/arduinobot_utils/share/ament_index/resource_index/packages/arduinobot_utils
[1.990s] -- Installing: /home/eeiww/ud90uhak/arduinobot_ws/src/install/arduinobot_utils/share/arduinobot_utils/cmake/arduinobot_utilsConfig.cmake
[1.996s] -- Installing: /home/eeiww/ud90uhak/arduinobot_ws/src/install/arduinobot_utils/share/arduinobot_utils/cmake/arduinobot_utilsConfig-version.cmake
[2.002s] -- Installing: /home/eeiww/ud90uhak/arduinobot_ws/src/install/arduinobot_utils/share/arduinobot_utils/package.xml
[2.010s] Invoked command in '/home/eeiww/ud90uhak/arduinobot_ws/src/build/arduinobot_utils' returned '0': CMAKE_PREFIX_PATH=${CMAKE_PREFIX_PATH}:/opt/ros/jazzy DEBUGINFOD_URLS=https://debuginfod.ubuntu.com /usr/bin/cmake --install /home/eeiww/ud90uhak/arduinobot_ws/src/build/arduinobot_utils
