[0.076s] Invoking command in '/home/eeiww/ud90uhak/arduinobot_ws/src/build/arduinobot_remote': CMAKE_PREFIX_PATH=${CMAKE_PREFIX_PATH}:/opt/ros/jazzy DEBUGINFOD_URLS=https://debuginfod.ubuntu.com /usr/bin/cmake /home/eeiww/ud90uhak/arduinobot_ws/src/arduinobot_remote -DCMAKE_INSTALL_PREFIX=/home/eeiww/ud90uhak/arduinobot_ws/src/install/arduinobot_remote
[0.167s] -- The C compiler identification is GNU 13.3.0
[0.266s] -- The CXX compiler identification is GNU 13.3.0
[0.289s] -- Detecting C compiler ABI info
[0.566s] -- Detecting C compiler ABI info - done
[0.576s] -- Check for working C compiler: /usr/bin/cc - skipped
[0.576s] -- Detecting C compile features
[0.576s] -- Detecting C compile features - done
[0.598s] -- Detecting CXX compiler ABI info
[0.874s] -- Detecting CXX compiler ABI info - done
[0.885s] -- Check for working CXX compiler: /usr/bin/c++ - skipped
[0.886s] -- Detecting CXX compile features
[0.886s] -- Detecting CXX compile features - done
[0.906s] -- Found ament_cmake: 2.5.3 (/opt/ros/jazzy/share/ament_cmake/cmake)
[1.054s] -- Found Python3: /usr/bin/python3 (found version "3.12.3") found components: Interpreter 
[1.239s] -- Found ament_lint_auto: 0.17.1 (/opt/ros/jazzy/share/ament_lint_auto/cmake)
[1.424s] -- Added test 'lint_cmake' to check CMake code style
[1.440s] -- Added test 'xmllint' to check XML markup files
[1.466s] -- Configuring done (1.4s)
[1.560s] -- Generating done (0.1s)
[1.607s] -- Build files have been written to: /home/eeiww/ud90uhak/arduinobot_ws/src/build/arduinobot_remote
