[0.081s] Invoking command in '/home/eeiww/ud90uhak/arduinobot_ws/src/build/arduinobot_msgs': CMAKE_PREFIX_PATH=${CMAKE_PREFIX_PATH}:/opt/ros/jazzy DEBUGINFOD_URLS=https://debuginfod.ubuntu.com /usr/bin/cmake --build /home/eeiww/ud90uhak/arduinobot_ws/src/build/arduinobot_msgs -- -j8 -l8
[0.150s] Invoked command in '/home/eeiww/ud90uhak/arduinobot_ws/src/build/arduinobot_msgs' returned '0': CMAKE_PREFIX_PATH=${CMAKE_PREFIX_PATH}:/opt/ros/jazzy DEBUGINFOD_URLS=https://debuginfod.ubuntu.com /usr/bin/cmake --build /home/eeiww/ud90uhak/arduinobot_ws/src/build/arduinobot_msgs -- -j8 -l8
[0.153s] Invoking command in '/home/eeiww/ud90uhak/arduinobot_ws/src/build/arduinobot_msgs': CMAKE_PREFIX_PATH=${CMAKE_PREFIX_PATH}:/opt/ros/jazzy DEBUGINFOD_URLS=https://debuginfod.ubuntu.com /usr/bin/cmake --install /home/eeiww/ud90uhak/arduinobot_ws/src/build/arduinobot_msgs
[0.230s] -- Install configuration: ""
[0.231s] -- Up-to-date: /home/eeiww/ud90uhak/arduinobot_ws/src/install/arduinobot_msgs/share/ament_index/resource_index/package_run_dependencies/arduinobot_msgs
[0.231s] -- Up-to-date: /home/eeiww/ud90uhak/arduinobot_ws/src/install/arduinobot_msgs/share/ament_index/resource_index/parent_prefix_path/arduinobot_msgs
[0.231s] -- Up-to-date: /home/eeiww/ud90uhak/arduinobot_ws/src/install/arduinobot_msgs/share/arduinobot_msgs/environment/ament_prefix_path.sh
[0.232s] -- Up-to-date: /home/eeiww/ud90uhak/arduinobot_ws/src/install/arduinobot_msgs/share/arduinobot_msgs/environment/ament_prefix_path.dsv
[0.233s] -- Up-to-date: /home/eeiww/ud90uhak/arduinobot_ws/src/install/arduinobot_msgs/share/arduinobot_msgs/environment/path.sh
[0.233s] -- Up-to-date: /home/eeiww/ud90uhak/arduinobot_ws/src/install/arduinobot_msgs/share/arduinobot_msgs/environment/path.dsv
[0.233s] -- Up-to-date: /home/eeiww/ud90uhak/arduinobot_ws/src/install/arduinobot_msgs/share/arduinobot_msgs/local_setup.bash
[0.235s] -- Up-to-date: /home/eeiww/ud90uhak/arduinobot_ws/src/install/arduinobot_msgs/share/arduinobot_msgs/local_setup.sh
[0.236s] -- Up-to-date: /home/eeiww/ud90uhak/arduinobot_ws/src/install/arduinobot_msgs/share/arduinobot_msgs/local_setup.zsh
[0.236s] -- Up-to-date: /home/eeiww/ud90uhak/arduinobot_ws/src/install/arduinobot_msgs/share/arduinobot_msgs/local_setup.dsv
[0.237s] -- Installing: /home/eeiww/ud90uhak/arduinobot_ws/src/install/arduinobot_msgs/share/arduinobot_msgs/package.dsv
[0.238s] -- Up-to-date: /home/eeiww/ud90uhak/arduinobot_ws/src/install/arduinobot_msgs/share/ament_index/resource_index/packages/arduinobot_msgs
[0.238s] -- Up-to-date: /home/eeiww/ud90uhak/arduinobot_ws/src/install/arduinobot_msgs/share/arduinobot_msgs/cmake/arduinobot_msgsConfig.cmake
[0.238s] -- Up-to-date: /home/eeiww/ud90uhak/arduinobot_ws/src/install/arduinobot_msgs/share/arduinobot_msgs/cmake/arduinobot_msgsConfig-version.cmake
[0.239s] -- Up-to-date: /home/eeiww/ud90uhak/arduinobot_ws/src/install/arduinobot_msgs/share/arduinobot_msgs/package.xml
[0.440s] Invoked command in '/home/eeiww/ud90uhak/arduinobot_ws/src/build/arduinobot_msgs' returned '0': CMAKE_PREFIX_PATH=${CMAKE_PREFIX_PATH}:/opt/ros/jazzy DEBUGINFOD_URLS=https://debuginfod.ubuntu.com /usr/bin/cmake --install /home/eeiww/ud90uhak/arduinobot_ws/src/build/arduinobot_msgs
