[0.080s] Invoking command in '/home/eeiww/ud90uhak/arduinobot_ws/src/build/arduinobot_py_examples': CMAKE_PREFIX_PATH=${CMAKE_PREFIX_PATH}:/opt/ros/jazzy DEBUGINFOD_URLS=https://debuginfod.ubuntu.com /usr/bin/cmake /home/eeiww/ud90uhak/arduinobot_ws/src/arduinobot_py_examples -DCMAKE_INSTALL_PREFIX=/home/eeiww/ud90uhak/arduinobot_ws/src/install/arduinobot_py_examples
[0.163s] -- The C compiler identification is GNU 13.3.0
[0.243s] -- The CXX compiler identification is GNU 13.3.0
[0.265s] -- Detecting C compiler ABI info
[0.468s] -- Detecting C compiler ABI info - done
[0.480s] -- Check for working C compiler: /usr/bin/cc - skipped
[0.480s] -- Detecting C compile features
[0.480s] -- Detecting C compile features - done
[0.500s] -- Detecting CXX compiler ABI info
[0.722s] -- Detecting CXX compiler ABI info - done
[0.734s] -- Check for working CXX compiler: /usr/bin/c++ - skipped
[0.734s] -- Detecting CXX compile features
[0.735s] -- Detecting CXX compile features - done
[0.761s] -- Found ament_cmake: 2.5.3 (/opt/ros/jazzy/share/ament_cmake/cmake)
[0.896s] -- Found Python3: /usr/bin/python3 (found version "3.12.3") found components: Interpreter 
[1.111s] -- Found ament_lint_auto: 0.17.1 (/opt/ros/jazzy/share/ament_lint_auto/cmake)
[1.336s] -- Added test 'lint_cmake' to check CMake code style
[1.362s] -- Added test 'xmllint' to check XML markup files
[1.401s] -- Configuring done (1.3s)
[1.550s] -- Generating done (0.1s)
[1.611s] -- Build files have been written to: /home/eeiww/ud90uhak/arduinobot_ws/src/build/arduinobot_py_examples
[1.615s] Invoked command in '/home/eeiww/ud90uhak/arduinobot_ws/src/build/arduinobot_py_examples' returned '0': CMAKE_PREFIX_PATH=${CMAKE_PREFIX_PATH}:/opt/ros/jazzy DEBUGINFOD_URLS=https://debuginfod.ubuntu.com /usr/bin/cmake /home/eeiww/ud90uhak/arduinobot_ws/src/arduinobot_py_examples -DCMAKE_INSTALL_PREFIX=/home/eeiww/ud90uhak/arduinobot_ws/src/install/arduinobot_py_examples
[1.616s] Invoking command in '/home/eeiww/ud90uhak/arduinobot_ws/src/build/arduinobot_py_examples': CMAKE_PREFIX_PATH=${CMAKE_PREFIX_PATH}:/opt/ros/jazzy DEBUGINFOD_URLS=https://debuginfod.ubuntu.com /usr/bin/cmake --build /home/eeiww/ud90uhak/arduinobot_ws/src/build/arduinobot_py_examples -- -j8 -l8
[1.661s] Invoked command in '/home/eeiww/ud90uhak/arduinobot_ws/src/build/arduinobot_py_examples' returned '0': CMAKE_PREFIX_PATH=${CMAKE_PREFIX_PATH}:/opt/ros/jazzy DEBUGINFOD_URLS=https://debuginfod.ubuntu.com /usr/bin/cmake --build /home/eeiww/ud90uhak/arduinobot_ws/src/build/arduinobot_py_examples -- -j8 -l8
[1.666s] Invoking command in '/home/eeiww/ud90uhak/arduinobot_ws/src/build/arduinobot_py_examples': CMAKE_PREFIX_PATH=${CMAKE_PREFIX_PATH}:/opt/ros/jazzy DEBUGINFOD_URLS=https://debuginfod.ubuntu.com /usr/bin/cmake --install /home/eeiww/ud90uhak/arduinobot_ws/src/build/arduinobot_py_examples
[1.675s] -- Install configuration: ""
[1.683s] -- Installing: /home/eeiww/ud90uhak/arduinobot_ws/src/install/arduinobot_py_examples/share/ament_index/resource_index/package_run_dependencies/arduinobot_py_examples
[1.697s] -- Installing: /home/eeiww/ud90uhak/arduinobot_ws/src/install/arduinobot_py_examples/share/ament_index/resource_index/parent_prefix_path/arduinobot_py_examples
[1.711s] -- Installing: /home/eeiww/ud90uhak/arduinobot_ws/src/install/arduinobot_py_examples/share/arduinobot_py_examples/environment/ament_prefix_path.sh
[1.716s] -- Installing: /home/eeiww/ud90uhak/arduinobot_ws/src/install/arduinobot_py_examples/share/arduinobot_py_examples/environment/ament_prefix_path.dsv
[1.723s] -- Installing: /home/eeiww/ud90uhak/arduinobot_ws/src/install/arduinobot_py_examples/share/arduinobot_py_examples/environment/path.sh
[1.728s] -- Installing: /home/eeiww/ud90uhak/arduinobot_ws/src/install/arduinobot_py_examples/share/arduinobot_py_examples/environment/path.dsv
[1.734s] -- Installing: /home/eeiww/ud90uhak/arduinobot_ws/src/install/arduinobot_py_examples/share/arduinobot_py_examples/local_setup.bash
[1.740s] -- Installing: /home/eeiww/ud90uhak/arduinobot_ws/src/install/arduinobot_py_examples/share/arduinobot_py_examples/local_setup.sh
[1.748s] -- Installing: /home/eeiww/ud90uhak/arduinobot_ws/src/install/arduinobot_py_examples/share/arduinobot_py_examples/local_setup.zsh
[1.755s] -- Installing: /home/eeiww/ud90uhak/arduinobot_ws/src/install/arduinobot_py_examples/share/arduinobot_py_examples/local_setup.dsv
[1.761s] -- Installing: /home/eeiww/ud90uhak/arduinobot_ws/src/install/arduinobot_py_examples/share/arduinobot_py_examples/package.dsv
[1.771s] -- Installing: /home/eeiww/ud90uhak/arduinobot_ws/src/install/arduinobot_py_examples/share/ament_index/resource_index/packages/arduinobot_py_examples
[1.779s] -- Installing: /home/eeiww/ud90uhak/arduinobot_ws/src/install/arduinobot_py_examples/share/arduinobot_py_examples/cmake/arduinobot_py_examplesConfig.cmake
[1.785s] -- Installing: /home/eeiww/ud90uhak/arduinobot_ws/src/install/arduinobot_py_examples/share/arduinobot_py_examples/cmake/arduinobot_py_examplesConfig-version.cmake
[1.792s] -- Installing: /home/eeiww/ud90uhak/arduinobot_ws/src/install/arduinobot_py_examples/share/arduinobot_py_examples/package.xml
[1.799s] Invoked command in '/home/eeiww/ud90uhak/arduinobot_ws/src/build/arduinobot_py_examples' returned '0': CMAKE_PREFIX_PATH=${CMAKE_PREFIX_PATH}:/opt/ros/jazzy DEBUGINFOD_URLS=https://debuginfod.ubuntu.com /usr/bin/cmake --install /home/eeiww/ud90uhak/arduinobot_ws/src/build/arduinobot_py_examples
