running egg_info
creating ../build/arduinobot_py_examples/arduinobot_py_examples.egg-info
writing ../build/arduinobot_py_examples/arduinobot_py_examples.egg-info/PKG-INFO
writing dependency_links to ../build/arduinobot_py_examples/arduinobot_py_examples.egg-info/dependency_links.txt
writing requirements to ../build/arduinobot_py_examples/arduinobot_py_examples.egg-info/requires.txt
writing top-level names to ../build/arduinobot_py_examples/arduinobot_py_examples.egg-info/top_level.txt
writing manifest file '../build/arduinobot_py_examples/arduinobot_py_examples.egg-info/SOURCES.txt'
reading manifest file '../build/arduinobot_py_examples/arduinobot_py_examples.egg-info/SOURCES.txt'
writing manifest file '../build/arduinobot_py_examples/arduinobot_py_examples.egg-info/SOURCES.txt'
running build
running build_py
creating /home/eeiww/ud90uhak/arduinobot_ws/src/build/arduinobot_py_examples/build
creating /home/eeiww/ud90uhak/arduinobot_ws/src/build/arduinobot_py_examples/build/lib
creating /home/eeiww/ud90uhak/arduinobot_ws/src/build/arduinobot_py_examples/build/lib/arduinobot_py_examples
copying arduinobot_py_examples/__init__.py -> /home/eeiww/ud90uhak/arduinobot_ws/src/build/arduinobot_py_examples/build/lib/arduinobot_py_examples
running install
running install_lib
creating /home/eeiww/ud90uhak/arduinobot_ws/src/install/arduinobot_py_examples/lib/python3.12/site-packages/arduinobot_py_examples
copying /home/eeiww/ud90uhak/arduinobot_ws/src/build/arduinobot_py_examples/build/lib/arduinobot_py_examples/__init__.py -> /home/eeiww/ud90uhak/arduinobot_ws/src/install/arduinobot_py_examples/lib/python3.12/site-packages/arduinobot_py_examples
byte-compiling /home/eeiww/ud90uhak/arduinobot_ws/src/install/arduinobot_py_examples/lib/python3.12/site-packages/arduinobot_py_examples/__init__.py to __init__.cpython-312.pyc
running install_data
copying resource/arduinobot_py_examples -> /home/eeiww/ud90uhak/arduinobot_ws/src/install/arduinobot_py_examples/share/ament_index/resource_index/packages
copying package.xml -> /home/eeiww/ud90uhak/arduinobot_ws/src/install/arduinobot_py_examples/share/arduinobot_py_examples
running install_egg_info
Copying ../build/arduinobot_py_examples/arduinobot_py_examples.egg-info to /home/eeiww/ud90uhak/arduinobot_ws/src/install/arduinobot_py_examples/lib/python3.12/site-packages/arduinobot_py_examples-0.0.0-py3.12.egg-info
running install_scripts
writing list of installed files to '/home/eeiww/ud90uhak/arduinobot_ws/src/build/arduinobot_py_examples/install.log'
