[1.474s] Invoking command in '/home/eeiww/ud90uhak/arduinobot_ws/src/arduinobot_py_examples': DEBUGINFOD_URLS=https://debuginfod.ubuntu.com PYTHONPATH=/home/eeiww/ud90uhak/arduinobot_ws/src/build/arduinobot_py_examples/prefix_override:/usr/lib/python3/dist-packages/colcon_core/task/python/colcon_distutils_commands:/home/eeiww/ud90uhak/arduinobot_ws/src/install/arduinobot_py_examples/lib/python3.12/site-packages:${PYTHONPATH} /usr/bin/python3 -W ignore:setup.py install is deprecated -W ignore:easy_install command is deprecated setup.py egg_info --egg-base ../build/arduinobot_py_examples build --build-base /home/eeiww/ud90uhak/arduinobot_ws/src/build/arduinobot_py_examples/build install --record /home/eeiww/ud90uhak/arduinobot_ws/src/build/arduinobot_py_examples/install.log --single-version-externally-managed install_data
[1.824s] running egg_info
[1.825s] creating ../build/arduinobot_py_examples/arduinobot_py_examples.egg-info
[1.857s] writing ../build/arduinobot_py_examples/arduinobot_py_examples.egg-info/PKG-INFO
[1.861s] writing dependency_links to ../build/arduinobot_py_examples/arduinobot_py_examples.egg-info/dependency_links.txt
[1.864s] writing requirements to ../build/arduinobot_py_examples/arduinobot_py_examples.egg-info/requires.txt
[1.866s] writing top-level names to ../build/arduinobot_py_examples/arduinobot_py_examples.egg-info/top_level.txt
[1.868s] writing manifest file '../build/arduinobot_py_examples/arduinobot_py_examples.egg-info/SOURCES.txt'
[1.938s] reading manifest file '../build/arduinobot_py_examples/arduinobot_py_examples.egg-info/SOURCES.txt'
[1.941s] writing manifest file '../build/arduinobot_py_examples/arduinobot_py_examples.egg-info/SOURCES.txt'
[1.943s] running build
[1.943s] running build_py
[1.944s] creating /home/eeiww/ud90uhak/arduinobot_ws/src/build/arduinobot_py_examples/build
[1.945s] creating /home/eeiww/ud90uhak/arduinobot_ws/src/build/arduinobot_py_examples/build/lib
[1.946s] creating /home/eeiww/ud90uhak/arduinobot_ws/src/build/arduinobot_py_examples/build/lib/arduinobot_py_examples
[1.948s] copying arduinobot_py_examples/__init__.py -> /home/eeiww/ud90uhak/arduinobot_ws/src/build/arduinobot_py_examples/build/lib/arduinobot_py_examples
[1.950s] running install
[1.956s] running install_lib
[1.991s] creating /home/eeiww/ud90uhak/arduinobot_ws/src/install/arduinobot_py_examples/lib/python3.12/site-packages/arduinobot_py_examples
[1.993s] copying /home/eeiww/ud90uhak/arduinobot_ws/src/build/arduinobot_py_examples/build/lib/arduinobot_py_examples/__init__.py -> /home/eeiww/ud90uhak/arduinobot_ws/src/install/arduinobot_py_examples/lib/python3.12/site-packages/arduinobot_py_examples
[1.997s] byte-compiling /home/eeiww/ud90uhak/arduinobot_ws/src/install/arduinobot_py_examples/lib/python3.12/site-packages/arduinobot_py_examples/__init__.py to __init__.cpython-312.pyc
[2.001s] running install_data
[2.003s] copying resource/arduinobot_py_examples -> /home/eeiww/ud90uhak/arduinobot_ws/src/install/arduinobot_py_examples/share/ament_index/resource_index/packages
[2.007s] copying package.xml -> /home/eeiww/ud90uhak/arduinobot_ws/src/install/arduinobot_py_examples/share/arduinobot_py_examples
[2.010s] running install_egg_info
[2.044s] Copying ../build/arduinobot_py_examples/arduinobot_py_examples.egg-info to /home/eeiww/ud90uhak/arduinobot_ws/src/install/arduinobot_py_examples/lib/python3.12/site-packages/arduinobot_py_examples-0.0.0-py3.12.egg-info
[2.074s] running install_scripts
[2.280s] writing list of installed files to '/home/eeiww/ud90uhak/arduinobot_ws/src/build/arduinobot_py_examples/install.log'
[2.305s] Invoked command in '/home/eeiww/ud90uhak/arduinobot_ws/src/arduinobot_py_examples' returned '0': DEBUGINFOD_URLS=https://debuginfod.ubuntu.com PYTHONPATH=/home/eeiww/ud90uhak/arduinobot_ws/src/build/arduinobot_py_examples/prefix_override:/usr/lib/python3/dist-packages/colcon_core/task/python/colcon_distutils_commands:/home/eeiww/ud90uhak/arduinobot_ws/src/install/arduinobot_py_examples/lib/python3.12/site-packages:${PYTHONPATH} /usr/bin/python3 -W ignore:setup.py install is deprecated -W ignore:easy_install command is deprecated setup.py egg_info --egg-base ../build/arduinobot_py_examples build --build-base /home/eeiww/ud90uhak/arduinobot_ws/src/build/arduinobot_py_examples/build install --record /home/eeiww/ud90uhak/arduinobot_ws/src/build/arduinobot_py_examples/install.log --single-version-externally-managed install_data
