[0.076s] Invoking command in '/home/eeiww/ud90uhak/arduinobot_ws/src/build/arduinobot_firmware': CMAKE_PREFIX_PATH=${CMAKE_PREFIX_PATH}:/opt/ros/jazzy DEBUGINFOD_URLS=https://debuginfod.ubuntu.com /usr/bin/cmake --build /home/eeiww/ud90uhak/arduinobot_ws/src/build/arduinobot_firmware -- -j8 -l8
[0.121s] -- Found ament_cmake: 2.5.3 (/opt/ros/jazzy/share/ament_cmake/cmake)
[0.347s] -- Found rclcpp: 28.1.6 (/opt/ros/jazzy/share/rclcpp/cmake)
[0.434s] -- Found rosidl_generator_c: 4.6.5 (/opt/ros/jazzy/share/rosidl_generator_c/cmake)
[0.461s] -- Found rosidl_generator_cpp: 4.6.5 (/opt/ros/jazzy/share/rosidl_generator_cpp/cmake)
[0.495s] -- Using all available rosidl_typesupport_c: rosidl_typesupport_fastrtps_c;rosidl_typesupport_introspection_c
[0.527s] -- Using all available rosidl_typesupport_cpp: rosidl_typesupport_fastrtps_cpp;rosidl_typesupport_introspection_cpp
[0.652s] -- Found rmw_implementation_cmake: 7.3.1 (/opt/ros/jazzy/share/rmw_implementation_cmake/cmake)
[0.660s] -- Found rmw_fastrtps_cpp: 8.4.1 (/opt/ros/jazzy/share/rmw_fastrtps_cpp/cmake)
[0.758s] -- Found OpenSSL: /usr/lib/x86_64-linux-gnu/libcrypto.so (found version "3.0.13")  
[0.777s] -- Found FastRTPS: /opt/ros/jazzy/include (Required is at least version "2.13") 
[0.798s] -- Using RMW implementation 'rmw_fastrtps_cpp' as default
[0.912s] -- Found std_msgs: 5.3.5 (/opt/ros/jazzy/share/std_msgs/cmake)
[0.932s] -- Found rclpy: 7.1.3 (/opt/ros/jazzy/share/rclpy/cmake)
[0.935s] -- Found PkgConfig: /usr/bin/pkg-config (found version "1.8.1") 
[0.936s] -- Checking for module 'libserial'
[0.945s] --   Found libserial, version 1.0.0
[1.088s] -- Found ament_lint_auto: 0.17.1 (/opt/ros/jazzy/share/ament_lint_auto/cmake)
[1.256s] -- Added test 'flake8' to check Python code syntax and style conventions
[1.256s] -- Configured 'flake8' exclude dirs and/or files: 
[1.271s] -- Added test 'lint_cmake' to check CMake code style
[1.276s] -- Added test 'pep257' to check Python code against some of the docstring style conventions in PEP 257
[1.330s] -- Added test 'xmllint' to check XML markup files
[1.349s] -- Configuring done (1.2s)
[1.386s] [31mCMake Error at CMakeLists.txt:19 (add_executable):
[1.387s]   Cannot find source file:
[1.387s] 
[1.387s]     src/simple_serial_receiver.cpp
[1.388s] 
[1.388s]   Tried extensions .c .C .c++ .cc .cpp .cxx .cu .mpp .m .M .mm .ixx .cppm
[1.389s]   .ccm .cxxm .c++m .h .hh .h++ .hm .hpp .hxx .in .txx .f .F .for .f77 .f90
[1.389s]   .f95 .f03 .hip .ispc
[1.390s] 
[1.390s] [0m
[1.403s] [31mCMake Error at CMakeLists.txt:26 (add_executable):
[1.404s]   Cannot find source file:
[1.405s] 
[1.406s]     src/simple_serial_transmitter.cpp
[1.406s] 
[1.406s]   Tried extensions .c .C .c++ .cc .cpp .cxx .cu .mpp .m .M .mm .ixx .cppm
[1.407s]   .ccm .cxxm .c++m .h .hh .h++ .hm .hpp .hxx .in .txx .f .F .for .f77 .f90
[1.408s]   .f95 .f03 .hip .ispc
[1.408s] 
[1.408s] [0m
[1.409s] [31mCMake Error at CMakeLists.txt:19 (add_executable):
[1.410s]   No SOURCES given to target: simple_serial_receiver
[1.410s] 
[1.411s] [0m
[1.411s] [31mCMake Error at CMakeLists.txt:26 (add_executable):
[1.412s]   No SOURCES given to target: simple_serial_transmitter
[1.413s] 
[1.414s] [0m
[1.414s] [0mCMake Generate step failed.  Build files cannot be regenerated correctly.[0m
[1.414s] gmake: *** [Makefile:226: cmake_check_build_system] Error 1
